ARM GAS  C:\Users\MOROSH~1\AppData\Local\Temp\ccFOzDZd.s 			page 1


   1              		.cpu cortex-m4
   2              		.arch armv7e-m
   3              		.fpu fpv4-sp-d16
   4              		.eabi_attribute 27, 1
   5              		.eabi_attribute 28, 1
   6              		.eabi_attribute 20, 1
   7              		.eabi_attribute 21, 1
   8              		.eabi_attribute 23, 3
   9              		.eabi_attribute 24, 1
  10              		.eabi_attribute 25, 1
  11              		.eabi_attribute 26, 1
  12              		.eabi_attribute 30, 1
  13              		.eabi_attribute 34, 1
  14              		.eabi_attribute 18, 4
  15              		.file	"u8g2_cleardisplay.c"
  16              		.text
  17              	.Ltext0:
  18              		.cfi_sections	.debug_frame
  19              		.section	.text.u8g2_ClearDisplay,"ax",%progbits
  20              		.align	1
  21              		.global	u8g2_ClearDisplay
  22              		.syntax unified
  23              		.thumb
  24              		.thumb_func
  26              	u8g2_ClearDisplay:
  27              	.LVL0:
  28              	.LFB0:
  29              		.file 1 "Core/Src/u8g2/Src/u8g2_cleardisplay.c"
   1:Core/Src/u8g2/Src/u8g2_cleardisplay.c **** /*
   2:Core/Src/u8g2/Src/u8g2_cleardisplay.c **** 
   3:Core/Src/u8g2/Src/u8g2_cleardisplay.c ****   u8g2_cleardisplay.c
   4:Core/Src/u8g2/Src/u8g2_cleardisplay.c **** 
   5:Core/Src/u8g2/Src/u8g2_cleardisplay.c ****   Universal 8bit Graphics Library (https://github.com/olikraus/u8g2/)
   6:Core/Src/u8g2/Src/u8g2_cleardisplay.c **** 
   7:Core/Src/u8g2/Src/u8g2_cleardisplay.c ****   Copyright (c) 2016, olikraus@gmail.com
   8:Core/Src/u8g2/Src/u8g2_cleardisplay.c ****   All rights reserved.
   9:Core/Src/u8g2/Src/u8g2_cleardisplay.c **** 
  10:Core/Src/u8g2/Src/u8g2_cleardisplay.c ****   Redistribution and use in source and binary forms, with or without modification, 
  11:Core/Src/u8g2/Src/u8g2_cleardisplay.c ****   are permitted provided that the following conditions are met:
  12:Core/Src/u8g2/Src/u8g2_cleardisplay.c **** 
  13:Core/Src/u8g2/Src/u8g2_cleardisplay.c ****   * Redistributions of source code must retain the above copyright notice, this list 
  14:Core/Src/u8g2/Src/u8g2_cleardisplay.c ****     of conditions and the following disclaimer.
  15:Core/Src/u8g2/Src/u8g2_cleardisplay.c ****     
  16:Core/Src/u8g2/Src/u8g2_cleardisplay.c ****   * Redistributions in binary form must reproduce the above copyright notice, this 
  17:Core/Src/u8g2/Src/u8g2_cleardisplay.c ****     list of conditions and the following disclaimer in the documentation and/or other 
  18:Core/Src/u8g2/Src/u8g2_cleardisplay.c ****     materials provided with the distribution.
  19:Core/Src/u8g2/Src/u8g2_cleardisplay.c **** 
  20:Core/Src/u8g2/Src/u8g2_cleardisplay.c ****   THIS SOFTWARE IS PROVIDED BY THE COPYRIGHT HOLDERS AND 
  21:Core/Src/u8g2/Src/u8g2_cleardisplay.c ****   CONTRIBUTORS "AS IS" AND ANY EXPRESS OR IMPLIED WARRANTIES, 
  22:Core/Src/u8g2/Src/u8g2_cleardisplay.c ****   INCLUDING, BUT NOT LIMITED TO, THE IMPLIED WARRANTIES OF 
  23:Core/Src/u8g2/Src/u8g2_cleardisplay.c ****   MERCHANTABILITY AND FITNESS FOR A PARTICULAR PURPOSE ARE 
  24:Core/Src/u8g2/Src/u8g2_cleardisplay.c ****   DISCLAIMED. IN NO EVENT SHALL THE COPYRIGHT HOLDER OR 
  25:Core/Src/u8g2/Src/u8g2_cleardisplay.c ****   CONTRIBUTORS BE LIABLE FOR ANY DIRECT, INDIRECT, INCIDENTAL, 
  26:Core/Src/u8g2/Src/u8g2_cleardisplay.c ****   SPECIAL, EXEMPLARY, OR CONSEQUENTIAL DAMAGES (INCLUDING, BUT 
  27:Core/Src/u8g2/Src/u8g2_cleardisplay.c ****   NOT LIMITED TO, PROCUREMENT OF SUBSTITUTE GOODS OR SERVICES; 
  28:Core/Src/u8g2/Src/u8g2_cleardisplay.c ****   LOSS OF USE, DATA, OR PROFITS; OR BUSINESS INTERRUPTION) HOWEVER 
  29:Core/Src/u8g2/Src/u8g2_cleardisplay.c ****   CAUSED AND ON ANY THEORY OF LIABILITY, WHETHER IN CONTRACT, 
ARM GAS  C:\Users\MOROSH~1\AppData\Local\Temp\ccFOzDZd.s 			page 2


  30:Core/Src/u8g2/Src/u8g2_cleardisplay.c ****   STRICT LIABILITY, OR TORT (INCLUDING NEGLIGENCE OR OTHERWISE) 
  31:Core/Src/u8g2/Src/u8g2_cleardisplay.c ****   ARISING IN ANY WAY OUT OF THE USE OF THIS SOFTWARE, EVEN IF 
  32:Core/Src/u8g2/Src/u8g2_cleardisplay.c ****   ADVISED OF THE POSSIBILITY OF SUCH DAMAGE.  
  33:Core/Src/u8g2/Src/u8g2_cleardisplay.c **** 
  34:Core/Src/u8g2/Src/u8g2_cleardisplay.c **** */
  35:Core/Src/u8g2/Src/u8g2_cleardisplay.c **** #include "u8g2.h"
  36:Core/Src/u8g2/Src/u8g2_cleardisplay.c **** 
  37:Core/Src/u8g2/Src/u8g2_cleardisplay.c **** /* Clear screen buffer & display reliable for all u8g2 displays. */
  38:Core/Src/u8g2/Src/u8g2_cleardisplay.c **** /* This is done with u8g2 picture loop, because we can not use the u8x8 function in all cases */
  39:Core/Src/u8g2/Src/u8g2_cleardisplay.c **** void u8g2_ClearDisplay(u8g2_t *u8g2)
  40:Core/Src/u8g2/Src/u8g2_cleardisplay.c **** {
  30              		.loc 1 40 1 view -0
  31              		.cfi_startproc
  32              		@ args = 0, pretend = 0, frame = 0
  33              		@ frame_needed = 0, uses_anonymous_args = 0
  34              		.loc 1 40 1 is_stmt 0 view .LVU1
  35 0000 10B5     		push	{r4, lr}
  36              	.LCFI0:
  37              		.cfi_def_cfa_offset 8
  38              		.cfi_offset 4, -8
  39              		.cfi_offset 14, -4
  40 0002 0446     		mov	r4, r0
  41:Core/Src/u8g2/Src/u8g2_cleardisplay.c ****   u8g2_FirstPage(u8g2);
  41              		.loc 1 41 3 is_stmt 1 view .LVU2
  42 0004 FFF7FEFF 		bl	u8g2_FirstPage
  43              	.LVL1:
  44              	.L2:
  42:Core/Src/u8g2/Src/u8g2_cleardisplay.c ****   do {
  45              		.loc 1 42 3 discriminator 1 view .LVU3
  43:Core/Src/u8g2/Src/u8g2_cleardisplay.c ****   } while ( u8g2_NextPage(u8g2) );
  46              		.loc 1 43 3 discriminator 1 view .LVU4
  47              		.loc 1 43 11 discriminator 1 view .LVU5
  48              		.loc 1 43 13 is_stmt 0 discriminator 1 view .LVU6
  49 0008 2046     		mov	r0, r4
  50 000a FFF7FEFF 		bl	u8g2_NextPage
  51              	.LVL2:
  52              		.loc 1 43 3 discriminator 1 view .LVU7
  53 000e 0028     		cmp	r0, #0
  54 0010 FAD1     		bne	.L2
  44:Core/Src/u8g2/Src/u8g2_cleardisplay.c ****   /* 
  45:Core/Src/u8g2/Src/u8g2_cleardisplay.c ****     This function is usually called during startup (u8g2.begin()).
  46:Core/Src/u8g2/Src/u8g2_cleardisplay.c ****     However the user might want to use full buffer mode with clear and 
  47:Core/Src/u8g2/Src/u8g2_cleardisplay.c ****     send commands.
  48:Core/Src/u8g2/Src/u8g2_cleardisplay.c ****     This will not work because the current tile row is modified by the picture 
  49:Core/Src/u8g2/Src/u8g2_cleardisplay.c ****     loop above. To fix this, reset the tile row to 0, issue #370
  50:Core/Src/u8g2/Src/u8g2_cleardisplay.c ****     A workaround would be, that the user sets the current tile row to 0 manually.
  51:Core/Src/u8g2/Src/u8g2_cleardisplay.c ****   */
  52:Core/Src/u8g2/Src/u8g2_cleardisplay.c ****   u8g2_SetBufferCurrTileRow(u8g2, 0);  
  55              		.loc 1 52 3 is_stmt 1 view .LVU8
  56 0012 0021     		movs	r1, #0
  57 0014 2046     		mov	r0, r4
  58 0016 FFF7FEFF 		bl	u8g2_SetBufferCurrTileRow
  59              	.LVL3:
  53:Core/Src/u8g2/Src/u8g2_cleardisplay.c **** }
  60              		.loc 1 53 1 is_stmt 0 view .LVU9
  61 001a 10BD     		pop	{r4, pc}
  62              		.loc 1 53 1 view .LVU10
ARM GAS  C:\Users\MOROSH~1\AppData\Local\Temp\ccFOzDZd.s 			page 3


  63              		.cfi_endproc
  64              	.LFE0:
  66              		.text
  67              	.Letext0:
  68              		.file 2 "c:\\program files (x86)\\gnu arm embedded toolchain\\10 2021.10\\arm-none-eabi\\include\\
  69              		.file 3 "c:\\program files (x86)\\gnu arm embedded toolchain\\10 2021.10\\arm-none-eabi\\include\\
  70              		.file 4 "Core/Src/u8g2/Inc/u8x8.h"
  71              		.file 5 "Core/Src/u8g2/Inc/u8g2.h"
ARM GAS  C:\Users\MOROSH~1\AppData\Local\Temp\ccFOzDZd.s 			page 4


DEFINED SYMBOLS
                            *ABS*:00000000 u8g2_cleardisplay.c
C:\Users\MOROSH~1\AppData\Local\Temp\ccFOzDZd.s:20     .text.u8g2_ClearDisplay:00000000 $t
C:\Users\MOROSH~1\AppData\Local\Temp\ccFOzDZd.s:26     .text.u8g2_ClearDisplay:00000000 u8g2_ClearDisplay

UNDEFINED SYMBOLS
u8g2_FirstPage
u8g2_NextPage
u8g2_SetBufferCurrTileRow
