ARM GAS  C:\Users\MOROSH~1\AppData\Local\Temp\ccRPzaYi.s 			page 1


   1              		.cpu cortex-m4
   2              		.arch armv7e-m
   3              		.fpu fpv4-sp-d16
   4              		.eabi_attribute 27, 1
   5              		.eabi_attribute 28, 1
   6              		.eabi_attribute 20, 1
   7              		.eabi_attribute 21, 1
   8              		.eabi_attribute 23, 3
   9              		.eabi_attribute 24, 1
  10              		.eabi_attribute 25, 1
  11              		.eabi_attribute 26, 1
  12              		.eabi_attribute 30, 1
  13              		.eabi_attribute 34, 1
  14              		.eabi_attribute 18, 4
  15              		.file	"u8g2_message.c"
  16              		.text
  17              	.Ltext0:
  18              		.cfi_sections	.debug_frame
  19              		.section	.text.u8g2_draw_button_line,"ax",%progbits
  20              		.align	1
  21              		.global	u8g2_draw_button_line
  22              		.syntax unified
  23              		.thumb
  24              		.thumb_func
  26              	u8g2_draw_button_line:
  27              	.LVL0:
  28              	.LFB0:
  29              		.file 1 "Core/Src/u8g2/Src/u8g2_message.c"
   1:Core/Src/u8g2/Src/u8g2_message.c **** /*
   2:Core/Src/u8g2/Src/u8g2_message.c **** 
   3:Core/Src/u8g2/Src/u8g2_message.c ****   u8g2_message.c
   4:Core/Src/u8g2/Src/u8g2_message.c ****   
   5:Core/Src/u8g2/Src/u8g2_message.c ****   Universal 8bit Graphics Library (https://github.com/olikraus/u8g2/)
   6:Core/Src/u8g2/Src/u8g2_message.c **** 
   7:Core/Src/u8g2/Src/u8g2_message.c ****   Copyright (c) 2016, olikraus@gmail.com
   8:Core/Src/u8g2/Src/u8g2_message.c ****   All rights reserved.
   9:Core/Src/u8g2/Src/u8g2_message.c **** 
  10:Core/Src/u8g2/Src/u8g2_message.c ****   Redistribution and use in source and binary forms, with or without modification, 
  11:Core/Src/u8g2/Src/u8g2_message.c ****   are permitted provided that the following conditions are met:
  12:Core/Src/u8g2/Src/u8g2_message.c **** 
  13:Core/Src/u8g2/Src/u8g2_message.c ****   * Redistributions of source code must retain the above copyright notice, this list 
  14:Core/Src/u8g2/Src/u8g2_message.c ****     of conditions and the following disclaimer.
  15:Core/Src/u8g2/Src/u8g2_message.c ****     
  16:Core/Src/u8g2/Src/u8g2_message.c ****   * Redistributions in binary form must reproduce the above copyright notice, this 
  17:Core/Src/u8g2/Src/u8g2_message.c ****     list of conditions and the following disclaimer in the documentation and/or other 
  18:Core/Src/u8g2/Src/u8g2_message.c ****     materials provided with the distribution.
  19:Core/Src/u8g2/Src/u8g2_message.c **** 
  20:Core/Src/u8g2/Src/u8g2_message.c ****   THIS SOFTWARE IS PROVIDED BY THE COPYRIGHT HOLDERS AND 
  21:Core/Src/u8g2/Src/u8g2_message.c ****   CONTRIBUTORS "AS IS" AND ANY EXPRESS OR IMPLIED WARRANTIES, 
  22:Core/Src/u8g2/Src/u8g2_message.c ****   INCLUDING, BUT NOT LIMITED TO, THE IMPLIED WARRANTIES OF 
  23:Core/Src/u8g2/Src/u8g2_message.c ****   MERCHANTABILITY AND FITNESS FOR A PARTICULAR PURPOSE ARE 
  24:Core/Src/u8g2/Src/u8g2_message.c ****   DISCLAIMED. IN NO EVENT SHALL THE COPYRIGHT HOLDER OR 
  25:Core/Src/u8g2/Src/u8g2_message.c ****   CONTRIBUTORS BE LIABLE FOR ANY DIRECT, INDIRECT, INCIDENTAL, 
  26:Core/Src/u8g2/Src/u8g2_message.c ****   SPECIAL, EXEMPLARY, OR CONSEQUENTIAL DAMAGES (INCLUDING, BUT 
  27:Core/Src/u8g2/Src/u8g2_message.c ****   NOT LIMITED TO, PROCUREMENT OF SUBSTITUTE GOODS OR SERVICES; 
  28:Core/Src/u8g2/Src/u8g2_message.c ****   LOSS OF USE, DATA, OR PROFITS; OR BUSINESS INTERRUPTION) HOWEVER 
  29:Core/Src/u8g2/Src/u8g2_message.c ****   CAUSED AND ON ANY THEORY OF LIABILITY, WHETHER IN CONTRACT, 
ARM GAS  C:\Users\MOROSH~1\AppData\Local\Temp\ccRPzaYi.s 			page 2


  30:Core/Src/u8g2/Src/u8g2_message.c ****   STRICT LIABILITY, OR TORT (INCLUDING NEGLIGENCE OR OTHERWISE) 
  31:Core/Src/u8g2/Src/u8g2_message.c ****   ARISING IN ANY WAY OUT OF THE USE OF THIS SOFTWARE, EVEN IF 
  32:Core/Src/u8g2/Src/u8g2_message.c ****   ADVISED OF THE POSSIBILITY OF SUCH DAMAGE.  
  33:Core/Src/u8g2/Src/u8g2_message.c ****   
  34:Core/Src/u8g2/Src/u8g2_message.c **** */
  35:Core/Src/u8g2/Src/u8g2_message.c **** 
  36:Core/Src/u8g2/Src/u8g2_message.c **** #include "u8g2.h"
  37:Core/Src/u8g2/Src/u8g2_message.c **** 
  38:Core/Src/u8g2/Src/u8g2_message.c **** #define SPACE_BETWEEN_BUTTONS_IN_PIXEL 6
  39:Core/Src/u8g2/Src/u8g2_message.c **** #define SPACE_BETWEEN_TEXT_AND_BUTTONS_IN_PIXEL 3
  40:Core/Src/u8g2/Src/u8g2_message.c **** 
  41:Core/Src/u8g2/Src/u8g2_message.c **** uint8_t u8g2_draw_button_line(u8g2_t *u8g2, u8g2_uint_t y, u8g2_uint_t w, uint8_t cursor, const cha
  42:Core/Src/u8g2/Src/u8g2_message.c **** {
  30              		.loc 1 42 1 view -0
  31              		.cfi_startproc
  32              		@ args = 4, pretend = 0, frame = 0
  33              		@ frame_needed = 0, uses_anonymous_args = 0
  34              		.loc 1 42 1 is_stmt 0 view .LVU1
  35 0000 2DE9F04F 		push	{r4, r5, r6, r7, r8, r9, r10, fp, lr}
  36              	.LCFI0:
  37              		.cfi_def_cfa_offset 36
  38              		.cfi_offset 4, -36
  39              		.cfi_offset 5, -32
  40              		.cfi_offset 6, -28
  41              		.cfi_offset 7, -24
  42              		.cfi_offset 8, -20
  43              		.cfi_offset 9, -16
  44              		.cfi_offset 10, -12
  45              		.cfi_offset 11, -8
  46              		.cfi_offset 14, -4
  47 0004 85B0     		sub	sp, sp, #20
  48              	.LCFI1:
  49              		.cfi_def_cfa_offset 56
  50 0006 0546     		mov	r5, r0
  51 0008 8846     		mov	r8, r1
  52 000a 9246     		mov	r10, r2
  53 000c 9946     		mov	r9, r3
  54 000e 0E9E     		ldr	r6, [sp, #56]
  43:Core/Src/u8g2/Src/u8g2_message.c ****   u8g2_uint_t button_line_width;
  55              		.loc 1 43 3 is_stmt 1 view .LVU2
  44:Core/Src/u8g2/Src/u8g2_message.c **** 	
  45:Core/Src/u8g2/Src/u8g2_message.c ****   uint8_t i;
  56              		.loc 1 45 3 view .LVU3
  46:Core/Src/u8g2/Src/u8g2_message.c ****   uint8_t cnt;
  57              		.loc 1 46 3 view .LVU4
  47:Core/Src/u8g2/Src/u8g2_message.c ****   uint8_t is_invert;
  58              		.loc 1 47 3 view .LVU5
  48:Core/Src/u8g2/Src/u8g2_message.c **** 	
  49:Core/Src/u8g2/Src/u8g2_message.c ****   u8g2_uint_t d;
  59              		.loc 1 49 3 view .LVU6
  50:Core/Src/u8g2/Src/u8g2_message.c ****   u8g2_uint_t x;
  60              		.loc 1 50 3 view .LVU7
  51:Core/Src/u8g2/Src/u8g2_message.c **** 	
  52:Core/Src/u8g2/Src/u8g2_message.c ****   cnt = u8x8_GetStringLineCnt(s);
  61              		.loc 1 52 3 view .LVU8
  62              		.loc 1 52 9 is_stmt 0 view .LVU9
  63 0010 3046     		mov	r0, r6
ARM GAS  C:\Users\MOROSH~1\AppData\Local\Temp\ccRPzaYi.s 			page 3


  64              	.LVL1:
  65              		.loc 1 52 9 view .LVU10
  66 0012 FFF7FEFF 		bl	u8x8_GetStringLineCnt
  67              	.LVL2:
  68              		.loc 1 52 9 view .LVU11
  69 0016 0746     		mov	r7, r0
  70              	.LVL3:
  53:Core/Src/u8g2/Src/u8g2_message.c ****   
  54:Core/Src/u8g2/Src/u8g2_message.c **** 	
  55:Core/Src/u8g2/Src/u8g2_message.c ****   /* calculate the width of the button line */
  56:Core/Src/u8g2/Src/u8g2_message.c ****   button_line_width = 0;
  71              		.loc 1 56 3 is_stmt 1 view .LVU12
  57:Core/Src/u8g2/Src/u8g2_message.c ****   for( i = 0; i < cnt; i++ )
  72              		.loc 1 57 3 view .LVU13
  73              		.loc 1 57 10 is_stmt 0 view .LVU14
  74 0018 0024     		movs	r4, #0
  56:Core/Src/u8g2/Src/u8g2_message.c ****   for( i = 0; i < cnt; i++ )
  75              		.loc 1 56 21 view .LVU15
  76 001a A346     		mov	fp, r4
  77              		.loc 1 57 3 view .LVU16
  78 001c 0CE0     		b	.L2
  79              	.LVL4:
  80              	.L3:
  58:Core/Src/u8g2/Src/u8g2_message.c ****   {
  59:Core/Src/u8g2/Src/u8g2_message.c ****     button_line_width += u8g2_GetUTF8Width(u8g2, u8x8_GetStringLineStart(i, s));
  81              		.loc 1 59 5 is_stmt 1 discriminator 3 view .LVU17
  82              		.loc 1 59 26 is_stmt 0 discriminator 3 view .LVU18
  83 001e 3146     		mov	r1, r6
  84 0020 2046     		mov	r0, r4
  85 0022 FFF7FEFF 		bl	u8x8_GetStringLineStart
  86              	.LVL5:
  87 0026 0146     		mov	r1, r0
  88 0028 2846     		mov	r0, r5
  89 002a FFF7FEFF 		bl	u8g2_GetUTF8Width
  90              	.LVL6:
  91              		.loc 1 59 23 discriminator 3 view .LVU19
  92 002e 5844     		add	r0, r0, fp
  93 0030 1FFA80FB 		uxth	fp, r0
  94              	.LVL7:
  57:Core/Src/u8g2/Src/u8g2_message.c ****   {
  95              		.loc 1 57 24 is_stmt 1 discriminator 3 view .LVU20
  57:Core/Src/u8g2/Src/u8g2_message.c ****   {
  96              		.loc 1 57 25 is_stmt 0 discriminator 3 view .LVU21
  97 0034 0134     		adds	r4, r4, #1
  98              	.LVL8:
  57:Core/Src/u8g2/Src/u8g2_message.c ****   {
  99              		.loc 1 57 25 discriminator 3 view .LVU22
 100 0036 E4B2     		uxtb	r4, r4
 101              	.LVL9:
 102              	.L2:
  57:Core/Src/u8g2/Src/u8g2_message.c ****   {
 103              		.loc 1 57 15 is_stmt 1 discriminator 1 view .LVU23
  57:Core/Src/u8g2/Src/u8g2_message.c ****   {
 104              		.loc 1 57 3 is_stmt 0 discriminator 1 view .LVU24
 105 0038 BC42     		cmp	r4, r7
 106 003a F0D3     		bcc	.L3
  60:Core/Src/u8g2/Src/u8g2_message.c ****   }
ARM GAS  C:\Users\MOROSH~1\AppData\Local\Temp\ccRPzaYi.s 			page 4


  61:Core/Src/u8g2/Src/u8g2_message.c ****   button_line_width += (cnt-1)*SPACE_BETWEEN_BUTTONS_IN_PIXEL;	/* add some space between the button
 107              		.loc 1 61 3 is_stmt 1 view .LVU25
 108              		.loc 1 61 28 is_stmt 0 view .LVU26
 109 003c 781E     		subs	r0, r7, #1
 110              		.loc 1 61 21 view .LVU27
 111 003e 00EB4000 		add	r0, r0, r0, lsl #1
 112 0042 0BEB4000 		add	r0, fp, r0, lsl #1
 113 0046 80B2     		uxth	r0, r0
 114              	.LVL10:
  62:Core/Src/u8g2/Src/u8g2_message.c ****   
  63:Core/Src/u8g2/Src/u8g2_message.c ****   /* calculate the left offset */
  64:Core/Src/u8g2/Src/u8g2_message.c ****   d = 0;
 115              		.loc 1 64 3 is_stmt 1 view .LVU28
  65:Core/Src/u8g2/Src/u8g2_message.c ****   if ( button_line_width < w )
 116              		.loc 1 65 3 view .LVU29
 117              		.loc 1 65 6 is_stmt 0 view .LVU30
 118 0048 5045     		cmp	r0, r10
 119 004a 05D2     		bcs	.L8
  66:Core/Src/u8g2/Src/u8g2_message.c ****   {
  67:Core/Src/u8g2/Src/u8g2_message.c ****     d = w;
 120              		.loc 1 67 5 is_stmt 1 view .LVU31
 121              	.LVL11:
  68:Core/Src/u8g2/Src/u8g2_message.c ****     d -= button_line_width;
 122              		.loc 1 68 5 view .LVU32
 123              		.loc 1 68 7 is_stmt 0 view .LVU33
 124 004c AAEB000C 		sub	ip, r10, r0
 125              	.LVL12:
  69:Core/Src/u8g2/Src/u8g2_message.c ****     d /= 2;
 126              		.loc 1 69 5 is_stmt 1 view .LVU34
 127              		.loc 1 69 7 is_stmt 0 view .LVU35
 128 0050 CCF34E0A 		ubfx	r10, ip, #1, #15
 129              	.LVL13:
 130              	.L4:
  70:Core/Src/u8g2/Src/u8g2_message.c ****   }
  71:Core/Src/u8g2/Src/u8g2_message.c ****   
  72:Core/Src/u8g2/Src/u8g2_message.c ****   /* draw the buttons */
  73:Core/Src/u8g2/Src/u8g2_message.c ****   x = d;
  74:Core/Src/u8g2/Src/u8g2_message.c ****   for( i = 0; i < cnt; i++ )
  75:Core/Src/u8g2/Src/u8g2_message.c ****   {
  76:Core/Src/u8g2/Src/u8g2_message.c ****     is_invert = 0;
 131              		.loc 1 76 15 discriminator 1 view .LVU36
 132 0054 0024     		movs	r4, #0
 133              	.LVL14:
 134              		.loc 1 76 15 discriminator 1 view .LVU37
 135 0056 25E0     		b	.L5
 136              	.LVL15:
 137              	.L8:
  64:Core/Src/u8g2/Src/u8g2_message.c ****   if ( button_line_width < w )
 138              		.loc 1 64 5 view .LVU38
 139 0058 4FF0000A 		mov	r10, #0
 140 005c FAE7     		b	.L4
 141              	.LVL16:
 142              	.L9:
  77:Core/Src/u8g2/Src/u8g2_message.c ****     if ( i == cursor )
  78:Core/Src/u8g2/Src/u8g2_message.c ****       is_invert = 1;
 143              		.loc 1 78 17 view .LVU39
 144 005e 4FF0010B 		mov	fp, #1
ARM GAS  C:\Users\MOROSH~1\AppData\Local\Temp\ccRPzaYi.s 			page 5


 145              	.L6:
 146              	.LVL17:
  79:Core/Src/u8g2/Src/u8g2_message.c **** 
  80:Core/Src/u8g2/Src/u8g2_message.c ****     u8g2_DrawUTF8Line(u8g2, x, y, 0, u8x8_GetStringLineStart(i, s), 1, is_invert);
 147              		.loc 1 80 5 is_stmt 1 discriminator 2 view .LVU40
 148 0062 3146     		mov	r1, r6
 149 0064 2046     		mov	r0, r4
 150 0066 FFF7FEFF 		bl	u8x8_GetStringLineStart
 151              	.LVL18:
 152 006a CDF808B0 		str	fp, [sp, #8]
 153 006e 0123     		movs	r3, #1
 154 0070 0193     		str	r3, [sp, #4]
 155 0072 0090     		str	r0, [sp]
 156 0074 0023     		movs	r3, #0
 157 0076 4246     		mov	r2, r8
 158 0078 5146     		mov	r1, r10
 159 007a 2846     		mov	r0, r5
 160 007c FFF7FEFF 		bl	u8g2_DrawUTF8Line
 161              	.LVL19:
  81:Core/Src/u8g2/Src/u8g2_message.c ****     x += u8g2_GetUTF8Width(u8g2, u8x8_GetStringLineStart(i, s));
 162              		.loc 1 81 5 discriminator 2 view .LVU41
 163              		.loc 1 81 10 is_stmt 0 discriminator 2 view .LVU42
 164 0080 3146     		mov	r1, r6
 165 0082 2046     		mov	r0, r4
 166 0084 FFF7FEFF 		bl	u8x8_GetStringLineStart
 167              	.LVL20:
 168 0088 0146     		mov	r1, r0
 169 008a 2846     		mov	r0, r5
 170 008c FFF7FEFF 		bl	u8g2_GetUTF8Width
 171              	.LVL21:
 172              		.loc 1 81 7 discriminator 2 view .LVU43
 173 0090 0AEB000C 		add	ip, r10, r0
 174 0094 1FFA8CFC 		uxth	ip, ip
 175              	.LVL22:
  82:Core/Src/u8g2/Src/u8g2_message.c ****     x += SPACE_BETWEEN_BUTTONS_IN_PIXEL;
 176              		.loc 1 82 5 is_stmt 1 discriminator 2 view .LVU44
 177              		.loc 1 82 7 is_stmt 0 discriminator 2 view .LVU45
 178 0098 0CF1060C 		add	ip, ip, #6
 179              	.LVL23:
 180              		.loc 1 82 7 discriminator 2 view .LVU46
 181 009c 1FFA8CFA 		uxth	r10, ip
 182              	.LVL24:
  74:Core/Src/u8g2/Src/u8g2_message.c ****   {
 183              		.loc 1 74 24 is_stmt 1 discriminator 2 view .LVU47
  74:Core/Src/u8g2/Src/u8g2_message.c ****   {
 184              		.loc 1 74 25 is_stmt 0 discriminator 2 view .LVU48
 185 00a0 0134     		adds	r4, r4, #1
 186              	.LVL25:
  74:Core/Src/u8g2/Src/u8g2_message.c ****   {
 187              		.loc 1 74 25 discriminator 2 view .LVU49
 188 00a2 E4B2     		uxtb	r4, r4
 189              	.LVL26:
 190              	.L5:
  74:Core/Src/u8g2/Src/u8g2_message.c ****   {
 191              		.loc 1 74 15 is_stmt 1 discriminator 1 view .LVU50
  74:Core/Src/u8g2/Src/u8g2_message.c ****   {
 192              		.loc 1 74 3 is_stmt 0 discriminator 1 view .LVU51
ARM GAS  C:\Users\MOROSH~1\AppData\Local\Temp\ccRPzaYi.s 			page 6


 193 00a4 BC42     		cmp	r4, r7
 194 00a6 04D2     		bcs	.L11
  76:Core/Src/u8g2/Src/u8g2_message.c ****     if ( i == cursor )
 195              		.loc 1 76 5 is_stmt 1 view .LVU52
 196              	.LVL27:
  77:Core/Src/u8g2/Src/u8g2_message.c ****       is_invert = 1;
 197              		.loc 1 77 5 view .LVU53
  77:Core/Src/u8g2/Src/u8g2_message.c ****       is_invert = 1;
 198              		.loc 1 77 8 is_stmt 0 view .LVU54
 199 00a8 4C45     		cmp	r4, r9
 200 00aa D8D0     		beq	.L9
  76:Core/Src/u8g2/Src/u8g2_message.c ****     if ( i == cursor )
 201              		.loc 1 76 15 view .LVU55
 202 00ac 4FF0000B 		mov	fp, #0
 203 00b0 D7E7     		b	.L6
 204              	.LVL28:
 205              	.L11:
  83:Core/Src/u8g2/Src/u8g2_message.c ****   }
  84:Core/Src/u8g2/Src/u8g2_message.c ****   
  85:Core/Src/u8g2/Src/u8g2_message.c ****   /* return the number of buttons */
  86:Core/Src/u8g2/Src/u8g2_message.c ****   return cnt;
 206              		.loc 1 86 3 is_stmt 1 view .LVU56
  87:Core/Src/u8g2/Src/u8g2_message.c **** }
 207              		.loc 1 87 1 is_stmt 0 view .LVU57
 208 00b2 3846     		mov	r0, r7
 209 00b4 05B0     		add	sp, sp, #20
 210              	.LCFI2:
 211              		.cfi_def_cfa_offset 36
 212              		@ sp needed
 213 00b6 BDE8F08F 		pop	{r4, r5, r6, r7, r8, r9, r10, fp, pc}
 214              		.loc 1 87 1 view .LVU58
 215              		.cfi_endproc
 216              	.LFE0:
 218              		.section	.text.u8g2_UserInterfaceMessage,"ax",%progbits
 219              		.align	1
 220              		.global	u8g2_UserInterfaceMessage
 221              		.syntax unified
 222              		.thumb
 223              		.thumb_func
 225              	u8g2_UserInterfaceMessage:
 226              	.LVL29:
 227              	.LFB1:
  88:Core/Src/u8g2/Src/u8g2_message.c **** 
  89:Core/Src/u8g2/Src/u8g2_message.c **** /*
  90:Core/Src/u8g2/Src/u8g2_message.c ****   title1:	Multiple lines,separated by '\n'
  91:Core/Src/u8g2/Src/u8g2_message.c ****   title2:	A single line/string which is terminated by '\0' or '\n' . "title2" accepts the return va
  92:Core/Src/u8g2/Src/u8g2_message.c ****   title3:	Multiple lines,separated by '\n'
  93:Core/Src/u8g2/Src/u8g2_message.c ****   buttons:	one more more buttons separated by '\n' and terminated with '\0'
  94:Core/Src/u8g2/Src/u8g2_message.c ****   side effects:
  95:Core/Src/u8g2/Src/u8g2_message.c ****     u8g2_SetFontDirection(u8g2, 0);
  96:Core/Src/u8g2/Src/u8g2_message.c ****     u8g2_SetFontPosBaseline(u8g2);
  97:Core/Src/u8g2/Src/u8g2_message.c **** */
  98:Core/Src/u8g2/Src/u8g2_message.c **** 
  99:Core/Src/u8g2/Src/u8g2_message.c **** uint8_t u8g2_UserInterfaceMessage(u8g2_t *u8g2, const char *title1, const char *title2, const char 
 100:Core/Src/u8g2/Src/u8g2_message.c **** {
 228              		.loc 1 100 1 is_stmt 1 view -0
 229              		.cfi_startproc
ARM GAS  C:\Users\MOROSH~1\AppData\Local\Temp\ccRPzaYi.s 			page 7


 230              		@ args = 4, pretend = 0, frame = 8
 231              		@ frame_needed = 0, uses_anonymous_args = 0
 232              		.loc 1 100 1 is_stmt 0 view .LVU60
 233 0000 2DE9F04F 		push	{r4, r5, r6, r7, r8, r9, r10, fp, lr}
 234              	.LCFI3:
 235              		.cfi_def_cfa_offset 36
 236              		.cfi_offset 4, -36
 237              		.cfi_offset 5, -32
 238              		.cfi_offset 6, -28
 239              		.cfi_offset 7, -24
 240              		.cfi_offset 8, -20
 241              		.cfi_offset 9, -16
 242              		.cfi_offset 10, -12
 243              		.cfi_offset 11, -8
 244              		.cfi_offset 14, -4
 245 0004 87B0     		sub	sp, sp, #28
 246              	.LCFI4:
 247              		.cfi_def_cfa_offset 64
 248 0006 0546     		mov	r5, r0
 249 0008 8A46     		mov	r10, r1
 250 000a 9046     		mov	r8, r2
 251 000c 9B46     		mov	fp, r3
 101:Core/Src/u8g2/Src/u8g2_message.c ****   uint8_t height;
 252              		.loc 1 101 3 is_stmt 1 view .LVU61
 102:Core/Src/u8g2/Src/u8g2_message.c ****   uint8_t line_height;
 253              		.loc 1 102 3 view .LVU62
 103:Core/Src/u8g2/Src/u8g2_message.c ****   u8g2_uint_t pixel_height;
 254              		.loc 1 103 3 view .LVU63
 104:Core/Src/u8g2/Src/u8g2_message.c ****   u8g2_uint_t y, yy;
 255              		.loc 1 104 3 view .LVU64
 105:Core/Src/u8g2/Src/u8g2_message.c **** 	
 106:Core/Src/u8g2/Src/u8g2_message.c ****   uint8_t cursor = 0;
 256              		.loc 1 106 3 view .LVU65
 257              	.LVL30:
 107:Core/Src/u8g2/Src/u8g2_message.c ****   uint8_t button_cnt;
 258              		.loc 1 107 3 view .LVU66
 108:Core/Src/u8g2/Src/u8g2_message.c ****   uint8_t event;
 259              		.loc 1 108 3 view .LVU67
 109:Core/Src/u8g2/Src/u8g2_message.c **** 	
 110:Core/Src/u8g2/Src/u8g2_message.c ****   /* only horizontal strings are supported, so force this here */
 111:Core/Src/u8g2/Src/u8g2_message.c ****   u8g2_SetFontDirection(u8g2, 0);
 260              		.loc 1 111 3 view .LVU68
 261 000e 0021     		movs	r1, #0
 262              	.LVL31:
 263              		.loc 1 111 3 is_stmt 0 view .LVU69
 264 0010 FFF7FEFF 		bl	u8g2_SetFontDirection
 265              	.LVL32:
 112:Core/Src/u8g2/Src/u8g2_message.c **** 
 113:Core/Src/u8g2/Src/u8g2_message.c ****   /* force baseline position */
 114:Core/Src/u8g2/Src/u8g2_message.c ****   u8g2_SetFontPosBaseline(u8g2);
 266              		.loc 1 114 3 is_stmt 1 view .LVU70
 267 0014 2846     		mov	r0, r5
 268 0016 FFF7FEFF 		bl	u8g2_SetFontPosBaseline
 269              	.LVL33:
 115:Core/Src/u8g2/Src/u8g2_message.c **** 	
 116:Core/Src/u8g2/Src/u8g2_message.c **** 	
 117:Core/Src/u8g2/Src/u8g2_message.c ****   /* calculate line height */
ARM GAS  C:\Users\MOROSH~1\AppData\Local\Temp\ccRPzaYi.s 			page 8


 118:Core/Src/u8g2/Src/u8g2_message.c ****   line_height = u8g2_GetAscent(u8g2);
 270              		.loc 1 118 3 view .LVU71
 271              		.loc 1 118 17 is_stmt 0 view .LVU72
 272 001a 95F98E30 		ldrsb	r3, [r5, #142]
 273              		.loc 1 118 15 view .LVU73
 274 001e DBB2     		uxtb	r3, r3
 275              	.LVL34:
 119:Core/Src/u8g2/Src/u8g2_message.c ****   line_height -= u8g2_GetDescent(u8g2);
 276              		.loc 1 119 3 is_stmt 1 view .LVU74
 277              		.loc 1 119 18 is_stmt 0 view .LVU75
 278 0020 95F88F70 		ldrb	r7, [r5, #143]	@ zero_extendqisi2
 279              		.loc 1 119 15 view .LVU76
 280 0024 DB1B     		subs	r3, r3, r7
 281              	.LVL35:
 282              		.loc 1 119 15 view .LVU77
 283 0026 DFB2     		uxtb	r7, r3
 284              	.LVL36:
 120:Core/Src/u8g2/Src/u8g2_message.c **** 
 121:Core/Src/u8g2/Src/u8g2_message.c ****   /* calculate overall height of the message box in lines*/
 122:Core/Src/u8g2/Src/u8g2_message.c ****   height = 1;	/* button line */
 285              		.loc 1 122 3 is_stmt 1 view .LVU78
 123:Core/Src/u8g2/Src/u8g2_message.c ****   height += u8x8_GetStringLineCnt(title1);
 286              		.loc 1 123 3 view .LVU79
 287              		.loc 1 123 13 is_stmt 0 view .LVU80
 288 0028 5046     		mov	r0, r10
 289 002a FFF7FEFF 		bl	u8x8_GetStringLineCnt
 290              	.LVL37:
 291              		.loc 1 123 10 view .LVU81
 292 002e 441C     		adds	r4, r0, #1
 293 0030 E4B2     		uxtb	r4, r4
 294              	.LVL38:
 124:Core/Src/u8g2/Src/u8g2_message.c ****   if ( title2 != NULL )
 295              		.loc 1 124 3 is_stmt 1 view .LVU82
 296              		.loc 1 124 6 is_stmt 0 view .LVU83
 297 0032 B8F1000F 		cmp	r8, #0
 298 0036 01D0     		beq	.L13
 125:Core/Src/u8g2/Src/u8g2_message.c ****     height++;
 299              		.loc 1 125 5 is_stmt 1 view .LVU84
 300              		.loc 1 125 11 is_stmt 0 view .LVU85
 301 0038 0230     		adds	r0, r0, #2
 302 003a C4B2     		uxtb	r4, r0
 303              	.LVL39:
 304              	.L13:
 126:Core/Src/u8g2/Src/u8g2_message.c ****   height += u8x8_GetStringLineCnt(title3);
 305              		.loc 1 126 3 is_stmt 1 view .LVU86
 306              		.loc 1 126 13 is_stmt 0 view .LVU87
 307 003c 5846     		mov	r0, fp
 308 003e FFF7FEFF 		bl	u8x8_GetStringLineCnt
 309              	.LVL40:
 310              		.loc 1 126 10 view .LVU88
 311 0042 2318     		adds	r3, r4, r0
 312              	.LVL41:
 127:Core/Src/u8g2/Src/u8g2_message.c ****   
 128:Core/Src/u8g2/Src/u8g2_message.c ****   /* calculate the height in pixel */
 129:Core/Src/u8g2/Src/u8g2_message.c ****   pixel_height = height;
 313              		.loc 1 129 3 is_stmt 1 view .LVU89
 314              		.loc 1 129 16 is_stmt 0 view .LVU90
ARM GAS  C:\Users\MOROSH~1\AppData\Local\Temp\ccRPzaYi.s 			page 9


 315 0044 DBB2     		uxtb	r3, r3
 316              	.LVL42:
 130:Core/Src/u8g2/Src/u8g2_message.c ****   pixel_height *= line_height;
 317              		.loc 1 130 3 is_stmt 1 view .LVU91
 318              		.loc 1 130 16 is_stmt 0 view .LVU92
 319 0046 BEB2     		uxth	r6, r7
 320 0048 07FB03F3 		mul	r3, r7, r3
 321              	.LVL43:
 131:Core/Src/u8g2/Src/u8g2_message.c ****   
 132:Core/Src/u8g2/Src/u8g2_message.c ****   /* ... and add the space between the text and the buttons */
 133:Core/Src/u8g2/Src/u8g2_message.c ****   pixel_height +=SPACE_BETWEEN_TEXT_AND_BUTTONS_IN_PIXEL;
 322              		.loc 1 133 3 is_stmt 1 view .LVU93
 323              		.loc 1 133 16 is_stmt 0 view .LVU94
 324 004c 0333     		adds	r3, r3, #3
 325              	.LVL44:
 326              		.loc 1 133 16 view .LVU95
 327 004e 9BB2     		uxth	r3, r3
 328              	.LVL45:
 134:Core/Src/u8g2/Src/u8g2_message.c ****   
 135:Core/Src/u8g2/Src/u8g2_message.c ****   /* calculate offset from top */
 136:Core/Src/u8g2/Src/u8g2_message.c ****   y = 0;
 329              		.loc 1 136 3 is_stmt 1 view .LVU96
 137:Core/Src/u8g2/Src/u8g2_message.c ****   if ( pixel_height < u8g2_GetDisplayHeight(u8g2)   )
 330              		.loc 1 137 3 view .LVU97
 331              		.loc 1 137 23 is_stmt 0 view .LVU98
 332 0050 B5F84620 		ldrh	r2, [r5, #70]
 333              		.loc 1 137 6 view .LVU99
 334 0054 9A42     		cmp	r2, r3
 335 0056 0DD9     		bls	.L27
 138:Core/Src/u8g2/Src/u8g2_message.c ****   {
 139:Core/Src/u8g2/Src/u8g2_message.c ****     y = u8g2_GetDisplayHeight(u8g2);
 336              		.loc 1 139 5 is_stmt 1 view .LVU100
 337              	.LVL46:
 140:Core/Src/u8g2/Src/u8g2_message.c ****     y -= pixel_height;
 338              		.loc 1 140 5 view .LVU101
 339              		.loc 1 140 7 is_stmt 0 view .LVU102
 340 0058 D31A     		subs	r3, r2, r3
 341              	.LVL47:
 141:Core/Src/u8g2/Src/u8g2_message.c ****     y /= 2;
 342              		.loc 1 141 5 is_stmt 1 view .LVU103
 343              		.loc 1 141 7 is_stmt 0 view .LVU104
 344 005a C3F34E03 		ubfx	r3, r3, #1, #15
 345              	.LVL48:
 346              	.L14:
 142:Core/Src/u8g2/Src/u8g2_message.c ****   }
 143:Core/Src/u8g2/Src/u8g2_message.c ****   y += u8g2_GetAscent(u8g2);
 347              		.loc 1 143 3 is_stmt 1 view .LVU105
 348              		.loc 1 143 8 is_stmt 0 view .LVU106
 349 005e 95F98E70 		ldrsb	r7, [r5, #142]
 350              	.LVL49:
 351              		.loc 1 143 5 view .LVU107
 352 0062 13FA87F3 		uxtah	r3, r3, r7
 353              	.LVL50:
 354              		.loc 1 143 5 view .LVU108
 355 0066 9FB2     		uxth	r7, r3
 356              	.LVL51:
 106:Core/Src/u8g2/Src/u8g2_message.c ****   uint8_t button_cnt;
ARM GAS  C:\Users\MOROSH~1\AppData\Local\Temp\ccRPzaYi.s 			page 10


 357              		.loc 1 106 11 view .LVU109
 358 0068 4FF00009 		mov	r9, #0
 359              	.LVL52:
 360              	.L15:
 144:Core/Src/u8g2/Src/u8g2_message.c **** 
 145:Core/Src/u8g2/Src/u8g2_message.c ****   
 146:Core/Src/u8g2/Src/u8g2_message.c ****   for(;;)
 361              		.loc 1 146 3 is_stmt 1 view .LVU110
 147:Core/Src/u8g2/Src/u8g2_message.c ****   {
 148:Core/Src/u8g2/Src/u8g2_message.c ****       u8g2_FirstPage(u8g2);
 362              		.loc 1 148 7 view .LVU111
 363 006c 2846     		mov	r0, r5
 364 006e FFF7FEFF 		bl	u8g2_FirstPage
 365              	.LVL53:
 366 0072 2AE0     		b	.L17
 367              	.LVL54:
 368              	.L27:
 136:Core/Src/u8g2/Src/u8g2_message.c ****   if ( pixel_height < u8g2_GetDisplayHeight(u8g2)   )
 369              		.loc 1 136 5 is_stmt 0 view .LVU112
 370 0074 0023     		movs	r3, #0
 371              	.LVL55:
 136:Core/Src/u8g2/Src/u8g2_message.c ****   if ( pixel_height < u8g2_GetDisplayHeight(u8g2)   )
 372              		.loc 1 136 5 view .LVU113
 373 0076 F2E7     		b	.L14
 374              	.LVL56:
 375              	.L30:
 149:Core/Src/u8g2/Src/u8g2_message.c ****       do
 150:Core/Src/u8g2/Src/u8g2_message.c ****       {
 151:Core/Src/u8g2/Src/u8g2_message.c **** 	  yy = y;
 152:Core/Src/u8g2/Src/u8g2_message.c **** 	  /* draw message box */
 153:Core/Src/u8g2/Src/u8g2_message.c **** 	  
 154:Core/Src/u8g2/Src/u8g2_message.c **** 	  yy += u8g2_DrawUTF8Lines(u8g2, 0, yy, u8g2_GetDisplayWidth(u8g2), line_height, title1);
 155:Core/Src/u8g2/Src/u8g2_message.c **** 	  if ( title2 != NULL )
 156:Core/Src/u8g2/Src/u8g2_message.c **** 	  {
 157:Core/Src/u8g2/Src/u8g2_message.c **** 	    u8g2_DrawUTF8Line(u8g2, 0, yy, u8g2_GetDisplayWidth(u8g2), title2, 0, 0);
 376              		.loc 1 157 6 is_stmt 1 view .LVU114
 377 0078 0021     		movs	r1, #0
 378 007a 0291     		str	r1, [sp, #8]
 379 007c 0191     		str	r1, [sp, #4]
 380 007e CDF80080 		str	r8, [sp]
 381 0082 B5F84430 		ldrh	r3, [r5, #68]
 382 0086 2246     		mov	r2, r4
 383 0088 2846     		mov	r0, r5
 384 008a FFF7FEFF 		bl	u8g2_DrawUTF8Line
 385              	.LVL57:
 158:Core/Src/u8g2/Src/u8g2_message.c **** 	    yy+=line_height;
 386              		.loc 1 158 6 view .LVU115
 387              		.loc 1 158 8 is_stmt 0 view .LVU116
 388 008e 3444     		add	r4, r4, r6
 389              	.LVL58:
 390              		.loc 1 158 8 view .LVU117
 391 0090 A4B2     		uxth	r4, r4
 392              	.LVL59:
 393              	.L16:
 159:Core/Src/u8g2/Src/u8g2_message.c **** 	  }
 160:Core/Src/u8g2/Src/u8g2_message.c **** 	  yy += u8g2_DrawUTF8Lines(u8g2, 0, yy, u8g2_GetDisplayWidth(u8g2), line_height, title3);
 394              		.loc 1 160 4 is_stmt 1 view .LVU118
ARM GAS  C:\Users\MOROSH~1\AppData\Local\Temp\ccRPzaYi.s 			page 11


 395              		.loc 1 160 10 is_stmt 0 view .LVU119
 396 0092 CDF804B0 		str	fp, [sp, #4]
 397 0096 0096     		str	r6, [sp]
 398 0098 B5F84430 		ldrh	r3, [r5, #68]
 399 009c 2246     		mov	r2, r4
 400 009e 0021     		movs	r1, #0
 401 00a0 2846     		mov	r0, r5
 402 00a2 FFF7FEFF 		bl	u8g2_DrawUTF8Lines
 403              	.LVL60:
 404              		.loc 1 160 7 view .LVU120
 405 00a6 2118     		adds	r1, r4, r0
 406 00a8 89B2     		uxth	r1, r1
 407              	.LVL61:
 161:Core/Src/u8g2/Src/u8g2_message.c **** 	  yy += SPACE_BETWEEN_TEXT_AND_BUTTONS_IN_PIXEL;
 408              		.loc 1 161 4 is_stmt 1 view .LVU121
 409              		.loc 1 161 7 is_stmt 0 view .LVU122
 410 00aa 0331     		adds	r1, r1, #3
 411              	.LVL62:
 162:Core/Src/u8g2/Src/u8g2_message.c **** 
 163:Core/Src/u8g2/Src/u8g2_message.c **** 	  button_cnt = u8g2_draw_button_line(u8g2, yy, u8g2_GetDisplayWidth(u8g2), cursor, buttons);
 412              		.loc 1 163 4 is_stmt 1 view .LVU123
 413              		.loc 1 163 17 is_stmt 0 view .LVU124
 414 00ac 109B     		ldr	r3, [sp, #64]
 415 00ae 0093     		str	r3, [sp]
 416 00b0 4B46     		mov	r3, r9
 417 00b2 B5F84420 		ldrh	r2, [r5, #68]
 418 00b6 89B2     		uxth	r1, r1
 419              		.loc 1 163 17 view .LVU125
 420 00b8 2846     		mov	r0, r5
 421 00ba FFF7FEFF 		bl	u8g2_draw_button_line
 422              	.LVL63:
 423              		.loc 1 163 17 view .LVU126
 424 00be 0446     		mov	r4, r0
 425              	.LVL64:
 164:Core/Src/u8g2/Src/u8g2_message.c **** 	  
 165:Core/Src/u8g2/Src/u8g2_message.c ****       } while( u8g2_NextPage(u8g2) );
 426              		.loc 1 165 14 is_stmt 1 view .LVU127
 427              		.loc 1 165 16 is_stmt 0 view .LVU128
 428 00c0 2846     		mov	r0, r5
 429 00c2 FFF7FEFF 		bl	u8g2_NextPage
 430              	.LVL65:
 431              		.loc 1 165 7 view .LVU129
 432 00c6 0590     		str	r0, [sp, #20]
 433 00c8 78B1     		cbz	r0, .L25
 434              	.LVL66:
 435              	.L17:
 149:Core/Src/u8g2/Src/u8g2_message.c ****       {
 436              		.loc 1 149 7 is_stmt 1 view .LVU130
 151:Core/Src/u8g2/Src/u8g2_message.c **** 	  /* draw message box */
 437              		.loc 1 151 4 view .LVU131
 154:Core/Src/u8g2/Src/u8g2_message.c **** 	  if ( title2 != NULL )
 438              		.loc 1 154 4 view .LVU132
 154:Core/Src/u8g2/Src/u8g2_message.c **** 	  if ( title2 != NULL )
 439              		.loc 1 154 10 is_stmt 0 view .LVU133
 440 00ca CDF804A0 		str	r10, [sp, #4]
 441 00ce 0096     		str	r6, [sp]
 442 00d0 B5F84430 		ldrh	r3, [r5, #68]
ARM GAS  C:\Users\MOROSH~1\AppData\Local\Temp\ccRPzaYi.s 			page 12


 443 00d4 3A46     		mov	r2, r7
 444 00d6 0021     		movs	r1, #0
 445 00d8 2846     		mov	r0, r5
 446 00da FFF7FEFF 		bl	u8g2_DrawUTF8Lines
 447              	.LVL67:
 154:Core/Src/u8g2/Src/u8g2_message.c **** 	  if ( title2 != NULL )
 448              		.loc 1 154 7 view .LVU134
 449 00de 3C18     		adds	r4, r7, r0
 450 00e0 A4B2     		uxth	r4, r4
 451              	.LVL68:
 155:Core/Src/u8g2/Src/u8g2_message.c **** 	  {
 452              		.loc 1 155 4 is_stmt 1 view .LVU135
 155:Core/Src/u8g2/Src/u8g2_message.c **** 	  {
 453              		.loc 1 155 7 is_stmt 0 view .LVU136
 454 00e2 B8F1000F 		cmp	r8, #0
 455 00e6 C7D1     		bne	.L30
 456 00e8 D3E7     		b	.L16
 457              	.LVL69:
 458              	.L25:
 166:Core/Src/u8g2/Src/u8g2_message.c **** 
 167:Core/Src/u8g2/Src/u8g2_message.c **** #ifdef U8G2_REF_MAN_PIC
 168:Core/Src/u8g2/Src/u8g2_message.c ****       return 0;
 169:Core/Src/u8g2/Src/u8g2_message.c **** #endif
 170:Core/Src/u8g2/Src/u8g2_message.c **** 	  
 171:Core/Src/u8g2/Src/u8g2_message.c ****       for(;;)
 459              		.loc 1 171 7 is_stmt 1 view .LVU137
 172:Core/Src/u8g2/Src/u8g2_message.c ****       {
 173:Core/Src/u8g2/Src/u8g2_message.c **** 	    event = u8x8_GetMenuEvent(u8g2_GetU8x8(u8g2));
 460              		.loc 1 173 6 view .LVU138
 461              		.loc 1 173 14 is_stmt 0 view .LVU139
 462 00ea 2846     		mov	r0, r5
 463 00ec FFF7FEFF 		bl	u8x8_GetMenuEvent
 464              	.LVL70:
 174:Core/Src/u8g2/Src/u8g2_message.c **** 	    if ( event == U8X8_MSG_GPIO_MENU_SELECT )
 465              		.loc 1 174 6 is_stmt 1 view .LVU140
 466              		.loc 1 174 9 is_stmt 0 view .LVU141
 467 00f0 5028     		cmp	r0, #80
 468 00f2 11D0     		beq	.L31
 175:Core/Src/u8g2/Src/u8g2_message.c **** 	      return cursor+1;
 176:Core/Src/u8g2/Src/u8g2_message.c **** 	    else if ( event == U8X8_MSG_GPIO_MENU_HOME )
 469              		.loc 1 176 11 is_stmt 1 view .LVU142
 470              		.loc 1 176 14 is_stmt 0 view .LVU143
 471 00f4 5328     		cmp	r0, #83
 472 00f6 14D0     		beq	.L19
 177:Core/Src/u8g2/Src/u8g2_message.c **** 	      return 0;
 178:Core/Src/u8g2/Src/u8g2_message.c **** 	    else if ( event == U8X8_MSG_GPIO_MENU_NEXT || event == U8X8_MSG_GPIO_MENU_DOWN )
 473              		.loc 1 178 11 is_stmt 1 view .LVU144
 474              		.loc 1 178 14 is_stmt 0 view .LVU145
 475 00f8 5128     		cmp	r0, #81
 476 00fa 16D0     		beq	.L20
 477              		.loc 1 178 49 discriminator 1 view .LVU146
 478 00fc 5528     		cmp	r0, #85
 479 00fe 14D0     		beq	.L20
 179:Core/Src/u8g2/Src/u8g2_message.c **** 	    {
 180:Core/Src/u8g2/Src/u8g2_message.c **** 	      cursor++;
 181:Core/Src/u8g2/Src/u8g2_message.c **** 	      if ( cursor >= button_cnt )
 182:Core/Src/u8g2/Src/u8g2_message.c **** 		cursor = 0;
ARM GAS  C:\Users\MOROSH~1\AppData\Local\Temp\ccRPzaYi.s 			page 13


 183:Core/Src/u8g2/Src/u8g2_message.c **** 	      break;
 184:Core/Src/u8g2/Src/u8g2_message.c **** 	    }
 185:Core/Src/u8g2/Src/u8g2_message.c **** 	    else if ( event == U8X8_MSG_GPIO_MENU_PREV || event == U8X8_MSG_GPIO_MENU_UP )
 480              		.loc 1 185 11 is_stmt 1 view .LVU147
 481              		.loc 1 185 14 is_stmt 0 view .LVU148
 482 0100 5228     		cmp	r0, #82
 483 0102 01D0     		beq	.L24
 484              		.loc 1 185 49 discriminator 1 view .LVU149
 485 0104 5428     		cmp	r0, #84
 486 0106 F0D1     		bne	.L25
 487              	.L24:
 186:Core/Src/u8g2/Src/u8g2_message.c **** 	    {
 187:Core/Src/u8g2/Src/u8g2_message.c **** 	      if ( cursor == 0 )
 488              		.loc 1 187 8 is_stmt 1 view .LVU150
 489              		.loc 1 187 11 is_stmt 0 view .LVU151
 490 0108 B9F1000F 		cmp	r9, #0
 491 010c 00D0     		beq	.L26
 492 010e 4C46     		mov	r4, r9
 493              	.LVL71:
 494              	.L26:
 188:Core/Src/u8g2/Src/u8g2_message.c **** 		cursor = button_cnt;
 189:Core/Src/u8g2/Src/u8g2_message.c **** 	      cursor--;
 495              		.loc 1 189 8 is_stmt 1 view .LVU152
 496              		.loc 1 189 14 is_stmt 0 view .LVU153
 497 0110 013C     		subs	r4, r4, #1
 498              	.LVL72:
 499              		.loc 1 189 14 view .LVU154
 500 0112 5FFA84F9 		uxtb	r9, r4
 501              	.LVL73:
 190:Core/Src/u8g2/Src/u8g2_message.c **** 	      break;
 502              		.loc 1 190 8 is_stmt 1 view .LVU155
 503              		.loc 1 190 8 is_stmt 0 view .LVU156
 504 0116 A9E7     		b	.L15
 505              	.LVL74:
 506              	.L31:
 175:Core/Src/u8g2/Src/u8g2_message.c **** 	    else if ( event == U8X8_MSG_GPIO_MENU_HOME )
 507              		.loc 1 175 8 is_stmt 1 view .LVU157
 175:Core/Src/u8g2/Src/u8g2_message.c **** 	    else if ( event == U8X8_MSG_GPIO_MENU_HOME )
 508              		.loc 1 175 21 is_stmt 0 view .LVU158
 509 0118 09F10109 		add	r9, r9, #1
 510              	.LVL75:
 175:Core/Src/u8g2/Src/u8g2_message.c **** 	    else if ( event == U8X8_MSG_GPIO_MENU_HOME )
 511              		.loc 1 175 21 view .LVU159
 512 011c 5FFA89F3 		uxtb	r3, r9
 513 0120 0593     		str	r3, [sp, #20]
 514              	.L19:
 191:Core/Src/u8g2/Src/u8g2_message.c **** 	    }    
 192:Core/Src/u8g2/Src/u8g2_message.c ****       }
 193:Core/Src/u8g2/Src/u8g2_message.c ****   }
 194:Core/Src/u8g2/Src/u8g2_message.c ****   /* never reached */
 195:Core/Src/u8g2/Src/u8g2_message.c ****   //return 0;
 196:Core/Src/u8g2/Src/u8g2_message.c **** }
 515              		.loc 1 196 1 view .LVU160
 516 0122 0598     		ldr	r0, [sp, #20]
 517              	.LVL76:
 518              		.loc 1 196 1 view .LVU161
 519 0124 07B0     		add	sp, sp, #28
ARM GAS  C:\Users\MOROSH~1\AppData\Local\Temp\ccRPzaYi.s 			page 14


 520              	.LCFI5:
 521              		.cfi_remember_state
 522              		.cfi_def_cfa_offset 36
 523              		@ sp needed
 524 0126 BDE8F08F 		pop	{r4, r5, r6, r7, r8, r9, r10, fp, pc}
 525              	.LVL77:
 526              	.L20:
 527              	.LCFI6:
 528              		.cfi_restore_state
 180:Core/Src/u8g2/Src/u8g2_message.c **** 	      if ( cursor >= button_cnt )
 529              		.loc 1 180 8 is_stmt 1 view .LVU162
 180:Core/Src/u8g2/Src/u8g2_message.c **** 	      if ( cursor >= button_cnt )
 530              		.loc 1 180 14 is_stmt 0 view .LVU163
 531 012a 09F10109 		add	r9, r9, #1
 532              	.LVL78:
 180:Core/Src/u8g2/Src/u8g2_message.c **** 	      if ( cursor >= button_cnt )
 533              		.loc 1 180 14 view .LVU164
 534 012e 5FFA89F9 		uxtb	r9, r9
 535              	.LVL79:
 181:Core/Src/u8g2/Src/u8g2_message.c **** 		cursor = 0;
 536              		.loc 1 181 8 is_stmt 1 view .LVU165
 181:Core/Src/u8g2/Src/u8g2_message.c **** 		cursor = 0;
 537              		.loc 1 181 11 is_stmt 0 view .LVU166
 538 0132 4C45     		cmp	r4, r9
 539 0134 9AD8     		bhi	.L15
 182:Core/Src/u8g2/Src/u8g2_message.c **** 	      break;
 540              		.loc 1 182 10 view .LVU167
 541 0136 DDF81490 		ldr	r9, [sp, #20]
 542              	.LVL80:
 182:Core/Src/u8g2/Src/u8g2_message.c **** 	      break;
 543              		.loc 1 182 10 view .LVU168
 544 013a 97E7     		b	.L15
 545              		.cfi_endproc
 546              	.LFE1:
 548              		.text
 549              	.Letext0:
 550              		.file 2 "c:\\program files (x86)\\gnu arm embedded toolchain\\10 2021.10\\arm-none-eabi\\include\\
 551              		.file 3 "c:\\program files (x86)\\gnu arm embedded toolchain\\10 2021.10\\arm-none-eabi\\include\\
 552              		.file 4 "Core/Src/u8g2/Inc/u8x8.h"
 553              		.file 5 "Core/Src/u8g2/Inc/u8g2.h"
ARM GAS  C:\Users\MOROSH~1\AppData\Local\Temp\ccRPzaYi.s 			page 15


DEFINED SYMBOLS
                            *ABS*:00000000 u8g2_message.c
C:\Users\MOROSH~1\AppData\Local\Temp\ccRPzaYi.s:20     .text.u8g2_draw_button_line:00000000 $t
C:\Users\MOROSH~1\AppData\Local\Temp\ccRPzaYi.s:26     .text.u8g2_draw_button_line:00000000 u8g2_draw_button_line
C:\Users\MOROSH~1\AppData\Local\Temp\ccRPzaYi.s:219    .text.u8g2_UserInterfaceMessage:00000000 $t
C:\Users\MOROSH~1\AppData\Local\Temp\ccRPzaYi.s:225    .text.u8g2_UserInterfaceMessage:00000000 u8g2_UserInterfaceMessage

UNDEFINED SYMBOLS
u8x8_GetStringLineCnt
u8x8_GetStringLineStart
u8g2_GetUTF8Width
u8g2_DrawUTF8Line
u8g2_SetFontDirection
u8g2_SetFontPosBaseline
u8g2_FirstPage
u8g2_DrawUTF8Lines
u8g2_NextPage
u8x8_GetMenuEvent
