ARM GAS  C:\Users\MOROSH~1\AppData\Local\Temp\cc91RVdN.s 			page 1


   1              		.cpu cortex-m4
   2              		.arch armv7e-m
   3              		.fpu fpv4-sp-d16
   4              		.eabi_attribute 27, 1
   5              		.eabi_attribute 28, 1
   6              		.eabi_attribute 20, 1
   7              		.eabi_attribute 21, 1
   8              		.eabi_attribute 23, 3
   9              		.eabi_attribute 24, 1
  10              		.eabi_attribute 25, 1
  11              		.eabi_attribute 26, 1
  12              		.eabi_attribute 30, 1
  13              		.eabi_attribute 34, 1
  14              		.eabi_attribute 18, 4
  15              		.file	"u8g2_buffer.c"
  16              		.text
  17              	.Ltext0:
  18              		.cfi_sections	.debug_frame
  19              		.section	.text.u8g2_send_tile_row,"ax",%progbits
  20              		.align	1
  21              		.syntax unified
  22              		.thumb
  23              		.thumb_func
  25              	u8g2_send_tile_row:
  26              	.LVL0:
  27              	.LFB1:
  28              		.file 1 "Core/Src/u8g2/Src/u8g2_buffer.c"
   1:Core/Src/u8g2/Src/u8g2_buffer.c **** /* 
   2:Core/Src/u8g2/Src/u8g2_buffer.c **** 
   3:Core/Src/u8g2/Src/u8g2_buffer.c ****   u8g2_buffer.c 
   4:Core/Src/u8g2/Src/u8g2_buffer.c **** 
   5:Core/Src/u8g2/Src/u8g2_buffer.c ****   Universal 8bit Graphics Library (https://github.com/olikraus/u8g2/)
   6:Core/Src/u8g2/Src/u8g2_buffer.c **** 
   7:Core/Src/u8g2/Src/u8g2_buffer.c ****   Copyright (c) 2016, olikraus@gmail.com
   8:Core/Src/u8g2/Src/u8g2_buffer.c ****   All rights reserved.
   9:Core/Src/u8g2/Src/u8g2_buffer.c **** 
  10:Core/Src/u8g2/Src/u8g2_buffer.c ****   Redistribution and use in source and binary forms, with or without modification, 
  11:Core/Src/u8g2/Src/u8g2_buffer.c ****   are permitted provided that the following conditions are met:
  12:Core/Src/u8g2/Src/u8g2_buffer.c **** 
  13:Core/Src/u8g2/Src/u8g2_buffer.c ****   * Redistributions of source code must retain the above copyright notice, this list 
  14:Core/Src/u8g2/Src/u8g2_buffer.c ****     of conditions and the following disclaimer.
  15:Core/Src/u8g2/Src/u8g2_buffer.c ****     
  16:Core/Src/u8g2/Src/u8g2_buffer.c ****   * Redistributions in binary form must reproduce the above copyright notice, this 
  17:Core/Src/u8g2/Src/u8g2_buffer.c ****     list of conditions and the following disclaimer in the documentation and/or other 
  18:Core/Src/u8g2/Src/u8g2_buffer.c ****     materials provided with the distribution.
  19:Core/Src/u8g2/Src/u8g2_buffer.c **** 
  20:Core/Src/u8g2/Src/u8g2_buffer.c ****   THIS SOFTWARE IS PROVIDED BY THE COPYRIGHT HOLDERS AND 
  21:Core/Src/u8g2/Src/u8g2_buffer.c ****   CONTRIBUTORS "AS IS" AND ANY EXPRESS OR IMPLIED WARRANTIES, 
  22:Core/Src/u8g2/Src/u8g2_buffer.c ****   INCLUDING, BUT NOT LIMITED TO, THE IMPLIED WARRANTIES OF 
  23:Core/Src/u8g2/Src/u8g2_buffer.c ****   MERCHANTABILITY AND FITNESS FOR A PARTICULAR PURPOSE ARE 
  24:Core/Src/u8g2/Src/u8g2_buffer.c ****   DISCLAIMED. IN NO EVENT SHALL THE COPYRIGHT HOLDER OR 
  25:Core/Src/u8g2/Src/u8g2_buffer.c ****   CONTRIBUTORS BE LIABLE FOR ANY DIRECT, INDIRECT, INCIDENTAL, 
  26:Core/Src/u8g2/Src/u8g2_buffer.c ****   SPECIAL, EXEMPLARY, OR CONSEQUENTIAL DAMAGES (INCLUDING, BUT 
  27:Core/Src/u8g2/Src/u8g2_buffer.c ****   NOT LIMITED TO, PROCUREMENT OF SUBSTITUTE GOODS OR SERVICES; 
  28:Core/Src/u8g2/Src/u8g2_buffer.c ****   LOSS OF USE, DATA, OR PROFITS; OR BUSINESS INTERRUPTION) HOWEVER 
  29:Core/Src/u8g2/Src/u8g2_buffer.c ****   CAUSED AND ON ANY THEORY OF LIABILITY, WHETHER IN CONTRACT, 
  30:Core/Src/u8g2/Src/u8g2_buffer.c ****   STRICT LIABILITY, OR TORT (INCLUDING NEGLIGENCE OR OTHERWISE) 
ARM GAS  C:\Users\MOROSH~1\AppData\Local\Temp\cc91RVdN.s 			page 2


  31:Core/Src/u8g2/Src/u8g2_buffer.c ****   ARISING IN ANY WAY OUT OF THE USE OF THIS SOFTWARE, EVEN IF 
  32:Core/Src/u8g2/Src/u8g2_buffer.c ****   ADVISED OF THE POSSIBILITY OF SUCH DAMAGE.  
  33:Core/Src/u8g2/Src/u8g2_buffer.c **** 
  34:Core/Src/u8g2/Src/u8g2_buffer.c **** */
  35:Core/Src/u8g2/Src/u8g2_buffer.c **** 
  36:Core/Src/u8g2/Src/u8g2_buffer.c **** #include "u8g2.h"
  37:Core/Src/u8g2/Src/u8g2_buffer.c **** #include <string.h>
  38:Core/Src/u8g2/Src/u8g2_buffer.c **** 
  39:Core/Src/u8g2/Src/u8g2_buffer.c **** /*============================================*/
  40:Core/Src/u8g2/Src/u8g2_buffer.c **** void u8g2_ClearBuffer(u8g2_t *u8g2)
  41:Core/Src/u8g2/Src/u8g2_buffer.c **** {
  42:Core/Src/u8g2/Src/u8g2_buffer.c ****   size_t cnt;
  43:Core/Src/u8g2/Src/u8g2_buffer.c ****   cnt = u8g2_GetU8x8(u8g2)->display_info->tile_width;
  44:Core/Src/u8g2/Src/u8g2_buffer.c ****   cnt *= u8g2->tile_buf_height;
  45:Core/Src/u8g2/Src/u8g2_buffer.c ****   cnt *= 8;
  46:Core/Src/u8g2/Src/u8g2_buffer.c ****   memset(u8g2->tile_buf_ptr, 0, cnt);
  47:Core/Src/u8g2/Src/u8g2_buffer.c **** }
  48:Core/Src/u8g2/Src/u8g2_buffer.c **** 
  49:Core/Src/u8g2/Src/u8g2_buffer.c **** /*============================================*/
  50:Core/Src/u8g2/Src/u8g2_buffer.c **** 
  51:Core/Src/u8g2/Src/u8g2_buffer.c **** static void u8g2_send_tile_row(u8g2_t *u8g2, uint8_t src_tile_row, uint8_t dest_tile_row)
  52:Core/Src/u8g2/Src/u8g2_buffer.c **** {
  29              		.loc 1 52 1 view -0
  30              		.cfi_startproc
  31              		@ args = 0, pretend = 0, frame = 0
  32              		@ frame_needed = 0, uses_anonymous_args = 0
  33              		.loc 1 52 1 is_stmt 0 view .LVU1
  34 0000 10B5     		push	{r4, lr}
  35              	.LCFI0:
  36              		.cfi_def_cfa_offset 8
  37              		.cfi_offset 4, -8
  38              		.cfi_offset 14, -4
  39 0002 82B0     		sub	sp, sp, #8
  40              	.LCFI1:
  41              		.cfi_def_cfa_offset 16
  53:Core/Src/u8g2/Src/u8g2_buffer.c ****   uint8_t *ptr;
  42              		.loc 1 53 3 is_stmt 1 view .LVU2
  54:Core/Src/u8g2/Src/u8g2_buffer.c ****   uint16_t offset;
  43              		.loc 1 54 3 view .LVU3
  55:Core/Src/u8g2/Src/u8g2_buffer.c ****   uint8_t w;
  44              		.loc 1 55 3 view .LVU4
  56:Core/Src/u8g2/Src/u8g2_buffer.c ****   
  57:Core/Src/u8g2/Src/u8g2_buffer.c ****   w = u8g2_GetU8x8(u8g2)->display_info->tile_width;
  45              		.loc 1 57 3 view .LVU5
  46              		.loc 1 57 25 is_stmt 0 view .LVU6
  47 0004 0368     		ldr	r3, [r0]
  48              		.loc 1 57 5 view .LVU7
  49 0006 1B7C     		ldrb	r3, [r3, #16]	@ zero_extendqisi2
  50              	.LVL1:
  58:Core/Src/u8g2/Src/u8g2_buffer.c ****   offset = src_tile_row;
  51              		.loc 1 58 3 is_stmt 1 view .LVU8
  59:Core/Src/u8g2/Src/u8g2_buffer.c ****   ptr = u8g2->tile_buf_ptr;
  52              		.loc 1 59 3 view .LVU9
  53              		.loc 1 59 7 is_stmt 0 view .LVU10
  54 0008 446B     		ldr	r4, [r0, #52]
  55              	.LVL2:
  60:Core/Src/u8g2/Src/u8g2_buffer.c ****   offset *= w;
ARM GAS  C:\Users\MOROSH~1\AppData\Local\Temp\cc91RVdN.s 			page 3


  56              		.loc 1 60 3 is_stmt 1 view .LVU11
  57              		.loc 1 60 10 is_stmt 0 view .LVU12
  58 000a 03FB01F1 		mul	r1, r3, r1
  59              	.LVL3:
  61:Core/Src/u8g2/Src/u8g2_buffer.c ****   offset *= 8;
  60              		.loc 1 61 3 is_stmt 1 view .LVU13
  61              		.loc 1 61 10 is_stmt 0 view .LVU14
  62 000e C900     		lsls	r1, r1, #3
  63              	.LVL4:
  64              		.loc 1 61 10 view .LVU15
  65 0010 89B2     		uxth	r1, r1
  66              	.LVL5:
  62:Core/Src/u8g2/Src/u8g2_buffer.c ****   ptr += offset;
  67              		.loc 1 62 3 is_stmt 1 view .LVU16
  68              		.loc 1 62 7 is_stmt 0 view .LVU17
  69 0012 2144     		add	r1, r1, r4
  70              	.LVL6:
  63:Core/Src/u8g2/Src/u8g2_buffer.c ****   u8x8_DrawTile(u8g2_GetU8x8(u8g2), 0, dest_tile_row, w, ptr);
  71              		.loc 1 63 3 is_stmt 1 view .LVU18
  72 0014 0091     		str	r1, [sp]
  73 0016 0021     		movs	r1, #0
  74              	.LVL7:
  75              		.loc 1 63 3 is_stmt 0 view .LVU19
  76 0018 FFF7FEFF 		bl	u8x8_DrawTile
  77              	.LVL8:
  64:Core/Src/u8g2/Src/u8g2_buffer.c **** }
  78              		.loc 1 64 1 view .LVU20
  79 001c 02B0     		add	sp, sp, #8
  80              	.LCFI2:
  81              		.cfi_def_cfa_offset 8
  82              		@ sp needed
  83 001e 10BD     		pop	{r4, pc}
  84              		.cfi_endproc
  85              	.LFE1:
  87              		.section	.text.u8g2_send_buffer,"ax",%progbits
  88              		.align	1
  89              		.syntax unified
  90              		.thumb
  91              		.thumb_func
  93              	u8g2_send_buffer:
  94              	.LVL9:
  95              	.LFB2:
  65:Core/Src/u8g2/Src/u8g2_buffer.c **** 
  66:Core/Src/u8g2/Src/u8g2_buffer.c **** /* 
  67:Core/Src/u8g2/Src/u8g2_buffer.c ****   write the buffer to the display RAM. 
  68:Core/Src/u8g2/Src/u8g2_buffer.c ****   For most displays, this will make the content visible to the user.
  69:Core/Src/u8g2/Src/u8g2_buffer.c ****   Some displays (like the SSD1606) require a u8x8_RefreshDisplay()
  70:Core/Src/u8g2/Src/u8g2_buffer.c **** */
  71:Core/Src/u8g2/Src/u8g2_buffer.c **** static void u8g2_send_buffer(u8g2_t *u8g2) U8X8_NOINLINE;
  72:Core/Src/u8g2/Src/u8g2_buffer.c **** static void u8g2_send_buffer(u8g2_t *u8g2)
  73:Core/Src/u8g2/Src/u8g2_buffer.c **** {
  96              		.loc 1 73 1 is_stmt 1 view -0
  97              		.cfi_startproc
  98              		@ args = 0, pretend = 0, frame = 0
  99              		@ frame_needed = 0, uses_anonymous_args = 0
 100              		.loc 1 73 1 is_stmt 0 view .LVU22
 101 0000 2DE9F041 		push	{r4, r5, r6, r7, r8, lr}
ARM GAS  C:\Users\MOROSH~1\AppData\Local\Temp\cc91RVdN.s 			page 4


 102              	.LCFI3:
 103              		.cfi_def_cfa_offset 24
 104              		.cfi_offset 4, -24
 105              		.cfi_offset 5, -20
 106              		.cfi_offset 6, -16
 107              		.cfi_offset 7, -12
 108              		.cfi_offset 8, -8
 109              		.cfi_offset 14, -4
 110 0004 0646     		mov	r6, r0
  74:Core/Src/u8g2/Src/u8g2_buffer.c ****   uint8_t src_row;
 111              		.loc 1 74 3 is_stmt 1 view .LVU23
  75:Core/Src/u8g2/Src/u8g2_buffer.c ****   uint8_t src_max;
 112              		.loc 1 75 3 view .LVU24
  76:Core/Src/u8g2/Src/u8g2_buffer.c ****   uint8_t dest_row;
 113              		.loc 1 76 3 view .LVU25
  77:Core/Src/u8g2/Src/u8g2_buffer.c ****   uint8_t dest_max;
 114              		.loc 1 77 3 view .LVU26
  78:Core/Src/u8g2/Src/u8g2_buffer.c **** 
  79:Core/Src/u8g2/Src/u8g2_buffer.c ****   src_row = 0;
 115              		.loc 1 79 3 view .LVU27
 116              	.LVL10:
  80:Core/Src/u8g2/Src/u8g2_buffer.c ****   src_max = u8g2->tile_buf_height;
 117              		.loc 1 80 3 view .LVU28
 118              		.loc 1 80 11 is_stmt 0 view .LVU29
 119 0006 90F83870 		ldrb	r7, [r0, #56]	@ zero_extendqisi2
 120              	.LVL11:
  81:Core/Src/u8g2/Src/u8g2_buffer.c ****   dest_row = u8g2->tile_curr_row;
 121              		.loc 1 81 3 is_stmt 1 view .LVU30
 122              		.loc 1 81 12 is_stmt 0 view .LVU31
 123 000a 90F83950 		ldrb	r5, [r0, #57]	@ zero_extendqisi2
 124              	.LVL12:
  82:Core/Src/u8g2/Src/u8g2_buffer.c ****   dest_max = u8g2_GetU8x8(u8g2)->display_info->tile_height;
 125              		.loc 1 82 3 is_stmt 1 view .LVU32
 126              		.loc 1 82 32 is_stmt 0 view .LVU33
 127 000e 0368     		ldr	r3, [r0]
 128              		.loc 1 82 12 view .LVU34
 129 0010 93F81180 		ldrb	r8, [r3, #17]	@ zero_extendqisi2
 130              	.LVL13:
  79:Core/Src/u8g2/Src/u8g2_buffer.c ****   src_max = u8g2->tile_buf_height;
 131              		.loc 1 79 11 view .LVU35
 132 0014 0024     		movs	r4, #0
 133              	.LVL14:
 134              	.L5:
  83:Core/Src/u8g2/Src/u8g2_buffer.c ****   
  84:Core/Src/u8g2/Src/u8g2_buffer.c ****   do
 135              		.loc 1 84 3 is_stmt 1 discriminator 2 view .LVU36
  85:Core/Src/u8g2/Src/u8g2_buffer.c ****   {
  86:Core/Src/u8g2/Src/u8g2_buffer.c ****     u8g2_send_tile_row(u8g2, src_row, dest_row);
 136              		.loc 1 86 5 discriminator 2 view .LVU37
 137 0016 2A46     		mov	r2, r5
 138 0018 2146     		mov	r1, r4
 139 001a 3046     		mov	r0, r6
 140 001c FFF7FEFF 		bl	u8g2_send_tile_row
 141              	.LVL15:
  87:Core/Src/u8g2/Src/u8g2_buffer.c ****     src_row++;
 142              		.loc 1 87 5 discriminator 2 view .LVU38
 143              		.loc 1 87 12 is_stmt 0 discriminator 2 view .LVU39
ARM GAS  C:\Users\MOROSH~1\AppData\Local\Temp\cc91RVdN.s 			page 5


 144 0020 0134     		adds	r4, r4, #1
 145              	.LVL16:
 146              		.loc 1 87 12 discriminator 2 view .LVU40
 147 0022 E4B2     		uxtb	r4, r4
 148              	.LVL17:
  88:Core/Src/u8g2/Src/u8g2_buffer.c ****     dest_row++;
 149              		.loc 1 88 5 is_stmt 1 discriminator 2 view .LVU41
 150              		.loc 1 88 13 is_stmt 0 discriminator 2 view .LVU42
 151 0024 0135     		adds	r5, r5, #1
 152              	.LVL18:
 153              		.loc 1 88 13 discriminator 2 view .LVU43
 154 0026 EDB2     		uxtb	r5, r5
 155              	.LVL19:
  89:Core/Src/u8g2/Src/u8g2_buffer.c ****   } while( src_row < src_max && dest_row < dest_max );
 156              		.loc 1 89 10 is_stmt 1 discriminator 2 view .LVU44
 157              		.loc 1 89 3 is_stmt 0 discriminator 2 view .LVU45
 158 0028 A742     		cmp	r7, r4
 159 002a 01D9     		bls	.L3
 160              		.loc 1 89 30 discriminator 1 view .LVU46
 161 002c A845     		cmp	r8, r5
 162 002e F2D8     		bhi	.L5
 163              	.L3:
  90:Core/Src/u8g2/Src/u8g2_buffer.c **** }
 164              		.loc 1 90 1 view .LVU47
 165 0030 BDE8F081 		pop	{r4, r5, r6, r7, r8, pc}
 166              		.loc 1 90 1 view .LVU48
 167              		.cfi_endproc
 168              	.LFE2:
 170              		.section	.text.u8g2_ClearBuffer,"ax",%progbits
 171              		.align	1
 172              		.global	u8g2_ClearBuffer
 173              		.syntax unified
 174              		.thumb
 175              		.thumb_func
 177              	u8g2_ClearBuffer:
 178              	.LVL20:
 179              	.LFB0:
  41:Core/Src/u8g2/Src/u8g2_buffer.c ****   size_t cnt;
 180              		.loc 1 41 1 is_stmt 1 view -0
 181              		.cfi_startproc
 182              		@ args = 0, pretend = 0, frame = 0
 183              		@ frame_needed = 0, uses_anonymous_args = 0
  41:Core/Src/u8g2/Src/u8g2_buffer.c ****   size_t cnt;
 184              		.loc 1 41 1 is_stmt 0 view .LVU50
 185 0000 08B5     		push	{r3, lr}
 186              	.LCFI4:
 187              		.cfi_def_cfa_offset 8
 188              		.cfi_offset 3, -8
 189              		.cfi_offset 14, -4
  42:Core/Src/u8g2/Src/u8g2_buffer.c ****   cnt = u8g2_GetU8x8(u8g2)->display_info->tile_width;
 190              		.loc 1 42 3 is_stmt 1 view .LVU51
  43:Core/Src/u8g2/Src/u8g2_buffer.c ****   cnt *= u8g2->tile_buf_height;
 191              		.loc 1 43 3 view .LVU52
  43:Core/Src/u8g2/Src/u8g2_buffer.c ****   cnt *= u8g2->tile_buf_height;
 192              		.loc 1 43 27 is_stmt 0 view .LVU53
 193 0002 0368     		ldr	r3, [r0]
  43:Core/Src/u8g2/Src/u8g2_buffer.c ****   cnt *= u8g2->tile_buf_height;
ARM GAS  C:\Users\MOROSH~1\AppData\Local\Temp\cc91RVdN.s 			page 6


 194              		.loc 1 43 41 view .LVU54
 195 0004 1B7C     		ldrb	r3, [r3, #16]	@ zero_extendqisi2
 196              	.LVL21:
  44:Core/Src/u8g2/Src/u8g2_buffer.c ****   cnt *= 8;
 197              		.loc 1 44 3 is_stmt 1 view .LVU55
  44:Core/Src/u8g2/Src/u8g2_buffer.c ****   cnt *= 8;
 198              		.loc 1 44 14 is_stmt 0 view .LVU56
 199 0006 90F83820 		ldrb	r2, [r0, #56]	@ zero_extendqisi2
  44:Core/Src/u8g2/Src/u8g2_buffer.c ****   cnt *= 8;
 200              		.loc 1 44 7 view .LVU57
 201 000a 03FB02F2 		mul	r2, r3, r2
 202              	.LVL22:
  45:Core/Src/u8g2/Src/u8g2_buffer.c ****   memset(u8g2->tile_buf_ptr, 0, cnt);
 203              		.loc 1 45 3 is_stmt 1 view .LVU58
  46:Core/Src/u8g2/Src/u8g2_buffer.c **** }
 204              		.loc 1 46 3 view .LVU59
 205 000e D200     		lsls	r2, r2, #3
 206              	.LVL23:
  46:Core/Src/u8g2/Src/u8g2_buffer.c **** }
 207              		.loc 1 46 3 is_stmt 0 view .LVU60
 208 0010 0021     		movs	r1, #0
 209 0012 406B     		ldr	r0, [r0, #52]
 210              	.LVL24:
  46:Core/Src/u8g2/Src/u8g2_buffer.c **** }
 211              		.loc 1 46 3 view .LVU61
 212 0014 FFF7FEFF 		bl	memset
 213              	.LVL25:
  47:Core/Src/u8g2/Src/u8g2_buffer.c **** 
 214              		.loc 1 47 1 view .LVU62
 215 0018 08BD     		pop	{r3, pc}
 216              		.cfi_endproc
 217              	.LFE0:
 219              		.section	.text.u8g2_SendBuffer,"ax",%progbits
 220              		.align	1
 221              		.global	u8g2_SendBuffer
 222              		.syntax unified
 223              		.thumb
 224              		.thumb_func
 226              	u8g2_SendBuffer:
 227              	.LVL26:
 228              	.LFB3:
  91:Core/Src/u8g2/Src/u8g2_buffer.c **** 
  92:Core/Src/u8g2/Src/u8g2_buffer.c **** /* same as u8g2_send_buffer but also send the DISPLAY_REFRESH message (used by SSD1606) */
  93:Core/Src/u8g2/Src/u8g2_buffer.c **** void u8g2_SendBuffer(u8g2_t *u8g2)
  94:Core/Src/u8g2/Src/u8g2_buffer.c **** {
 229              		.loc 1 94 1 is_stmt 1 view -0
 230              		.cfi_startproc
 231              		@ args = 0, pretend = 0, frame = 0
 232              		@ frame_needed = 0, uses_anonymous_args = 0
 233              		.loc 1 94 1 is_stmt 0 view .LVU64
 234 0000 10B5     		push	{r4, lr}
 235              	.LCFI5:
 236              		.cfi_def_cfa_offset 8
 237              		.cfi_offset 4, -8
 238              		.cfi_offset 14, -4
 239 0002 0446     		mov	r4, r0
  95:Core/Src/u8g2/Src/u8g2_buffer.c ****   u8g2_send_buffer(u8g2);
ARM GAS  C:\Users\MOROSH~1\AppData\Local\Temp\cc91RVdN.s 			page 7


 240              		.loc 1 95 3 is_stmt 1 view .LVU65
 241 0004 FFF7FEFF 		bl	u8g2_send_buffer
 242              	.LVL27:
  96:Core/Src/u8g2/Src/u8g2_buffer.c ****   u8x8_RefreshDisplay( u8g2_GetU8x8(u8g2) );  
 243              		.loc 1 96 3 view .LVU66
 244 0008 2046     		mov	r0, r4
 245 000a FFF7FEFF 		bl	u8x8_RefreshDisplay
 246              	.LVL28:
  97:Core/Src/u8g2/Src/u8g2_buffer.c **** }
 247              		.loc 1 97 1 is_stmt 0 view .LVU67
 248 000e 10BD     		pop	{r4, pc}
 249              		.loc 1 97 1 view .LVU68
 250              		.cfi_endproc
 251              	.LFE3:
 253              		.section	.text.u8g2_SetBufferCurrTileRow,"ax",%progbits
 254              		.align	1
 255              		.global	u8g2_SetBufferCurrTileRow
 256              		.syntax unified
 257              		.thumb
 258              		.thumb_func
 260              	u8g2_SetBufferCurrTileRow:
 261              	.LVL29:
 262              	.LFB4:
  98:Core/Src/u8g2/Src/u8g2_buffer.c **** 
  99:Core/Src/u8g2/Src/u8g2_buffer.c **** /*============================================*/
 100:Core/Src/u8g2/Src/u8g2_buffer.c **** void u8g2_SetBufferCurrTileRow(u8g2_t *u8g2, uint8_t row)
 101:Core/Src/u8g2/Src/u8g2_buffer.c **** {
 263              		.loc 1 101 1 is_stmt 1 view -0
 264              		.cfi_startproc
 265              		@ args = 0, pretend = 0, frame = 0
 266              		@ frame_needed = 0, uses_anonymous_args = 0
 267              		.loc 1 101 1 is_stmt 0 view .LVU70
 268 0000 10B5     		push	{r4, lr}
 269              	.LCFI6:
 270              		.cfi_def_cfa_offset 8
 271              		.cfi_offset 4, -8
 272              		.cfi_offset 14, -4
 273 0002 0446     		mov	r4, r0
 102:Core/Src/u8g2/Src/u8g2_buffer.c ****   u8g2->tile_curr_row = row;
 274              		.loc 1 102 3 is_stmt 1 view .LVU71
 275              		.loc 1 102 23 is_stmt 0 view .LVU72
 276 0004 80F83910 		strb	r1, [r0, #57]
 103:Core/Src/u8g2/Src/u8g2_buffer.c ****   u8g2->cb->update_dimension(u8g2);
 277              		.loc 1 103 3 is_stmt 1 view .LVU73
 278              		.loc 1 103 7 is_stmt 0 view .LVU74
 279 0008 036B     		ldr	r3, [r0, #48]
 280              		.loc 1 103 11 view .LVU75
 281 000a 1B68     		ldr	r3, [r3]
 282              		.loc 1 103 3 view .LVU76
 283 000c 9847     		blx	r3
 284              	.LVL30:
 104:Core/Src/u8g2/Src/u8g2_buffer.c ****   u8g2->cb->update_page_win(u8g2);
 285              		.loc 1 104 3 is_stmt 1 view .LVU77
 286              		.loc 1 104 7 is_stmt 0 view .LVU78
 287 000e 236B     		ldr	r3, [r4, #48]
 288              		.loc 1 104 11 view .LVU79
 289 0010 5B68     		ldr	r3, [r3, #4]
ARM GAS  C:\Users\MOROSH~1\AppData\Local\Temp\cc91RVdN.s 			page 8


 290              		.loc 1 104 3 view .LVU80
 291 0012 2046     		mov	r0, r4
 292 0014 9847     		blx	r3
 293              	.LVL31:
 105:Core/Src/u8g2/Src/u8g2_buffer.c **** }
 294              		.loc 1 105 1 view .LVU81
 295 0016 10BD     		pop	{r4, pc}
 296              		.loc 1 105 1 view .LVU82
 297              		.cfi_endproc
 298              	.LFE4:
 300              		.section	.text.u8g2_FirstPage,"ax",%progbits
 301              		.align	1
 302              		.global	u8g2_FirstPage
 303              		.syntax unified
 304              		.thumb
 305              		.thumb_func
 307              	u8g2_FirstPage:
 308              	.LVL32:
 309              	.LFB5:
 106:Core/Src/u8g2/Src/u8g2_buffer.c **** 
 107:Core/Src/u8g2/Src/u8g2_buffer.c **** void u8g2_FirstPage(u8g2_t *u8g2)
 108:Core/Src/u8g2/Src/u8g2_buffer.c **** {
 310              		.loc 1 108 1 is_stmt 1 view -0
 311              		.cfi_startproc
 312              		@ args = 0, pretend = 0, frame = 0
 313              		@ frame_needed = 0, uses_anonymous_args = 0
 314              		.loc 1 108 1 is_stmt 0 view .LVU84
 315 0000 10B5     		push	{r4, lr}
 316              	.LCFI7:
 317              		.cfi_def_cfa_offset 8
 318              		.cfi_offset 4, -8
 319              		.cfi_offset 14, -4
 320 0002 0446     		mov	r4, r0
 109:Core/Src/u8g2/Src/u8g2_buffer.c ****   if ( u8g2->is_auto_page_clear )
 321              		.loc 1 109 3 is_stmt 1 view .LVU85
 322              		.loc 1 109 12 is_stmt 0 view .LVU86
 323 0004 90F89330 		ldrb	r3, [r0, #147]	@ zero_extendqisi2
 324              		.loc 1 109 6 view .LVU87
 325 0008 23B9     		cbnz	r3, .L16
 326              	.LVL33:
 327              	.L14:
 110:Core/Src/u8g2/Src/u8g2_buffer.c ****   {
 111:Core/Src/u8g2/Src/u8g2_buffer.c ****     u8g2_ClearBuffer(u8g2);
 112:Core/Src/u8g2/Src/u8g2_buffer.c ****   }
 113:Core/Src/u8g2/Src/u8g2_buffer.c ****   u8g2_SetBufferCurrTileRow(u8g2, 0);
 328              		.loc 1 113 3 is_stmt 1 view .LVU88
 329 000a 0021     		movs	r1, #0
 330 000c 2046     		mov	r0, r4
 331 000e FFF7FEFF 		bl	u8g2_SetBufferCurrTileRow
 332              	.LVL34:
 114:Core/Src/u8g2/Src/u8g2_buffer.c **** }
 333              		.loc 1 114 1 is_stmt 0 view .LVU89
 334 0012 10BD     		pop	{r4, pc}
 335              	.LVL35:
 336              	.L16:
 111:Core/Src/u8g2/Src/u8g2_buffer.c ****   }
 337              		.loc 1 111 5 is_stmt 1 view .LVU90
ARM GAS  C:\Users\MOROSH~1\AppData\Local\Temp\cc91RVdN.s 			page 9


 338 0014 FFF7FEFF 		bl	u8g2_ClearBuffer
 339              	.LVL36:
 111:Core/Src/u8g2/Src/u8g2_buffer.c ****   }
 340              		.loc 1 111 5 is_stmt 0 view .LVU91
 341 0018 F7E7     		b	.L14
 342              		.cfi_endproc
 343              	.LFE5:
 345              		.section	.text.u8g2_NextPage,"ax",%progbits
 346              		.align	1
 347              		.global	u8g2_NextPage
 348              		.syntax unified
 349              		.thumb
 350              		.thumb_func
 352              	u8g2_NextPage:
 353              	.LVL37:
 354              	.LFB6:
 115:Core/Src/u8g2/Src/u8g2_buffer.c **** 
 116:Core/Src/u8g2/Src/u8g2_buffer.c **** uint8_t u8g2_NextPage(u8g2_t *u8g2)
 117:Core/Src/u8g2/Src/u8g2_buffer.c **** {
 355              		.loc 1 117 1 is_stmt 1 view -0
 356              		.cfi_startproc
 357              		@ args = 0, pretend = 0, frame = 0
 358              		@ frame_needed = 0, uses_anonymous_args = 0
 359              		.loc 1 117 1 is_stmt 0 view .LVU93
 360 0000 38B5     		push	{r3, r4, r5, lr}
 361              	.LCFI8:
 362              		.cfi_def_cfa_offset 16
 363              		.cfi_offset 3, -16
 364              		.cfi_offset 4, -12
 365              		.cfi_offset 5, -8
 366              		.cfi_offset 14, -4
 367 0002 0446     		mov	r4, r0
 118:Core/Src/u8g2/Src/u8g2_buffer.c ****   uint8_t row;
 368              		.loc 1 118 3 is_stmt 1 view .LVU94
 119:Core/Src/u8g2/Src/u8g2_buffer.c ****   u8g2_send_buffer(u8g2);
 369              		.loc 1 119 3 view .LVU95
 370 0004 FFF7FEFF 		bl	u8g2_send_buffer
 371              	.LVL38:
 120:Core/Src/u8g2/Src/u8g2_buffer.c ****   row = u8g2->tile_curr_row;
 372              		.loc 1 120 3 view .LVU96
 373              		.loc 1 120 7 is_stmt 0 view .LVU97
 374 0008 94F83930 		ldrb	r3, [r4, #57]	@ zero_extendqisi2
 375              	.LVL39:
 121:Core/Src/u8g2/Src/u8g2_buffer.c ****   row += u8g2->tile_buf_height;
 376              		.loc 1 121 3 is_stmt 1 view .LVU98
 377              		.loc 1 121 14 is_stmt 0 view .LVU99
 378 000c 94F83850 		ldrb	r5, [r4, #56]	@ zero_extendqisi2
 379              		.loc 1 121 7 view .LVU100
 380 0010 1D44     		add	r5, r5, r3
 381 0012 EDB2     		uxtb	r5, r5
 382              	.LVL40:
 122:Core/Src/u8g2/Src/u8g2_buffer.c ****   if ( row >= u8g2_GetU8x8(u8g2)->display_info->tile_height )
 383              		.loc 1 122 3 is_stmt 1 view .LVU101
 384              		.loc 1 122 33 is_stmt 0 view .LVU102
 385 0014 2368     		ldr	r3, [r4]
 386              		.loc 1 122 47 view .LVU103
 387 0016 5B7C     		ldrb	r3, [r3, #17]	@ zero_extendqisi2
ARM GAS  C:\Users\MOROSH~1\AppData\Local\Temp\cc91RVdN.s 			page 10


 388              		.loc 1 122 6 view .LVU104
 389 0018 AB42     		cmp	r3, r5
 390 001a 08D9     		bls	.L22
 123:Core/Src/u8g2/Src/u8g2_buffer.c ****   {
 124:Core/Src/u8g2/Src/u8g2_buffer.c ****     u8x8_RefreshDisplay( u8g2_GetU8x8(u8g2) );
 125:Core/Src/u8g2/Src/u8g2_buffer.c ****     return 0;
 126:Core/Src/u8g2/Src/u8g2_buffer.c ****   }
 127:Core/Src/u8g2/Src/u8g2_buffer.c ****   if ( u8g2->is_auto_page_clear )
 391              		.loc 1 127 3 is_stmt 1 view .LVU105
 392              		.loc 1 127 12 is_stmt 0 view .LVU106
 393 001c 94F89330 		ldrb	r3, [r4, #147]	@ zero_extendqisi2
 394              		.loc 1 127 6 view .LVU107
 395 0020 53B9     		cbnz	r3, .L23
 396              	.L20:
 128:Core/Src/u8g2/Src/u8g2_buffer.c ****   {
 129:Core/Src/u8g2/Src/u8g2_buffer.c ****     u8g2_ClearBuffer(u8g2);
 130:Core/Src/u8g2/Src/u8g2_buffer.c ****   }
 131:Core/Src/u8g2/Src/u8g2_buffer.c ****   u8g2_SetBufferCurrTileRow(u8g2, row);
 397              		.loc 1 131 3 is_stmt 1 view .LVU108
 398 0022 2946     		mov	r1, r5
 399 0024 2046     		mov	r0, r4
 400 0026 FFF7FEFF 		bl	u8g2_SetBufferCurrTileRow
 401              	.LVL41:
 132:Core/Src/u8g2/Src/u8g2_buffer.c ****   return 1;
 402              		.loc 1 132 3 view .LVU109
 403              		.loc 1 132 10 is_stmt 0 view .LVU110
 404 002a 0120     		movs	r0, #1
 405              	.L19:
 133:Core/Src/u8g2/Src/u8g2_buffer.c **** }
 406              		.loc 1 133 1 view .LVU111
 407 002c 38BD     		pop	{r3, r4, r5, pc}
 408              	.LVL42:
 409              	.L22:
 124:Core/Src/u8g2/Src/u8g2_buffer.c ****     return 0;
 410              		.loc 1 124 5 is_stmt 1 view .LVU112
 411 002e 2046     		mov	r0, r4
 412 0030 FFF7FEFF 		bl	u8x8_RefreshDisplay
 413              	.LVL43:
 125:Core/Src/u8g2/Src/u8g2_buffer.c ****   }
 414              		.loc 1 125 5 view .LVU113
 125:Core/Src/u8g2/Src/u8g2_buffer.c ****   }
 415              		.loc 1 125 12 is_stmt 0 view .LVU114
 416 0034 0020     		movs	r0, #0
 417 0036 F9E7     		b	.L19
 418              	.L23:
 129:Core/Src/u8g2/Src/u8g2_buffer.c ****   }
 419              		.loc 1 129 5 is_stmt 1 view .LVU115
 420 0038 2046     		mov	r0, r4
 421 003a FFF7FEFF 		bl	u8g2_ClearBuffer
 422              	.LVL44:
 423 003e F0E7     		b	.L20
 424              		.cfi_endproc
 425              	.LFE6:
 427              		.section	.text.u8g2_UpdateDisplayArea,"ax",%progbits
 428              		.align	1
 429              		.global	u8g2_UpdateDisplayArea
 430              		.syntax unified
ARM GAS  C:\Users\MOROSH~1\AppData\Local\Temp\cc91RVdN.s 			page 11


 431              		.thumb
 432              		.thumb_func
 434              	u8g2_UpdateDisplayArea:
 435              	.LVL45:
 436              	.LFB7:
 134:Core/Src/u8g2/Src/u8g2_buffer.c **** 
 135:Core/Src/u8g2/Src/u8g2_buffer.c **** 
 136:Core/Src/u8g2/Src/u8g2_buffer.c **** 
 137:Core/Src/u8g2/Src/u8g2_buffer.c **** /*============================================*/
 138:Core/Src/u8g2/Src/u8g2_buffer.c **** /*
 139:Core/Src/u8g2/Src/u8g2_buffer.c ****   Description:
 140:Core/Src/u8g2/Src/u8g2_buffer.c ****     Update a sub area of the display, given by tile position, width and height.
 141:Core/Src/u8g2/Src/u8g2_buffer.c ****     The arguments are "tile" coordinates. Any u8g2 rotation is ignored.
 142:Core/Src/u8g2/Src/u8g2_buffer.c ****     This procedure only checks whether full buffer mode is active.
 143:Core/Src/u8g2/Src/u8g2_buffer.c ****     There is no error checking for the arguments: It is the responsibility of the
 144:Core/Src/u8g2/Src/u8g2_buffer.c ****     user to ensure, that the provided arguments are correct.
 145:Core/Src/u8g2/Src/u8g2_buffer.c **** 
 146:Core/Src/u8g2/Src/u8g2_buffer.c ****   Limitations:
 147:Core/Src/u8g2/Src/u8g2_buffer.c ****     - Only available in full buffer mode (will not do anything in page mode)
 148:Core/Src/u8g2/Src/u8g2_buffer.c ****     - Tile positions and sizes (pixel position divided by 8)
 149:Core/Src/u8g2/Src/u8g2_buffer.c ****     - Any display rotation/mirror is ignored
 150:Core/Src/u8g2/Src/u8g2_buffer.c ****     - Only works with displays, which support U8x8 API
 151:Core/Src/u8g2/Src/u8g2_buffer.c ****     - Will not send the e-paper refresh message (will probably not work with e-paper devices)
 152:Core/Src/u8g2/Src/u8g2_buffer.c **** */
 153:Core/Src/u8g2/Src/u8g2_buffer.c **** void u8g2_UpdateDisplayArea(u8g2_t *u8g2, uint8_t  tx, uint8_t ty, uint8_t tw, uint8_t th)
 154:Core/Src/u8g2/Src/u8g2_buffer.c **** {
 437              		.loc 1 154 1 view -0
 438              		.cfi_startproc
 439              		@ args = 4, pretend = 0, frame = 0
 440              		@ frame_needed = 0, uses_anonymous_args = 0
 441              		.loc 1 154 1 is_stmt 0 view .LVU117
 442 0000 2DE9F047 		push	{r4, r5, r6, r7, r8, r9, r10, lr}
 443              	.LCFI9:
 444              		.cfi_def_cfa_offset 32
 445              		.cfi_offset 4, -32
 446              		.cfi_offset 5, -28
 447              		.cfi_offset 6, -24
 448              		.cfi_offset 7, -20
 449              		.cfi_offset 8, -16
 450              		.cfi_offset 9, -12
 451              		.cfi_offset 10, -8
 452              		.cfi_offset 14, -4
 453 0004 82B0     		sub	sp, sp, #8
 454              	.LCFI10:
 455              		.cfi_def_cfa_offset 40
 456 0006 1446     		mov	r4, r2
 457 0008 9846     		mov	r8, r3
 458 000a 9DF828A0 		ldrb	r10, [sp, #40]	@ zero_extendqisi2
 155:Core/Src/u8g2/Src/u8g2_buffer.c ****   uint16_t page_size;
 459              		.loc 1 155 3 is_stmt 1 view .LVU118
 156:Core/Src/u8g2/Src/u8g2_buffer.c ****   uint8_t *ptr;
 460              		.loc 1 156 3 view .LVU119
 157:Core/Src/u8g2/Src/u8g2_buffer.c ****   
 158:Core/Src/u8g2/Src/u8g2_buffer.c ****   /* check, whether we are in full buffer mode */
 159:Core/Src/u8g2/Src/u8g2_buffer.c ****   if ( u8g2->tile_buf_height != u8g2_GetU8x8(u8g2)->display_info->tile_height )
 461              		.loc 1 159 3 view .LVU120
 462              		.loc 1 159 12 is_stmt 0 view .LVU121
ARM GAS  C:\Users\MOROSH~1\AppData\Local\Temp\cc91RVdN.s 			page 12


 463 000e 90F83820 		ldrb	r2, [r0, #56]	@ zero_extendqisi2
 464              	.LVL46:
 465              		.loc 1 159 51 view .LVU122
 466 0012 0368     		ldr	r3, [r0]
 467              	.LVL47:
 468              		.loc 1 159 65 view .LVU123
 469 0014 5B7C     		ldrb	r3, [r3, #17]	@ zero_extendqisi2
 470              		.loc 1 159 6 view .LVU124
 471 0016 9A42     		cmp	r2, r3
 472 0018 1BD1     		bne	.L24
 473 001a 0646     		mov	r6, r0
 474 001c 0F46     		mov	r7, r1
 160:Core/Src/u8g2/Src/u8g2_buffer.c ****     return; /* not in full buffer mode, do nothing */
 161:Core/Src/u8g2/Src/u8g2_buffer.c **** 
 162:Core/Src/u8g2/Src/u8g2_buffer.c ****   page_size = u8g2->pixel_buf_width;  /* 8*u8g2->u8g2_GetU8x8(u8g2)->display_info->tile_width */
 475              		.loc 1 162 3 is_stmt 1 view .LVU125
 476              		.loc 1 162 13 is_stmt 0 view .LVU126
 477 001e B0F83A90 		ldrh	r9, [r0, #58]
 478              	.LVL48:
 163:Core/Src/u8g2/Src/u8g2_buffer.c ****     
 164:Core/Src/u8g2/Src/u8g2_buffer.c ****   ptr = u8g2_GetBufferPtr(u8g2);
 479              		.loc 1 164 3 is_stmt 1 view .LVU127
 480              		.loc 1 164 7 is_stmt 0 view .LVU128
 481 0022 456B     		ldr	r5, [r0, #52]
 482              	.LVL49:
 165:Core/Src/u8g2/Src/u8g2_buffer.c ****   ptr += tx*8;
 483              		.loc 1 165 3 is_stmt 1 view .LVU129
 166:Core/Src/u8g2/Src/u8g2_buffer.c ****   ptr += page_size*ty;
 484              		.loc 1 166 3 view .LVU130
 485              		.loc 1 166 19 is_stmt 0 view .LVU131
 486 0024 04FB09F3 		mul	r3, r4, r9
 487              		.loc 1 166 7 view .LVU132
 488 0028 03EBC103 		add	r3, r3, r1, lsl #3
 489 002c 1D44     		add	r5, r5, r3
 490              	.LVL50:
 167:Core/Src/u8g2/Src/u8g2_buffer.c ****   
 168:Core/Src/u8g2/Src/u8g2_buffer.c ****   while( th > 0 )
 491              		.loc 1 168 3 is_stmt 1 view .LVU133
 492              		.loc 1 168 8 is_stmt 0 view .LVU134
 493 002e 0DE0     		b	.L26
 494              	.LVL51:
 495              	.L27:
 169:Core/Src/u8g2/Src/u8g2_buffer.c ****   {
 170:Core/Src/u8g2/Src/u8g2_buffer.c ****     u8x8_DrawTile( u8g2_GetU8x8(u8g2), tx, ty, tw, ptr );
 496              		.loc 1 170 5 is_stmt 1 view .LVU135
 497 0030 0095     		str	r5, [sp]
 498 0032 4346     		mov	r3, r8
 499 0034 2246     		mov	r2, r4
 500 0036 3946     		mov	r1, r7
 501 0038 3046     		mov	r0, r6
 502 003a FFF7FEFF 		bl	u8x8_DrawTile
 503              	.LVL52:
 171:Core/Src/u8g2/Src/u8g2_buffer.c ****     ptr += page_size;
 504              		.loc 1 171 5 view .LVU136
 505              		.loc 1 171 9 is_stmt 0 view .LVU137
 506 003e 4D44     		add	r5, r5, r9
 507              	.LVL53:
ARM GAS  C:\Users\MOROSH~1\AppData\Local\Temp\cc91RVdN.s 			page 13


 172:Core/Src/u8g2/Src/u8g2_buffer.c ****     ty++;
 508              		.loc 1 172 5 is_stmt 1 view .LVU138
 509              		.loc 1 172 7 is_stmt 0 view .LVU139
 510 0040 0134     		adds	r4, r4, #1
 511              	.LVL54:
 512              		.loc 1 172 7 view .LVU140
 513 0042 E4B2     		uxtb	r4, r4
 514              	.LVL55:
 173:Core/Src/u8g2/Src/u8g2_buffer.c ****     th--;
 515              		.loc 1 173 5 is_stmt 1 view .LVU141
 516              		.loc 1 173 7 is_stmt 0 view .LVU142
 517 0044 0AF1FF32 		add	r2, r10, #-1
 518 0048 5FFA82FA 		uxtb	r10, r2
 519              	.LVL56:
 520              	.L26:
 168:Core/Src/u8g2/Src/u8g2_buffer.c ****   {
 521              		.loc 1 168 8 is_stmt 1 view .LVU143
 522 004c BAF1000F 		cmp	r10, #0
 523 0050 EED1     		bne	.L27
 524              	.LVL57:
 525              	.L24:
 174:Core/Src/u8g2/Src/u8g2_buffer.c ****   }  
 175:Core/Src/u8g2/Src/u8g2_buffer.c **** }
 526              		.loc 1 175 1 is_stmt 0 view .LVU144
 527 0052 02B0     		add	sp, sp, #8
 528              	.LCFI11:
 529              		.cfi_def_cfa_offset 32
 530              		@ sp needed
 531 0054 BDE8F087 		pop	{r4, r5, r6, r7, r8, r9, r10, pc}
 532              		.cfi_endproc
 533              	.LFE7:
 535              		.section	.text.u8g2_UpdateDisplay,"ax",%progbits
 536              		.align	1
 537              		.global	u8g2_UpdateDisplay
 538              		.syntax unified
 539              		.thumb
 540              		.thumb_func
 542              	u8g2_UpdateDisplay:
 543              	.LVL58:
 544              	.LFB8:
 176:Core/Src/u8g2/Src/u8g2_buffer.c **** 
 177:Core/Src/u8g2/Src/u8g2_buffer.c **** /* same as sendBuffer, but does not send the ePaper refresh message */
 178:Core/Src/u8g2/Src/u8g2_buffer.c **** void u8g2_UpdateDisplay(u8g2_t *u8g2)
 179:Core/Src/u8g2/Src/u8g2_buffer.c **** {
 545              		.loc 1 179 1 is_stmt 1 view -0
 546              		.cfi_startproc
 547              		@ args = 0, pretend = 0, frame = 0
 548              		@ frame_needed = 0, uses_anonymous_args = 0
 549              		.loc 1 179 1 is_stmt 0 view .LVU146
 550 0000 08B5     		push	{r3, lr}
 551              	.LCFI12:
 552              		.cfi_def_cfa_offset 8
 553              		.cfi_offset 3, -8
 554              		.cfi_offset 14, -4
 180:Core/Src/u8g2/Src/u8g2_buffer.c ****   u8g2_send_buffer(u8g2);
 555              		.loc 1 180 3 is_stmt 1 view .LVU147
 556 0002 FFF7FEFF 		bl	u8g2_send_buffer
ARM GAS  C:\Users\MOROSH~1\AppData\Local\Temp\cc91RVdN.s 			page 14


 557              	.LVL59:
 181:Core/Src/u8g2/Src/u8g2_buffer.c **** }
 558              		.loc 1 181 1 is_stmt 0 view .LVU148
 559 0006 08BD     		pop	{r3, pc}
 560              		.cfi_endproc
 561              	.LFE8:
 563              		.section	.text.u8g2_WriteBufferPBM,"ax",%progbits
 564              		.align	1
 565              		.global	u8g2_WriteBufferPBM
 566              		.syntax unified
 567              		.thumb
 568              		.thumb_func
 570              	u8g2_WriteBufferPBM:
 571              	.LVL60:
 572              	.LFB9:
 182:Core/Src/u8g2/Src/u8g2_buffer.c **** 
 183:Core/Src/u8g2/Src/u8g2_buffer.c **** 
 184:Core/Src/u8g2/Src/u8g2_buffer.c **** /*============================================*/
 185:Core/Src/u8g2/Src/u8g2_buffer.c **** 
 186:Core/Src/u8g2/Src/u8g2_buffer.c **** /* vertical_top memory architecture */
 187:Core/Src/u8g2/Src/u8g2_buffer.c **** void u8g2_WriteBufferPBM(u8g2_t *u8g2, void (*out)(const char *s))
 188:Core/Src/u8g2/Src/u8g2_buffer.c **** {
 573              		.loc 1 188 1 is_stmt 1 view -0
 574              		.cfi_startproc
 575              		@ args = 0, pretend = 0, frame = 0
 576              		@ frame_needed = 0, uses_anonymous_args = 0
 577              		.loc 1 188 1 is_stmt 0 view .LVU150
 578 0000 30B5     		push	{r4, r5, lr}
 579              	.LCFI13:
 580              		.cfi_def_cfa_offset 12
 581              		.cfi_offset 4, -12
 582              		.cfi_offset 5, -8
 583              		.cfi_offset 14, -4
 584 0002 83B0     		sub	sp, sp, #12
 585              	.LCFI14:
 586              		.cfi_def_cfa_offset 24
 587 0004 0446     		mov	r4, r0
 588 0006 0D46     		mov	r5, r1
 189:Core/Src/u8g2/Src/u8g2_buffer.c ****   u8x8_capture_write_pbm_pre(u8g2_GetBufferTileWidth(u8g2), u8g2_GetBufferTileHeight(u8g2), out);
 589              		.loc 1 189 3 is_stmt 1 view .LVU151
 590              		.loc 1 189 30 is_stmt 0 view .LVU152
 591 0008 0368     		ldr	r3, [r0]
 592              		.loc 1 189 3 view .LVU153
 593 000a 0A46     		mov	r2, r1
 594 000c 90F83810 		ldrb	r1, [r0, #56]	@ zero_extendqisi2
 595              	.LVL61:
 596              		.loc 1 189 3 view .LVU154
 597 0010 187C     		ldrb	r0, [r3, #16]	@ zero_extendqisi2
 598              	.LVL62:
 599              		.loc 1 189 3 view .LVU155
 600 0012 FFF7FEFF 		bl	u8x8_capture_write_pbm_pre
 601              	.LVL63:
 190:Core/Src/u8g2/Src/u8g2_buffer.c ****   u8x8_capture_write_pbm_buffer(u8g2_GetBufferPtr(u8g2), u8g2_GetBufferTileWidth(u8g2), u8g2_GetBuf
 602              		.loc 1 190 3 is_stmt 1 view .LVU156
 603              		.loc 1 190 58 is_stmt 0 view .LVU157
 604 0016 2368     		ldr	r3, [r4]
 605              		.loc 1 190 3 view .LVU158
ARM GAS  C:\Users\MOROSH~1\AppData\Local\Temp\cc91RVdN.s 			page 15


 606 0018 197C     		ldrb	r1, [r3, #16]	@ zero_extendqisi2
 607 001a 0095     		str	r5, [sp]
 608 001c 034B     		ldr	r3, .L33
 609 001e 94F83820 		ldrb	r2, [r4, #56]	@ zero_extendqisi2
 610 0022 606B     		ldr	r0, [r4, #52]
 611 0024 FFF7FEFF 		bl	u8x8_capture_write_pbm_buffer
 612              	.LVL64:
 191:Core/Src/u8g2/Src/u8g2_buffer.c **** }
 613              		.loc 1 191 1 view .LVU159
 614 0028 03B0     		add	sp, sp, #12
 615              	.LCFI15:
 616              		.cfi_def_cfa_offset 12
 617              		@ sp needed
 618 002a 30BD     		pop	{r4, r5, pc}
 619              	.LVL65:
 620              	.L34:
 621              		.loc 1 191 1 view .LVU160
 622              		.align	2
 623              	.L33:
 624 002c 00000000 		.word	u8x8_capture_get_pixel_1
 625              		.cfi_endproc
 626              	.LFE9:
 628              		.section	.text.u8g2_WriteBufferXBM,"ax",%progbits
 629              		.align	1
 630              		.global	u8g2_WriteBufferXBM
 631              		.syntax unified
 632              		.thumb
 633              		.thumb_func
 635              	u8g2_WriteBufferXBM:
 636              	.LVL66:
 637              	.LFB10:
 192:Core/Src/u8g2/Src/u8g2_buffer.c **** 
 193:Core/Src/u8g2/Src/u8g2_buffer.c **** void u8g2_WriteBufferXBM(u8g2_t *u8g2, void (*out)(const char *s))
 194:Core/Src/u8g2/Src/u8g2_buffer.c **** {
 638              		.loc 1 194 1 is_stmt 1 view -0
 639              		.cfi_startproc
 640              		@ args = 0, pretend = 0, frame = 0
 641              		@ frame_needed = 0, uses_anonymous_args = 0
 642              		.loc 1 194 1 is_stmt 0 view .LVU162
 643 0000 30B5     		push	{r4, r5, lr}
 644              	.LCFI16:
 645              		.cfi_def_cfa_offset 12
 646              		.cfi_offset 4, -12
 647              		.cfi_offset 5, -8
 648              		.cfi_offset 14, -4
 649 0002 83B0     		sub	sp, sp, #12
 650              	.LCFI17:
 651              		.cfi_def_cfa_offset 24
 652 0004 0446     		mov	r4, r0
 653 0006 0D46     		mov	r5, r1
 195:Core/Src/u8g2/Src/u8g2_buffer.c ****   u8x8_capture_write_xbm_pre(u8g2_GetBufferTileWidth(u8g2), u8g2_GetBufferTileHeight(u8g2), out);
 654              		.loc 1 195 3 is_stmt 1 view .LVU163
 655              		.loc 1 195 30 is_stmt 0 view .LVU164
 656 0008 0368     		ldr	r3, [r0]
 657              		.loc 1 195 3 view .LVU165
 658 000a 0A46     		mov	r2, r1
 659 000c 90F83810 		ldrb	r1, [r0, #56]	@ zero_extendqisi2
ARM GAS  C:\Users\MOROSH~1\AppData\Local\Temp\cc91RVdN.s 			page 16


 660              	.LVL67:
 661              		.loc 1 195 3 view .LVU166
 662 0010 187C     		ldrb	r0, [r3, #16]	@ zero_extendqisi2
 663              	.LVL68:
 664              		.loc 1 195 3 view .LVU167
 665 0012 FFF7FEFF 		bl	u8x8_capture_write_xbm_pre
 666              	.LVL69:
 196:Core/Src/u8g2/Src/u8g2_buffer.c ****   u8x8_capture_write_xbm_buffer(u8g2_GetBufferPtr(u8g2), u8g2_GetBufferTileWidth(u8g2), u8g2_GetBuf
 667              		.loc 1 196 3 is_stmt 1 view .LVU168
 668              		.loc 1 196 58 is_stmt 0 view .LVU169
 669 0016 2368     		ldr	r3, [r4]
 670              		.loc 1 196 3 view .LVU170
 671 0018 197C     		ldrb	r1, [r3, #16]	@ zero_extendqisi2
 672 001a 0095     		str	r5, [sp]
 673 001c 034B     		ldr	r3, .L37
 674 001e 94F83820 		ldrb	r2, [r4, #56]	@ zero_extendqisi2
 675 0022 606B     		ldr	r0, [r4, #52]
 676 0024 FFF7FEFF 		bl	u8x8_capture_write_xbm_buffer
 677              	.LVL70:
 197:Core/Src/u8g2/Src/u8g2_buffer.c **** }
 678              		.loc 1 197 1 view .LVU171
 679 0028 03B0     		add	sp, sp, #12
 680              	.LCFI18:
 681              		.cfi_def_cfa_offset 12
 682              		@ sp needed
 683 002a 30BD     		pop	{r4, r5, pc}
 684              	.LVL71:
 685              	.L38:
 686              		.loc 1 197 1 view .LVU172
 687              		.align	2
 688              	.L37:
 689 002c 00000000 		.word	u8x8_capture_get_pixel_1
 690              		.cfi_endproc
 691              	.LFE10:
 693              		.section	.text.u8g2_WriteBufferPBM2,"ax",%progbits
 694              		.align	1
 695              		.global	u8g2_WriteBufferPBM2
 696              		.syntax unified
 697              		.thumb
 698              		.thumb_func
 700              	u8g2_WriteBufferPBM2:
 701              	.LVL72:
 702              	.LFB11:
 198:Core/Src/u8g2/Src/u8g2_buffer.c **** 
 199:Core/Src/u8g2/Src/u8g2_buffer.c **** 
 200:Core/Src/u8g2/Src/u8g2_buffer.c **** /* horizontal right memory architecture */
 201:Core/Src/u8g2/Src/u8g2_buffer.c **** /* SH1122, LD7032, ST7920, ST7986, LC7981, T6963, SED1330, RA8835, MAX7219, LS0 */ 
 202:Core/Src/u8g2/Src/u8g2_buffer.c **** void u8g2_WriteBufferPBM2(u8g2_t *u8g2, void (*out)(const char *s))
 203:Core/Src/u8g2/Src/u8g2_buffer.c **** {
 703              		.loc 1 203 1 is_stmt 1 view -0
 704              		.cfi_startproc
 705              		@ args = 0, pretend = 0, frame = 0
 706              		@ frame_needed = 0, uses_anonymous_args = 0
 707              		.loc 1 203 1 is_stmt 0 view .LVU174
 708 0000 30B5     		push	{r4, r5, lr}
 709              	.LCFI19:
 710              		.cfi_def_cfa_offset 12
ARM GAS  C:\Users\MOROSH~1\AppData\Local\Temp\cc91RVdN.s 			page 17


 711              		.cfi_offset 4, -12
 712              		.cfi_offset 5, -8
 713              		.cfi_offset 14, -4
 714 0002 83B0     		sub	sp, sp, #12
 715              	.LCFI20:
 716              		.cfi_def_cfa_offset 24
 717 0004 0446     		mov	r4, r0
 718 0006 0D46     		mov	r5, r1
 204:Core/Src/u8g2/Src/u8g2_buffer.c ****   u8x8_capture_write_pbm_pre(u8g2_GetBufferTileWidth(u8g2), u8g2_GetBufferTileHeight(u8g2), out);
 719              		.loc 1 204 3 is_stmt 1 view .LVU175
 720              		.loc 1 204 30 is_stmt 0 view .LVU176
 721 0008 0368     		ldr	r3, [r0]
 722              		.loc 1 204 3 view .LVU177
 723 000a 0A46     		mov	r2, r1
 724 000c 90F83810 		ldrb	r1, [r0, #56]	@ zero_extendqisi2
 725              	.LVL73:
 726              		.loc 1 204 3 view .LVU178
 727 0010 187C     		ldrb	r0, [r3, #16]	@ zero_extendqisi2
 728              	.LVL74:
 729              		.loc 1 204 3 view .LVU179
 730 0012 FFF7FEFF 		bl	u8x8_capture_write_pbm_pre
 731              	.LVL75:
 205:Core/Src/u8g2/Src/u8g2_buffer.c ****   u8x8_capture_write_pbm_buffer(u8g2_GetBufferPtr(u8g2), u8g2_GetBufferTileWidth(u8g2), u8g2_GetBuf
 732              		.loc 1 205 3 is_stmt 1 view .LVU180
 733              		.loc 1 205 58 is_stmt 0 view .LVU181
 734 0016 2368     		ldr	r3, [r4]
 735              		.loc 1 205 3 view .LVU182
 736 0018 197C     		ldrb	r1, [r3, #16]	@ zero_extendqisi2
 737 001a 0095     		str	r5, [sp]
 738 001c 034B     		ldr	r3, .L41
 739 001e 94F83820 		ldrb	r2, [r4, #56]	@ zero_extendqisi2
 740 0022 606B     		ldr	r0, [r4, #52]
 741 0024 FFF7FEFF 		bl	u8x8_capture_write_pbm_buffer
 742              	.LVL76:
 206:Core/Src/u8g2/Src/u8g2_buffer.c **** }
 743              		.loc 1 206 1 view .LVU183
 744 0028 03B0     		add	sp, sp, #12
 745              	.LCFI21:
 746              		.cfi_def_cfa_offset 12
 747              		@ sp needed
 748 002a 30BD     		pop	{r4, r5, pc}
 749              	.LVL77:
 750              	.L42:
 751              		.loc 1 206 1 view .LVU184
 752              		.align	2
 753              	.L41:
 754 002c 00000000 		.word	u8x8_capture_get_pixel_2
 755              		.cfi_endproc
 756              	.LFE11:
 758              		.section	.text.u8g2_WriteBufferXBM2,"ax",%progbits
 759              		.align	1
 760              		.global	u8g2_WriteBufferXBM2
 761              		.syntax unified
 762              		.thumb
 763              		.thumb_func
 765              	u8g2_WriteBufferXBM2:
 766              	.LVL78:
ARM GAS  C:\Users\MOROSH~1\AppData\Local\Temp\cc91RVdN.s 			page 18


 767              	.LFB12:
 207:Core/Src/u8g2/Src/u8g2_buffer.c **** 
 208:Core/Src/u8g2/Src/u8g2_buffer.c **** void u8g2_WriteBufferXBM2(u8g2_t *u8g2, void (*out)(const char *s))
 209:Core/Src/u8g2/Src/u8g2_buffer.c **** {
 768              		.loc 1 209 1 is_stmt 1 view -0
 769              		.cfi_startproc
 770              		@ args = 0, pretend = 0, frame = 0
 771              		@ frame_needed = 0, uses_anonymous_args = 0
 772              		.loc 1 209 1 is_stmt 0 view .LVU186
 773 0000 30B5     		push	{r4, r5, lr}
 774              	.LCFI22:
 775              		.cfi_def_cfa_offset 12
 776              		.cfi_offset 4, -12
 777              		.cfi_offset 5, -8
 778              		.cfi_offset 14, -4
 779 0002 83B0     		sub	sp, sp, #12
 780              	.LCFI23:
 781              		.cfi_def_cfa_offset 24
 782 0004 0446     		mov	r4, r0
 783 0006 0D46     		mov	r5, r1
 210:Core/Src/u8g2/Src/u8g2_buffer.c ****   u8x8_capture_write_xbm_pre(u8g2_GetBufferTileWidth(u8g2), u8g2_GetBufferTileHeight(u8g2), out);
 784              		.loc 1 210 3 is_stmt 1 view .LVU187
 785              		.loc 1 210 30 is_stmt 0 view .LVU188
 786 0008 0368     		ldr	r3, [r0]
 787              		.loc 1 210 3 view .LVU189
 788 000a 0A46     		mov	r2, r1
 789 000c 90F83810 		ldrb	r1, [r0, #56]	@ zero_extendqisi2
 790              	.LVL79:
 791              		.loc 1 210 3 view .LVU190
 792 0010 187C     		ldrb	r0, [r3, #16]	@ zero_extendqisi2
 793              	.LVL80:
 794              		.loc 1 210 3 view .LVU191
 795 0012 FFF7FEFF 		bl	u8x8_capture_write_xbm_pre
 796              	.LVL81:
 211:Core/Src/u8g2/Src/u8g2_buffer.c ****   u8x8_capture_write_xbm_buffer(u8g2_GetBufferPtr(u8g2), u8g2_GetBufferTileWidth(u8g2), u8g2_GetBuf
 797              		.loc 1 211 3 is_stmt 1 view .LVU192
 798              		.loc 1 211 58 is_stmt 0 view .LVU193
 799 0016 2368     		ldr	r3, [r4]
 800              		.loc 1 211 3 view .LVU194
 801 0018 197C     		ldrb	r1, [r3, #16]	@ zero_extendqisi2
 802 001a 0095     		str	r5, [sp]
 803 001c 034B     		ldr	r3, .L45
 804 001e 94F83820 		ldrb	r2, [r4, #56]	@ zero_extendqisi2
 805 0022 606B     		ldr	r0, [r4, #52]
 806 0024 FFF7FEFF 		bl	u8x8_capture_write_xbm_buffer
 807              	.LVL82:
 212:Core/Src/u8g2/Src/u8g2_buffer.c **** }
 808              		.loc 1 212 1 view .LVU195
 809 0028 03B0     		add	sp, sp, #12
 810              	.LCFI24:
 811              		.cfi_def_cfa_offset 12
 812              		@ sp needed
 813 002a 30BD     		pop	{r4, r5, pc}
 814              	.LVL83:
 815              	.L46:
 816              		.loc 1 212 1 view .LVU196
 817              		.align	2
ARM GAS  C:\Users\MOROSH~1\AppData\Local\Temp\cc91RVdN.s 			page 19


 818              	.L45:
 819 002c 00000000 		.word	u8x8_capture_get_pixel_2
 820              		.cfi_endproc
 821              	.LFE12:
 823              		.text
 824              	.Letext0:
 825              		.file 2 "c:\\program files (x86)\\gnu arm embedded toolchain\\10 2021.10\\arm-none-eabi\\include\\
 826              		.file 3 "c:\\program files (x86)\\gnu arm embedded toolchain\\10 2021.10\\arm-none-eabi\\include\\
 827              		.file 4 "c:\\program files (x86)\\gnu arm embedded toolchain\\10 2021.10\\lib\\gcc\\arm-none-eabi\
 828              		.file 5 "Core/Src/u8g2/Inc/u8x8.h"
 829              		.file 6 "Core/Src/u8g2/Inc/u8g2.h"
 830              		.file 7 "<built-in>"
ARM GAS  C:\Users\MOROSH~1\AppData\Local\Temp\cc91RVdN.s 			page 20


DEFINED SYMBOLS
                            *ABS*:00000000 u8g2_buffer.c
C:\Users\MOROSH~1\AppData\Local\Temp\cc91RVdN.s:20     .text.u8g2_send_tile_row:00000000 $t
C:\Users\MOROSH~1\AppData\Local\Temp\cc91RVdN.s:25     .text.u8g2_send_tile_row:00000000 u8g2_send_tile_row
C:\Users\MOROSH~1\AppData\Local\Temp\cc91RVdN.s:88     .text.u8g2_send_buffer:00000000 $t
C:\Users\MOROSH~1\AppData\Local\Temp\cc91RVdN.s:93     .text.u8g2_send_buffer:00000000 u8g2_send_buffer
C:\Users\MOROSH~1\AppData\Local\Temp\cc91RVdN.s:171    .text.u8g2_ClearBuffer:00000000 $t
C:\Users\MOROSH~1\AppData\Local\Temp\cc91RVdN.s:177    .text.u8g2_ClearBuffer:00000000 u8g2_ClearBuffer
C:\Users\MOROSH~1\AppData\Local\Temp\cc91RVdN.s:220    .text.u8g2_SendBuffer:00000000 $t
C:\Users\MOROSH~1\AppData\Local\Temp\cc91RVdN.s:226    .text.u8g2_SendBuffer:00000000 u8g2_SendBuffer
C:\Users\MOROSH~1\AppData\Local\Temp\cc91RVdN.s:254    .text.u8g2_SetBufferCurrTileRow:00000000 $t
C:\Users\MOROSH~1\AppData\Local\Temp\cc91RVdN.s:260    .text.u8g2_SetBufferCurrTileRow:00000000 u8g2_SetBufferCurrTileRow
C:\Users\MOROSH~1\AppData\Local\Temp\cc91RVdN.s:301    .text.u8g2_FirstPage:00000000 $t
C:\Users\MOROSH~1\AppData\Local\Temp\cc91RVdN.s:307    .text.u8g2_FirstPage:00000000 u8g2_FirstPage
C:\Users\MOROSH~1\AppData\Local\Temp\cc91RVdN.s:346    .text.u8g2_NextPage:00000000 $t
C:\Users\MOROSH~1\AppData\Local\Temp\cc91RVdN.s:352    .text.u8g2_NextPage:00000000 u8g2_NextPage
C:\Users\MOROSH~1\AppData\Local\Temp\cc91RVdN.s:428    .text.u8g2_UpdateDisplayArea:00000000 $t
C:\Users\MOROSH~1\AppData\Local\Temp\cc91RVdN.s:434    .text.u8g2_UpdateDisplayArea:00000000 u8g2_UpdateDisplayArea
C:\Users\MOROSH~1\AppData\Local\Temp\cc91RVdN.s:536    .text.u8g2_UpdateDisplay:00000000 $t
C:\Users\MOROSH~1\AppData\Local\Temp\cc91RVdN.s:542    .text.u8g2_UpdateDisplay:00000000 u8g2_UpdateDisplay
C:\Users\MOROSH~1\AppData\Local\Temp\cc91RVdN.s:564    .text.u8g2_WriteBufferPBM:00000000 $t
C:\Users\MOROSH~1\AppData\Local\Temp\cc91RVdN.s:570    .text.u8g2_WriteBufferPBM:00000000 u8g2_WriteBufferPBM
C:\Users\MOROSH~1\AppData\Local\Temp\cc91RVdN.s:624    .text.u8g2_WriteBufferPBM:0000002c $d
C:\Users\MOROSH~1\AppData\Local\Temp\cc91RVdN.s:629    .text.u8g2_WriteBufferXBM:00000000 $t
C:\Users\MOROSH~1\AppData\Local\Temp\cc91RVdN.s:635    .text.u8g2_WriteBufferXBM:00000000 u8g2_WriteBufferXBM
C:\Users\MOROSH~1\AppData\Local\Temp\cc91RVdN.s:689    .text.u8g2_WriteBufferXBM:0000002c $d
C:\Users\MOROSH~1\AppData\Local\Temp\cc91RVdN.s:694    .text.u8g2_WriteBufferPBM2:00000000 $t
C:\Users\MOROSH~1\AppData\Local\Temp\cc91RVdN.s:700    .text.u8g2_WriteBufferPBM2:00000000 u8g2_WriteBufferPBM2
C:\Users\MOROSH~1\AppData\Local\Temp\cc91RVdN.s:754    .text.u8g2_WriteBufferPBM2:0000002c $d
C:\Users\MOROSH~1\AppData\Local\Temp\cc91RVdN.s:759    .text.u8g2_WriteBufferXBM2:00000000 $t
C:\Users\MOROSH~1\AppData\Local\Temp\cc91RVdN.s:765    .text.u8g2_WriteBufferXBM2:00000000 u8g2_WriteBufferXBM2
C:\Users\MOROSH~1\AppData\Local\Temp\cc91RVdN.s:819    .text.u8g2_WriteBufferXBM2:0000002c $d

UNDEFINED SYMBOLS
u8x8_DrawTile
memset
u8x8_RefreshDisplay
u8x8_capture_write_pbm_pre
u8x8_capture_write_pbm_buffer
u8x8_capture_get_pixel_1
u8x8_capture_write_xbm_pre
u8x8_capture_write_xbm_buffer
u8x8_capture_get_pixel_2
