ARM GAS  C:\Users\MOROSH~1\AppData\Local\Temp\ccmqMqQS.s 			page 1


   1              		.cpu cortex-m4
   2              		.arch armv7e-m
   3              		.fpu fpv4-sp-d16
   4              		.eabi_attribute 27, 1
   5              		.eabi_attribute 28, 1
   6              		.eabi_attribute 20, 1
   7              		.eabi_attribute 21, 1
   8              		.eabi_attribute 23, 3
   9              		.eabi_attribute 24, 1
  10              		.eabi_attribute 25, 1
  11              		.eabi_attribute 26, 1
  12              		.eabi_attribute 30, 1
  13              		.eabi_attribute 34, 1
  14              		.eabi_attribute 18, 4
  15              		.file	"u8g2_intersection.c"
  16              		.text
  17              	.Ltext0:
  18              		.cfi_sections	.debug_frame
  19              		.section	.text.u8g2_is_intersection_decision_tree,"ax",%progbits
  20              		.align	1
  21              		.global	u8g2_is_intersection_decision_tree
  22              		.syntax unified
  23              		.thumb
  24              		.thumb_func
  26              	u8g2_is_intersection_decision_tree:
  27              	.LVL0:
  28              	.LFB0:
  29              		.file 1 "Core/Src/u8g2/Src/u8g2_intersection.c"
   1:Core/Src/u8g2/Src/u8g2_intersection.c **** /*
   2:Core/Src/u8g2/Src/u8g2_intersection.c **** 
   3:Core/Src/u8g2/Src/u8g2_intersection.c ****   u8g2_intersection.c 
   4:Core/Src/u8g2/Src/u8g2_intersection.c ****   
   5:Core/Src/u8g2/Src/u8g2_intersection.c ****   Intersection calculation, code taken from u8g_clip.c
   6:Core/Src/u8g2/Src/u8g2_intersection.c **** 
   7:Core/Src/u8g2/Src/u8g2_intersection.c ****   Universal 8bit Graphics Library (https://github.com/olikraus/u8g2/)
   8:Core/Src/u8g2/Src/u8g2_intersection.c **** 
   9:Core/Src/u8g2/Src/u8g2_intersection.c ****   Copyright (c) 2016, olikraus@gmail.com
  10:Core/Src/u8g2/Src/u8g2_intersection.c ****   All rights reserved.
  11:Core/Src/u8g2/Src/u8g2_intersection.c **** 
  12:Core/Src/u8g2/Src/u8g2_intersection.c ****   Redistribution and use in source and binary forms, with or without modification, 
  13:Core/Src/u8g2/Src/u8g2_intersection.c ****   are permitted provided that the following conditions are met:
  14:Core/Src/u8g2/Src/u8g2_intersection.c **** 
  15:Core/Src/u8g2/Src/u8g2_intersection.c ****   * Redistributions of source code must retain the above copyright notice, this list 
  16:Core/Src/u8g2/Src/u8g2_intersection.c ****     of conditions and the following disclaimer.
  17:Core/Src/u8g2/Src/u8g2_intersection.c ****     
  18:Core/Src/u8g2/Src/u8g2_intersection.c ****   * Redistributions in binary form must reproduce the above copyright notice, this 
  19:Core/Src/u8g2/Src/u8g2_intersection.c ****     list of conditions and the following disclaimer in the documentation and/or other 
  20:Core/Src/u8g2/Src/u8g2_intersection.c ****     materials provided with the distribution.
  21:Core/Src/u8g2/Src/u8g2_intersection.c **** 
  22:Core/Src/u8g2/Src/u8g2_intersection.c ****   THIS SOFTWARE IS PROVIDED BY THE COPYRIGHT HOLDERS AND 
  23:Core/Src/u8g2/Src/u8g2_intersection.c ****   CONTRIBUTORS "AS IS" AND ANY EXPRESS OR IMPLIED WARRANTIES, 
  24:Core/Src/u8g2/Src/u8g2_intersection.c ****   INCLUDING, BUT NOT LIMITED TO, THE IMPLIED WARRANTIES OF 
  25:Core/Src/u8g2/Src/u8g2_intersection.c ****   MERCHANTABILITY AND FITNESS FOR A PARTICULAR PURPOSE ARE 
  26:Core/Src/u8g2/Src/u8g2_intersection.c ****   DISCLAIMED. IN NO EVENT SHALL THE COPYRIGHT HOLDER OR 
  27:Core/Src/u8g2/Src/u8g2_intersection.c ****   CONTRIBUTORS BE LIABLE FOR ANY DIRECT, INDIRECT, INCIDENTAL, 
  28:Core/Src/u8g2/Src/u8g2_intersection.c ****   SPECIAL, EXEMPLARY, OR CONSEQUENTIAL DAMAGES (INCLUDING, BUT 
  29:Core/Src/u8g2/Src/u8g2_intersection.c ****   NOT LIMITED TO, PROCUREMENT OF SUBSTITUTE GOODS OR SERVICES; 
ARM GAS  C:\Users\MOROSH~1\AppData\Local\Temp\ccmqMqQS.s 			page 2


  30:Core/Src/u8g2/Src/u8g2_intersection.c ****   LOSS OF USE, DATA, OR PROFITS; OR BUSINESS INTERRUPTION) HOWEVER 
  31:Core/Src/u8g2/Src/u8g2_intersection.c ****   CAUSED AND ON ANY THEORY OF LIABILITY, WHETHER IN CONTRACT, 
  32:Core/Src/u8g2/Src/u8g2_intersection.c ****   STRICT LIABILITY, OR TORT (INCLUDING NEGLIGENCE OR OTHERWISE) 
  33:Core/Src/u8g2/Src/u8g2_intersection.c ****   ARISING IN ANY WAY OUT OF THE USE OF THIS SOFTWARE, EVEN IF 
  34:Core/Src/u8g2/Src/u8g2_intersection.c ****   ADVISED OF THE POSSIBILITY OF SUCH DAMAGE.  
  35:Core/Src/u8g2/Src/u8g2_intersection.c **** 
  36:Core/Src/u8g2/Src/u8g2_intersection.c **** */
  37:Core/Src/u8g2/Src/u8g2_intersection.c **** 
  38:Core/Src/u8g2/Src/u8g2_intersection.c **** #include "u8g2.h"
  39:Core/Src/u8g2/Src/u8g2_intersection.c **** 
  40:Core/Src/u8g2/Src/u8g2_intersection.c **** #ifdef __GNUC__
  41:Core/Src/u8g2/Src/u8g2_intersection.c **** #define U8G2_ALWAYS_INLINE __inline__ __attribute__((always_inline))
  42:Core/Src/u8g2/Src/u8g2_intersection.c **** #else
  43:Core/Src/u8g2/Src/u8g2_intersection.c **** #define U8G2_ALWAYS_INLINE
  44:Core/Src/u8g2/Src/u8g2_intersection.c **** #endif 
  45:Core/Src/u8g2/Src/u8g2_intersection.c **** 
  46:Core/Src/u8g2/Src/u8g2_intersection.c **** 
  47:Core/Src/u8g2/Src/u8g2_intersection.c **** #if defined(U8G2_WITH_INTERSECTION) || defined(U8G2_WITH_CLIP_WINDOW_SUPPORT)
  48:Core/Src/u8g2/Src/u8g2_intersection.c **** 
  49:Core/Src/u8g2/Src/u8g2_intersection.c **** #ifdef OLD_VERSION_WITH_SYMETRIC_BOUNDARIES
  50:Core/Src/u8g2/Src/u8g2_intersection.c **** 
  51:Core/Src/u8g2/Src/u8g2_intersection.c **** /*
  52:Core/Src/u8g2/Src/u8g2_intersection.c ****   intersection assumptions:
  53:Core/Src/u8g2/Src/u8g2_intersection.c ****     a1 <= a2 is always true    
  54:Core/Src/u8g2/Src/u8g2_intersection.c ****     
  55:Core/Src/u8g2/Src/u8g2_intersection.c ****     minimized version
  56:Core/Src/u8g2/Src/u8g2_intersection.c ****     ---1----0 1             b1 <= a2 && b1 > b2
  57:Core/Src/u8g2/Src/u8g2_intersection.c ****     -----1--0 1             b2 >= a1 && b1 > b2
  58:Core/Src/u8g2/Src/u8g2_intersection.c ****     ---1-1--- 1             b1 <= a2 && b2 >= a1
  59:Core/Src/u8g2/Src/u8g2_intersection.c ****   */
  60:Core/Src/u8g2/Src/u8g2_intersection.c **** 
  61:Core/Src/u8g2/Src/u8g2_intersection.c **** 
  62:Core/Src/u8g2/Src/u8g2_intersection.c **** /*
  63:Core/Src/u8g2/Src/u8g2_intersection.c ****   calculate the intersection between a0/a1 and v0/v1
  64:Core/Src/u8g2/Src/u8g2_intersection.c ****   The intersection check returns one if the range of a0/a1 has an intersection with v0/v1.
  65:Core/Src/u8g2/Src/u8g2_intersection.c ****   The intersection check includes the boundary values v1 and a1.
  66:Core/Src/u8g2/Src/u8g2_intersection.c **** 
  67:Core/Src/u8g2/Src/u8g2_intersection.c ****   The following asserts will succeed:
  68:Core/Src/u8g2/Src/u8g2_intersection.c ****     assert( u8g2_is_intersection_decision_tree(4, 6, 7, 9) == 0 );
  69:Core/Src/u8g2/Src/u8g2_intersection.c ****     assert( u8g2_is_intersection_decision_tree(4, 6, 6, 9) != 0 );
  70:Core/Src/u8g2/Src/u8g2_intersection.c ****     assert( u8g2_is_intersection_decision_tree(6, 9, 4, 6) != 0 );
  71:Core/Src/u8g2/Src/u8g2_intersection.c ****     assert( u8g2_is_intersection_decision_tree(7, 9, 4, 6) == 0 );  
  72:Core/Src/u8g2/Src/u8g2_intersection.c **** */
  73:Core/Src/u8g2/Src/u8g2_intersection.c **** 
  74:Core/Src/u8g2/Src/u8g2_intersection.c **** //static uint8_t U8G2_ALWAYS_INLINE u8g2_is_intersection_decision_tree(u8g_uint_t a0, u8g_uint_t a1
  75:Core/Src/u8g2/Src/u8g2_intersection.c **** static uint8_t u8g2_is_intersection_decision_tree(u8g2_uint_t a0, u8g2_uint_t a1, u8g2_uint_t v0, u
  76:Core/Src/u8g2/Src/u8g2_intersection.c **** {
  77:Core/Src/u8g2/Src/u8g2_intersection.c ****   if ( v0 <= a1 )
  78:Core/Src/u8g2/Src/u8g2_intersection.c ****   {
  79:Core/Src/u8g2/Src/u8g2_intersection.c ****     if ( v1 >= a0 )
  80:Core/Src/u8g2/Src/u8g2_intersection.c ****     {
  81:Core/Src/u8g2/Src/u8g2_intersection.c ****       return 1;
  82:Core/Src/u8g2/Src/u8g2_intersection.c ****     }
  83:Core/Src/u8g2/Src/u8g2_intersection.c ****     else
  84:Core/Src/u8g2/Src/u8g2_intersection.c ****     {
  85:Core/Src/u8g2/Src/u8g2_intersection.c ****       if ( v0 > v1 )
  86:Core/Src/u8g2/Src/u8g2_intersection.c ****       {
ARM GAS  C:\Users\MOROSH~1\AppData\Local\Temp\ccmqMqQS.s 			page 3


  87:Core/Src/u8g2/Src/u8g2_intersection.c **** 	return 1;
  88:Core/Src/u8g2/Src/u8g2_intersection.c ****       }
  89:Core/Src/u8g2/Src/u8g2_intersection.c ****       else
  90:Core/Src/u8g2/Src/u8g2_intersection.c ****       {
  91:Core/Src/u8g2/Src/u8g2_intersection.c **** 	return 0;
  92:Core/Src/u8g2/Src/u8g2_intersection.c ****       }
  93:Core/Src/u8g2/Src/u8g2_intersection.c ****     }
  94:Core/Src/u8g2/Src/u8g2_intersection.c ****   }
  95:Core/Src/u8g2/Src/u8g2_intersection.c ****   else
  96:Core/Src/u8g2/Src/u8g2_intersection.c ****   {
  97:Core/Src/u8g2/Src/u8g2_intersection.c ****     if ( v1 >= a0 )
  98:Core/Src/u8g2/Src/u8g2_intersection.c ****     {
  99:Core/Src/u8g2/Src/u8g2_intersection.c ****       if ( v0 > v1 )
 100:Core/Src/u8g2/Src/u8g2_intersection.c ****       {
 101:Core/Src/u8g2/Src/u8g2_intersection.c **** 	return 1;
 102:Core/Src/u8g2/Src/u8g2_intersection.c ****       }
 103:Core/Src/u8g2/Src/u8g2_intersection.c ****       else
 104:Core/Src/u8g2/Src/u8g2_intersection.c ****       {
 105:Core/Src/u8g2/Src/u8g2_intersection.c **** 	return 0;
 106:Core/Src/u8g2/Src/u8g2_intersection.c ****       }
 107:Core/Src/u8g2/Src/u8g2_intersection.c ****     }
 108:Core/Src/u8g2/Src/u8g2_intersection.c ****     else
 109:Core/Src/u8g2/Src/u8g2_intersection.c ****     {
 110:Core/Src/u8g2/Src/u8g2_intersection.c ****       return 0;
 111:Core/Src/u8g2/Src/u8g2_intersection.c ****     }
 112:Core/Src/u8g2/Src/u8g2_intersection.c ****   }
 113:Core/Src/u8g2/Src/u8g2_intersection.c **** }
 114:Core/Src/u8g2/Src/u8g2_intersection.c **** 
 115:Core/Src/u8g2/Src/u8g2_intersection.c **** #endif	/* OLD_VERSION_WITH_SYMETRIC_BOUNDARIES */
 116:Core/Src/u8g2/Src/u8g2_intersection.c **** 
 117:Core/Src/u8g2/Src/u8g2_intersection.c **** 
 118:Core/Src/u8g2/Src/u8g2_intersection.c **** /*
 119:Core/Src/u8g2/Src/u8g2_intersection.c ****   version with asymetric boundaries.
 120:Core/Src/u8g2/Src/u8g2_intersection.c ****   a1 and v1 are excluded
 121:Core/Src/u8g2/Src/u8g2_intersection.c ****   v0 == v1 is not support end return 1
 122:Core/Src/u8g2/Src/u8g2_intersection.c **** */
 123:Core/Src/u8g2/Src/u8g2_intersection.c **** uint8_t u8g2_is_intersection_decision_tree(u8g2_uint_t a0, u8g2_uint_t a1, u8g2_uint_t v0, u8g2_uin
 124:Core/Src/u8g2/Src/u8g2_intersection.c **** {
  30              		.loc 1 124 1 view -0
  31              		.cfi_startproc
  32              		@ args = 0, pretend = 0, frame = 0
  33              		@ frame_needed = 0, uses_anonymous_args = 0
  34              		@ link register save eliminated.
 125:Core/Src/u8g2/Src/u8g2_intersection.c ****   if ( v0 < a1 )		// v0 <= a1
  35              		.loc 1 125 3 view .LVU1
  36              		.loc 1 125 6 is_stmt 0 view .LVU2
  37 0000 8A42     		cmp	r2, r1
  38 0002 05D2     		bcs	.L2
 126:Core/Src/u8g2/Src/u8g2_intersection.c ****   {
 127:Core/Src/u8g2/Src/u8g2_intersection.c ****     if ( v1 > a0 )	// v1 >= a0
  39              		.loc 1 127 5 is_stmt 1 view .LVU3
  40              		.loc 1 127 8 is_stmt 0 view .LVU4
  41 0004 8342     		cmp	r3, r0
  42 0006 09D8     		bhi	.L4
 128:Core/Src/u8g2/Src/u8g2_intersection.c ****     {
 129:Core/Src/u8g2/Src/u8g2_intersection.c ****       return 1;
 130:Core/Src/u8g2/Src/u8g2_intersection.c ****     }
ARM GAS  C:\Users\MOROSH~1\AppData\Local\Temp\ccmqMqQS.s 			page 4


 131:Core/Src/u8g2/Src/u8g2_intersection.c ****     else
 132:Core/Src/u8g2/Src/u8g2_intersection.c ****     {
 133:Core/Src/u8g2/Src/u8g2_intersection.c ****       if ( v0 > v1 )	// v0 > v1
  43              		.loc 1 133 7 is_stmt 1 view .LVU5
  44              		.loc 1 133 10 is_stmt 0 view .LVU6
  45 0008 9A42     		cmp	r2, r3
  46 000a 09D9     		bls	.L5
 134:Core/Src/u8g2/Src/u8g2_intersection.c ****       {
 135:Core/Src/u8g2/Src/u8g2_intersection.c **** 	return 1;
  47              		.loc 1 135 9 view .LVU7
  48 000c 0120     		movs	r0, #1
  49              	.LVL1:
  50              		.loc 1 135 9 view .LVU8
  51 000e 7047     		bx	lr
  52              	.LVL2:
  53              	.L2:
 136:Core/Src/u8g2/Src/u8g2_intersection.c ****       }
 137:Core/Src/u8g2/Src/u8g2_intersection.c ****       else
 138:Core/Src/u8g2/Src/u8g2_intersection.c ****       {
 139:Core/Src/u8g2/Src/u8g2_intersection.c **** 	return 0;
 140:Core/Src/u8g2/Src/u8g2_intersection.c ****       }
 141:Core/Src/u8g2/Src/u8g2_intersection.c ****     }
 142:Core/Src/u8g2/Src/u8g2_intersection.c ****   }
 143:Core/Src/u8g2/Src/u8g2_intersection.c ****   else
 144:Core/Src/u8g2/Src/u8g2_intersection.c ****   {
 145:Core/Src/u8g2/Src/u8g2_intersection.c ****     if ( v1 > a0 )	// v1 >= a0
  54              		.loc 1 145 5 is_stmt 1 view .LVU9
  55              		.loc 1 145 8 is_stmt 0 view .LVU10
  56 0010 8342     		cmp	r3, r0
  57 0012 07D9     		bls	.L6
 146:Core/Src/u8g2/Src/u8g2_intersection.c ****     {
 147:Core/Src/u8g2/Src/u8g2_intersection.c ****       if ( v0 > v1 )	// v0 > v1
  58              		.loc 1 147 7 is_stmt 1 view .LVU11
  59              		.loc 1 147 10 is_stmt 0 view .LVU12
  60 0014 9A42     		cmp	r2, r3
  61 0016 07D9     		bls	.L7
 148:Core/Src/u8g2/Src/u8g2_intersection.c ****       {
 149:Core/Src/u8g2/Src/u8g2_intersection.c **** 	return 1;
  62              		.loc 1 149 9 view .LVU13
  63 0018 0120     		movs	r0, #1
  64              	.LVL3:
  65              		.loc 1 149 9 view .LVU14
  66 001a 7047     		bx	lr
  67              	.LVL4:
  68              	.L4:
 129:Core/Src/u8g2/Src/u8g2_intersection.c ****     }
  69              		.loc 1 129 14 view .LVU15
  70 001c 0120     		movs	r0, #1
  71              	.LVL5:
 129:Core/Src/u8g2/Src/u8g2_intersection.c ****     }
  72              		.loc 1 129 14 view .LVU16
  73 001e 7047     		bx	lr
  74              	.LVL6:
  75              	.L5:
 139:Core/Src/u8g2/Src/u8g2_intersection.c ****       }
  76              		.loc 1 139 9 view .LVU17
  77 0020 0020     		movs	r0, #0
ARM GAS  C:\Users\MOROSH~1\AppData\Local\Temp\ccmqMqQS.s 			page 5


  78              	.LVL7:
 139:Core/Src/u8g2/Src/u8g2_intersection.c ****       }
  79              		.loc 1 139 9 view .LVU18
  80 0022 7047     		bx	lr
  81              	.LVL8:
  82              	.L6:
 150:Core/Src/u8g2/Src/u8g2_intersection.c ****       }
 151:Core/Src/u8g2/Src/u8g2_intersection.c ****       else
 152:Core/Src/u8g2/Src/u8g2_intersection.c ****       {
 153:Core/Src/u8g2/Src/u8g2_intersection.c **** 	return 0;
 154:Core/Src/u8g2/Src/u8g2_intersection.c ****       }
 155:Core/Src/u8g2/Src/u8g2_intersection.c ****     }
 156:Core/Src/u8g2/Src/u8g2_intersection.c ****     else
 157:Core/Src/u8g2/Src/u8g2_intersection.c ****     {
 158:Core/Src/u8g2/Src/u8g2_intersection.c ****       return 0;
  83              		.loc 1 158 14 view .LVU19
  84 0024 0020     		movs	r0, #0
  85              	.LVL9:
  86              		.loc 1 158 14 view .LVU20
  87 0026 7047     		bx	lr
  88              	.LVL10:
  89              	.L7:
 153:Core/Src/u8g2/Src/u8g2_intersection.c ****       }
  90              		.loc 1 153 9 view .LVU21
  91 0028 0020     		movs	r0, #0
  92              	.LVL11:
 159:Core/Src/u8g2/Src/u8g2_intersection.c ****     }
 160:Core/Src/u8g2/Src/u8g2_intersection.c ****   }
 161:Core/Src/u8g2/Src/u8g2_intersection.c **** }
  93              		.loc 1 161 1 view .LVU22
  94 002a 7047     		bx	lr
  95              		.cfi_endproc
  96              	.LFE0:
  98              		.section	.text.u8g2_IsIntersection,"ax",%progbits
  99              		.align	1
 100              		.global	u8g2_IsIntersection
 101              		.syntax unified
 102              		.thumb
 103              		.thumb_func
 105              	u8g2_IsIntersection:
 106              	.LVL12:
 107              	.LFB1:
 162:Core/Src/u8g2/Src/u8g2_intersection.c **** 
 163:Core/Src/u8g2/Src/u8g2_intersection.c **** 
 164:Core/Src/u8g2/Src/u8g2_intersection.c **** 
 165:Core/Src/u8g2/Src/u8g2_intersection.c **** /* upper limits are not included (asymetric boundaries) */
 166:Core/Src/u8g2/Src/u8g2_intersection.c **** uint8_t u8g2_IsIntersection(u8g2_t *u8g2, u8g2_uint_t x0, u8g2_uint_t y0, u8g2_uint_t x1, u8g2_uint
 167:Core/Src/u8g2/Src/u8g2_intersection.c **** {
 108              		.loc 1 167 1 is_stmt 1 view -0
 109              		.cfi_startproc
 110              		@ args = 4, pretend = 0, frame = 0
 111              		@ frame_needed = 0, uses_anonymous_args = 0
 112              		.loc 1 167 1 is_stmt 0 view .LVU24
 113 0000 70B5     		push	{r4, r5, r6, lr}
 114              	.LCFI0:
 115              		.cfi_def_cfa_offset 16
 116              		.cfi_offset 4, -16
ARM GAS  C:\Users\MOROSH~1\AppData\Local\Temp\ccmqMqQS.s 			page 6


 117              		.cfi_offset 5, -12
 118              		.cfi_offset 6, -8
 119              		.cfi_offset 14, -4
 120 0002 0446     		mov	r4, r0
 121 0004 0D46     		mov	r5, r1
 122 0006 1E46     		mov	r6, r3
 168:Core/Src/u8g2/Src/u8g2_intersection.c ****   if ( u8g2_is_intersection_decision_tree(u8g2->user_y0, u8g2->user_y1, y0, y1) == 0 )
 123              		.loc 1 168 3 is_stmt 1 view .LVU25
 124              		.loc 1 168 8 is_stmt 0 view .LVU26
 125 0008 BDF81030 		ldrh	r3, [sp, #16]
 126              	.LVL13:
 127              		.loc 1 168 8 view .LVU27
 128 000c B0F84E10 		ldrh	r1, [r0, #78]
 129              	.LVL14:
 130              		.loc 1 168 8 view .LVU28
 131 0010 B0F84C00 		ldrh	r0, [r0, #76]
 132              	.LVL15:
 133              		.loc 1 168 8 view .LVU29
 134 0014 FFF7FEFF 		bl	u8g2_is_intersection_decision_tree
 135              	.LVL16:
 136              		.loc 1 168 6 view .LVU30
 137 0018 38B1     		cbz	r0, .L9
 169:Core/Src/u8g2/Src/u8g2_intersection.c ****     return 0; 
 170:Core/Src/u8g2/Src/u8g2_intersection.c ****   
 171:Core/Src/u8g2/Src/u8g2_intersection.c ****   return u8g2_is_intersection_decision_tree(u8g2->user_x0, u8g2->user_x1, x0, x1);
 138              		.loc 1 171 3 is_stmt 1 view .LVU31
 139              		.loc 1 171 10 is_stmt 0 view .LVU32
 140 001a 3346     		mov	r3, r6
 141 001c 2A46     		mov	r2, r5
 142 001e B4F84A10 		ldrh	r1, [r4, #74]
 143 0022 B4F84800 		ldrh	r0, [r4, #72]
 144 0026 FFF7FEFF 		bl	u8g2_is_intersection_decision_tree
 145              	.LVL17:
 146              	.L9:
 172:Core/Src/u8g2/Src/u8g2_intersection.c **** }
 147              		.loc 1 172 1 view .LVU33
 148 002a 70BD     		pop	{r4, r5, r6, pc}
 149              		.loc 1 172 1 view .LVU34
 150              		.cfi_endproc
 151              	.LFE1:
 153              		.text
 154              	.Letext0:
 155              		.file 2 "c:\\program files (x86)\\gnu arm embedded toolchain\\10 2021.10\\arm-none-eabi\\include\\
 156              		.file 3 "c:\\program files (x86)\\gnu arm embedded toolchain\\10 2021.10\\arm-none-eabi\\include\\
 157              		.file 4 "Core/Src/u8g2/Inc/u8x8.h"
 158              		.file 5 "Core/Src/u8g2/Inc/u8g2.h"
ARM GAS  C:\Users\MOROSH~1\AppData\Local\Temp\ccmqMqQS.s 			page 7


DEFINED SYMBOLS
                            *ABS*:00000000 u8g2_intersection.c
C:\Users\MOROSH~1\AppData\Local\Temp\ccmqMqQS.s:20     .text.u8g2_is_intersection_decision_tree:00000000 $t
C:\Users\MOROSH~1\AppData\Local\Temp\ccmqMqQS.s:26     .text.u8g2_is_intersection_decision_tree:00000000 u8g2_is_intersection_decision_tree
C:\Users\MOROSH~1\AppData\Local\Temp\ccmqMqQS.s:99     .text.u8g2_IsIntersection:00000000 $t
C:\Users\MOROSH~1\AppData\Local\Temp\ccmqMqQS.s:105    .text.u8g2_IsIntersection:00000000 u8g2_IsIntersection

NO UNDEFINED SYMBOLS
