ARM GAS  C:\Users\MOROSH~1\AppData\Local\Temp\ccvbbO7J.s 			page 1


   1              		.cpu cortex-m4
   2              		.arch armv7e-m
   3              		.fpu fpv4-sp-d16
   4              		.eabi_attribute 27, 1
   5              		.eabi_attribute 28, 1
   6              		.eabi_attribute 20, 1
   7              		.eabi_attribute 21, 1
   8              		.eabi_attribute 23, 3
   9              		.eabi_attribute 24, 1
  10              		.eabi_attribute 25, 1
  11              		.eabi_attribute 26, 1
  12              		.eabi_attribute 30, 1
  13              		.eabi_attribute 34, 1
  14              		.eabi_attribute 18, 4
  15              		.file	"u8x8_message.c"
  16              		.text
  17              	.Ltext0:
  18              		.cfi_sections	.debug_frame
  19              		.section	.rodata.u8x8_draw_button_line.str1.4,"aMS",%progbits,1
  20              		.align	2
  21              	.LC0:
  22 0000 2000     		.ascii	" \000"
  23              		.section	.text.u8x8_draw_button_line,"ax",%progbits
  24              		.align	1
  25              		.global	u8x8_draw_button_line
  26              		.syntax unified
  27              		.thumb
  28              		.thumb_func
  30              	u8x8_draw_button_line:
  31              	.LVL0:
  32              	.LFB0:
  33              		.file 1 "Core/Src/u8g2/Src/u8x8_message.c"
   1:Core/Src/u8g2/Src/u8x8_message.c **** /*
   2:Core/Src/u8g2/Src/u8x8_message.c **** 
   3:Core/Src/u8g2/Src/u8x8_message.c ****   u8x8_message.c
   4:Core/Src/u8g2/Src/u8x8_message.c ****   
   5:Core/Src/u8g2/Src/u8x8_message.c ****   Universal 8bit Graphics Library (https://github.com/olikraus/u8g2/)
   6:Core/Src/u8g2/Src/u8x8_message.c **** 
   7:Core/Src/u8g2/Src/u8x8_message.c ****   Copyright (c) 2016, olikraus@gmail.com
   8:Core/Src/u8g2/Src/u8x8_message.c ****   All rights reserved.
   9:Core/Src/u8g2/Src/u8x8_message.c **** 
  10:Core/Src/u8g2/Src/u8x8_message.c ****   Redistribution and use in source and binary forms, with or without modification, 
  11:Core/Src/u8g2/Src/u8x8_message.c ****   are permitted provided that the following conditions are met:
  12:Core/Src/u8g2/Src/u8x8_message.c **** 
  13:Core/Src/u8g2/Src/u8x8_message.c ****   * Redistributions of source code must retain the above copyright notice, this list 
  14:Core/Src/u8g2/Src/u8x8_message.c ****     of conditions and the following disclaimer.
  15:Core/Src/u8g2/Src/u8x8_message.c ****     
  16:Core/Src/u8g2/Src/u8x8_message.c ****   * Redistributions in binary form must reproduce the above copyright notice, this 
  17:Core/Src/u8g2/Src/u8x8_message.c ****     list of conditions and the following disclaimer in the documentation and/or other 
  18:Core/Src/u8g2/Src/u8x8_message.c ****     materials provided with the distribution.
  19:Core/Src/u8g2/Src/u8x8_message.c **** 
  20:Core/Src/u8g2/Src/u8x8_message.c ****   THIS SOFTWARE IS PROVIDED BY THE COPYRIGHT HOLDERS AND 
  21:Core/Src/u8g2/Src/u8x8_message.c ****   CONTRIBUTORS "AS IS" AND ANY EXPRESS OR IMPLIED WARRANTIES, 
  22:Core/Src/u8g2/Src/u8x8_message.c ****   INCLUDING, BUT NOT LIMITED TO, THE IMPLIED WARRANTIES OF 
  23:Core/Src/u8g2/Src/u8x8_message.c ****   MERCHANTABILITY AND FITNESS FOR A PARTICULAR PURPOSE ARE 
  24:Core/Src/u8g2/Src/u8x8_message.c ****   DISCLAIMED. IN NO EVENT SHALL THE COPYRIGHT HOLDER OR 
  25:Core/Src/u8g2/Src/u8x8_message.c ****   CONTRIBUTORS BE LIABLE FOR ANY DIRECT, INDIRECT, INCIDENTAL, 
ARM GAS  C:\Users\MOROSH~1\AppData\Local\Temp\ccvbbO7J.s 			page 2


  26:Core/Src/u8g2/Src/u8x8_message.c ****   SPECIAL, EXEMPLARY, OR CONSEQUENTIAL DAMAGES (INCLUDING, BUT 
  27:Core/Src/u8g2/Src/u8x8_message.c ****   NOT LIMITED TO, PROCUREMENT OF SUBSTITUTE GOODS OR SERVICES; 
  28:Core/Src/u8g2/Src/u8x8_message.c ****   LOSS OF USE, DATA, OR PROFITS; OR BUSINESS INTERRUPTION) HOWEVER 
  29:Core/Src/u8g2/Src/u8x8_message.c ****   CAUSED AND ON ANY THEORY OF LIABILITY, WHETHER IN CONTRACT, 
  30:Core/Src/u8g2/Src/u8x8_message.c ****   STRICT LIABILITY, OR TORT (INCLUDING NEGLIGENCE OR OTHERWISE) 
  31:Core/Src/u8g2/Src/u8x8_message.c ****   ARISING IN ANY WAY OUT OF THE USE OF THIS SOFTWARE, EVEN IF 
  32:Core/Src/u8g2/Src/u8x8_message.c ****   ADVISED OF THE POSSIBILITY OF SUCH DAMAGE.  
  33:Core/Src/u8g2/Src/u8x8_message.c ****   
  34:Core/Src/u8g2/Src/u8x8_message.c **** */
  35:Core/Src/u8g2/Src/u8x8_message.c **** 
  36:Core/Src/u8g2/Src/u8x8_message.c **** #include "u8x8.h"
  37:Core/Src/u8g2/Src/u8x8_message.c **** 
  38:Core/Src/u8g2/Src/u8x8_message.c **** uint8_t u8x8_draw_button_line(u8x8_t *u8x8, uint8_t y, uint8_t w, uint8_t cursor, const char *s)
  39:Core/Src/u8g2/Src/u8x8_message.c **** {
  34              		.loc 1 39 1 view -0
  35              		.cfi_startproc
  36              		@ args = 4, pretend = 0, frame = 0
  37              		@ frame_needed = 0, uses_anonymous_args = 0
  38              		.loc 1 39 1 is_stmt 0 view .LVU1
  39 0000 2DE9F84F 		push	{r3, r4, r5, r6, r7, r8, r9, r10, fp, lr}
  40              	.LCFI0:
  41              		.cfi_def_cfa_offset 40
  42              		.cfi_offset 3, -40
  43              		.cfi_offset 4, -36
  44              		.cfi_offset 5, -32
  45              		.cfi_offset 6, -28
  46              		.cfi_offset 7, -24
  47              		.cfi_offset 8, -20
  48              		.cfi_offset 9, -16
  49              		.cfi_offset 10, -12
  50              		.cfi_offset 11, -8
  51              		.cfi_offset 14, -4
  52 0004 0646     		mov	r6, r0
  53 0006 8846     		mov	r8, r1
  54 0008 1546     		mov	r5, r2
  55 000a 9A46     		mov	r10, r3
  56 000c DDF82890 		ldr	r9, [sp, #40]
  40:Core/Src/u8g2/Src/u8x8_message.c ****   uint8_t i;
  57              		.loc 1 40 3 is_stmt 1 view .LVU2
  41:Core/Src/u8g2/Src/u8x8_message.c ****   uint8_t cnt;
  58              		.loc 1 41 3 view .LVU3
  42:Core/Src/u8g2/Src/u8x8_message.c ****   uint8_t total;
  59              		.loc 1 42 3 view .LVU4
  43:Core/Src/u8g2/Src/u8x8_message.c ****   uint8_t d;
  60              		.loc 1 43 3 view .LVU5
  44:Core/Src/u8g2/Src/u8x8_message.c ****   uint8_t x;
  61              		.loc 1 44 3 view .LVU6
  45:Core/Src/u8g2/Src/u8x8_message.c ****   cnt = u8x8_GetStringLineCnt(s);
  62              		.loc 1 45 3 view .LVU7
  63              		.loc 1 45 9 is_stmt 0 view .LVU8
  64 0010 4846     		mov	r0, r9
  65              	.LVL1:
  66              		.loc 1 45 9 view .LVU9
  67 0012 FFF7FEFF 		bl	u8x8_GetStringLineCnt
  68              	.LVL2:
  69              		.loc 1 45 9 view .LVU10
  70 0016 0746     		mov	r7, r0
ARM GAS  C:\Users\MOROSH~1\AppData\Local\Temp\ccvbbO7J.s 			page 3


  71              	.LVL3:
  46:Core/Src/u8g2/Src/u8x8_message.c ****   
  47:Core/Src/u8g2/Src/u8x8_message.c ****   /* calculate the width of the button */
  48:Core/Src/u8g2/Src/u8x8_message.c ****   total = 0;
  72              		.loc 1 48 3 is_stmt 1 view .LVU11
  49:Core/Src/u8g2/Src/u8x8_message.c ****   for( i = 0; i < cnt; i++ )
  73              		.loc 1 49 3 view .LVU12
  48:Core/Src/u8g2/Src/u8x8_message.c ****   for( i = 0; i < cnt; i++ )
  74              		.loc 1 48 9 is_stmt 0 view .LVU13
  75 0018 4FF0000B 		mov	fp, #0
  76              		.loc 1 49 10 view .LVU14
  77 001c 5C46     		mov	r4, fp
  78              		.loc 1 49 3 view .LVU15
  79 001e 0CE0     		b	.L2
  80              	.LVL4:
  81              	.L3:
  50:Core/Src/u8g2/Src/u8x8_message.c ****   {
  51:Core/Src/u8g2/Src/u8x8_message.c ****     total += u8x8_GetUTF8Len(u8x8, u8x8_GetStringLineStart(i, s));
  82              		.loc 1 51 5 is_stmt 1 discriminator 3 view .LVU16
  83              		.loc 1 51 14 is_stmt 0 discriminator 3 view .LVU17
  84 0020 4946     		mov	r1, r9
  85 0022 2046     		mov	r0, r4
  86 0024 FFF7FEFF 		bl	u8x8_GetStringLineStart
  87              	.LVL5:
  88 0028 0146     		mov	r1, r0
  89 002a 3046     		mov	r0, r6
  90 002c FFF7FEFF 		bl	u8x8_GetUTF8Len
  91              	.LVL6:
  92              		.loc 1 51 11 discriminator 3 view .LVU18
  93 0030 5844     		add	r0, r0, fp
  94 0032 5FFA80FB 		uxtb	fp, r0
  95              	.LVL7:
  49:Core/Src/u8g2/Src/u8x8_message.c ****   {
  96              		.loc 1 49 24 is_stmt 1 discriminator 3 view .LVU19
  49:Core/Src/u8g2/Src/u8x8_message.c ****   {
  97              		.loc 1 49 25 is_stmt 0 discriminator 3 view .LVU20
  98 0036 0134     		adds	r4, r4, #1
  99              	.LVL8:
  49:Core/Src/u8g2/Src/u8x8_message.c ****   {
 100              		.loc 1 49 25 discriminator 3 view .LVU21
 101 0038 E4B2     		uxtb	r4, r4
 102              	.LVL9:
 103              	.L2:
  49:Core/Src/u8g2/Src/u8x8_message.c ****   {
 104              		.loc 1 49 15 is_stmt 1 discriminator 1 view .LVU22
  49:Core/Src/u8g2/Src/u8x8_message.c ****   {
 105              		.loc 1 49 3 is_stmt 0 discriminator 1 view .LVU23
 106 003a BC42     		cmp	r4, r7
 107 003c F0D3     		bcc	.L3
  52:Core/Src/u8g2/Src/u8x8_message.c ****   }
  53:Core/Src/u8g2/Src/u8x8_message.c ****   total += (cnt-1);	/* had one space between the buttons */
 108              		.loc 1 53 3 is_stmt 1 view .LVU24
 109              		.loc 1 53 9 is_stmt 0 view .LVU25
 110 003e 0BEB0704 		add	r4, fp, r7
 111              	.LVL10:
 112              		.loc 1 53 9 view .LVU26
 113 0042 E4B2     		uxtb	r4, r4
ARM GAS  C:\Users\MOROSH~1\AppData\Local\Temp\ccvbbO7J.s 			page 4


 114 0044 013C     		subs	r4, r4, #1
 115 0046 E4B2     		uxtb	r4, r4
 116              	.LVL11:
  54:Core/Src/u8g2/Src/u8x8_message.c ****   
  55:Core/Src/u8g2/Src/u8x8_message.c ****   /* calculate the left offset */
  56:Core/Src/u8g2/Src/u8x8_message.c ****   d = 0;
 117              		.loc 1 56 3 is_stmt 1 view .LVU27
  57:Core/Src/u8g2/Src/u8x8_message.c ****   if ( total < w )
 118              		.loc 1 57 3 view .LVU28
 119              		.loc 1 57 6 is_stmt 0 view .LVU29
 120 0048 AC42     		cmp	r4, r5
 121 004a 06D2     		bcs	.L8
  58:Core/Src/u8g2/Src/u8x8_message.c ****   {
  59:Core/Src/u8g2/Src/u8x8_message.c ****     d = w;
 122              		.loc 1 59 5 is_stmt 1 view .LVU30
 123              	.LVL12:
  60:Core/Src/u8g2/Src/u8x8_message.c ****     d -= total;
 124              		.loc 1 60 5 view .LVU31
 125              		.loc 1 60 7 is_stmt 0 view .LVU32
 126 004c 2C1B     		subs	r4, r5, r4
 127              	.LVL13:
  61:Core/Src/u8g2/Src/u8x8_message.c ****     d /= 2;
 128              		.loc 1 61 5 is_stmt 1 view .LVU33
 129              		.loc 1 61 7 is_stmt 0 view .LVU34
 130 004e C4F34604 		ubfx	r4, r4, #1, #7
 131              	.LVL14:
 132              	.L4:
  62:Core/Src/u8g2/Src/u8x8_message.c ****   }
  63:Core/Src/u8g2/Src/u8x8_message.c ****   
  64:Core/Src/u8g2/Src/u8x8_message.c ****   /* draw the buttons */
  65:Core/Src/u8g2/Src/u8x8_message.c ****   x = d;
 133              		.loc 1 65 3 is_stmt 1 view .LVU35
  66:Core/Src/u8g2/Src/u8x8_message.c ****   u8x8_SetInverseFont(u8x8, 0);
 134              		.loc 1 66 3 view .LVU36
 135 0052 0025     		movs	r5, #0
 136 0054 86F82350 		strb	r5, [r6, #35]
  67:Core/Src/u8g2/Src/u8x8_message.c ****   for( i = 0; i < cnt; i++ )
 137              		.loc 1 67 3 view .LVU37
 138              	.LVL15:
 139              		.loc 1 67 3 is_stmt 0 view .LVU38
 140 0058 1AE0     		b	.L5
 141              	.LVL16:
 142              	.L8:
  56:Core/Src/u8g2/Src/u8x8_message.c ****   if ( total < w )
 143              		.loc 1 56 5 view .LVU39
 144 005a 0024     		movs	r4, #0
 145              	.LVL17:
  56:Core/Src/u8g2/Src/u8x8_message.c ****   if ( total < w )
 146              		.loc 1 56 5 view .LVU40
 147 005c F9E7     		b	.L4
 148              	.LVL18:
 149              	.L6:
  68:Core/Src/u8g2/Src/u8x8_message.c ****   {
  69:Core/Src/u8g2/Src/u8x8_message.c ****     if ( i == cursor )
  70:Core/Src/u8g2/Src/u8x8_message.c ****       u8x8_SetInverseFont(u8x8, 1);
  71:Core/Src/u8g2/Src/u8x8_message.c ****       
  72:Core/Src/u8g2/Src/u8x8_message.c ****     x+=u8x8_DrawUTF8(u8x8, x, y, u8x8_GetStringLineStart(i, s));
ARM GAS  C:\Users\MOROSH~1\AppData\Local\Temp\ccvbbO7J.s 			page 5


 150              		.loc 1 72 5 is_stmt 1 discriminator 2 view .LVU41
 151              		.loc 1 72 8 is_stmt 0 discriminator 2 view .LVU42
 152 005e 4946     		mov	r1, r9
 153 0060 2846     		mov	r0, r5
 154 0062 FFF7FEFF 		bl	u8x8_GetStringLineStart
 155              	.LVL19:
 156 0066 0346     		mov	r3, r0
 157 0068 4246     		mov	r2, r8
 158 006a 2146     		mov	r1, r4
 159 006c 3046     		mov	r0, r6
 160 006e FFF7FEFF 		bl	u8x8_DrawUTF8
 161              	.LVL20:
 162              		.loc 1 72 6 discriminator 2 view .LVU43
 163 0072 0444     		add	r4, r4, r0
 164              	.LVL21:
 165              		.loc 1 72 6 discriminator 2 view .LVU44
 166 0074 E4B2     		uxtb	r4, r4
 167              	.LVL22:
  73:Core/Src/u8g2/Src/u8x8_message.c ****     u8x8_SetInverseFont(u8x8, 0);
 168              		.loc 1 73 5 is_stmt 1 discriminator 2 view .LVU45
 169 0076 0023     		movs	r3, #0
 170 0078 86F82330 		strb	r3, [r6, #35]
  74:Core/Src/u8g2/Src/u8x8_message.c ****     x+=u8x8_DrawUTF8(u8x8, x, y, " ");
 171              		.loc 1 74 5 discriminator 2 view .LVU46
 172              		.loc 1 74 8 is_stmt 0 discriminator 2 view .LVU47
 173 007c 0A4B     		ldr	r3, .L11
 174 007e 4246     		mov	r2, r8
 175 0080 2146     		mov	r1, r4
 176 0082 3046     		mov	r0, r6
 177 0084 FFF7FEFF 		bl	u8x8_DrawUTF8
 178              	.LVL23:
 179              		.loc 1 74 6 discriminator 2 view .LVU48
 180 0088 0444     		add	r4, r4, r0
 181              	.LVL24:
 182              		.loc 1 74 6 discriminator 2 view .LVU49
 183 008a E4B2     		uxtb	r4, r4
 184              	.LVL25:
  67:Core/Src/u8g2/Src/u8x8_message.c ****   {
 185              		.loc 1 67 24 is_stmt 1 discriminator 2 view .LVU50
  67:Core/Src/u8g2/Src/u8x8_message.c ****   {
 186              		.loc 1 67 25 is_stmt 0 discriminator 2 view .LVU51
 187 008c 0135     		adds	r5, r5, #1
 188              	.LVL26:
  67:Core/Src/u8g2/Src/u8x8_message.c ****   {
 189              		.loc 1 67 25 discriminator 2 view .LVU52
 190 008e EDB2     		uxtb	r5, r5
 191              	.LVL27:
 192              	.L5:
  67:Core/Src/u8g2/Src/u8x8_message.c ****   {
 193              		.loc 1 67 15 is_stmt 1 discriminator 1 view .LVU53
  67:Core/Src/u8g2/Src/u8x8_message.c ****   {
 194              		.loc 1 67 3 is_stmt 0 discriminator 1 view .LVU54
 195 0090 BD42     		cmp	r5, r7
 196 0092 05D2     		bcs	.L10
  69:Core/Src/u8g2/Src/u8x8_message.c ****       u8x8_SetInverseFont(u8x8, 1);
 197              		.loc 1 69 5 is_stmt 1 view .LVU55
  69:Core/Src/u8g2/Src/u8x8_message.c ****       u8x8_SetInverseFont(u8x8, 1);
ARM GAS  C:\Users\MOROSH~1\AppData\Local\Temp\ccvbbO7J.s 			page 6


 198              		.loc 1 69 8 is_stmt 0 view .LVU56
 199 0094 5545     		cmp	r5, r10
 200 0096 E2D1     		bne	.L6
  70:Core/Src/u8g2/Src/u8x8_message.c ****       
 201              		.loc 1 70 7 is_stmt 1 view .LVU57
 202 0098 0123     		movs	r3, #1
 203 009a 86F82330 		strb	r3, [r6, #35]
 204 009e DEE7     		b	.L6
 205              	.L10:
  75:Core/Src/u8g2/Src/u8x8_message.c ****   }
  76:Core/Src/u8g2/Src/u8x8_message.c ****   
  77:Core/Src/u8g2/Src/u8x8_message.c ****   /* return the number of buttons */
  78:Core/Src/u8g2/Src/u8x8_message.c ****   return cnt;
 206              		.loc 1 78 3 view .LVU58
  79:Core/Src/u8g2/Src/u8x8_message.c **** }
 207              		.loc 1 79 1 is_stmt 0 view .LVU59
 208 00a0 3846     		mov	r0, r7
 209 00a2 BDE8F88F 		pop	{r3, r4, r5, r6, r7, r8, r9, r10, fp, pc}
 210              	.LVL28:
 211              	.L12:
 212              		.loc 1 79 1 view .LVU60
 213 00a6 00BF     		.align	2
 214              	.L11:
 215 00a8 00000000 		.word	.LC0
 216              		.cfi_endproc
 217              	.LFE0:
 219              		.section	.text.u8x8_UserInterfaceMessage,"ax",%progbits
 220              		.align	1
 221              		.global	u8x8_UserInterfaceMessage
 222              		.syntax unified
 223              		.thumb
 224              		.thumb_func
 226              	u8x8_UserInterfaceMessage:
 227              	.LVL29:
 228              	.LFB1:
  80:Core/Src/u8g2/Src/u8x8_message.c **** 
  81:Core/Src/u8g2/Src/u8x8_message.c **** /*
  82:Core/Src/u8g2/Src/u8x8_message.c ****   title1:	Multiple lines,separated by '\n'
  83:Core/Src/u8g2/Src/u8x8_message.c ****   title2:	A single line/string which is terminated by '\0' or '\n' . "title2" accepts the return va
  84:Core/Src/u8g2/Src/u8x8_message.c ****   title3:	Multiple lines,separated by '\n'
  85:Core/Src/u8g2/Src/u8x8_message.c ****   buttons:	one more more buttons separated by '\n' and terminated with '\0'
  86:Core/Src/u8g2/Src/u8x8_message.c **** */
  87:Core/Src/u8g2/Src/u8x8_message.c **** 
  88:Core/Src/u8g2/Src/u8x8_message.c **** uint8_t u8x8_UserInterfaceMessage(u8x8_t *u8x8, const char *title1, const char *title2, const char 
  89:Core/Src/u8g2/Src/u8x8_message.c **** {
 229              		.loc 1 89 1 is_stmt 1 view -0
 230              		.cfi_startproc
 231              		@ args = 4, pretend = 0, frame = 0
 232              		@ frame_needed = 0, uses_anonymous_args = 0
 233              		.loc 1 89 1 is_stmt 0 view .LVU62
 234 0000 2DE9F047 		push	{r4, r5, r6, r7, r8, r9, r10, lr}
 235              	.LCFI1:
 236              		.cfi_def_cfa_offset 32
 237              		.cfi_offset 4, -32
 238              		.cfi_offset 5, -28
 239              		.cfi_offset 6, -24
 240              		.cfi_offset 7, -20
ARM GAS  C:\Users\MOROSH~1\AppData\Local\Temp\ccvbbO7J.s 			page 7


 241              		.cfi_offset 8, -16
 242              		.cfi_offset 9, -12
 243              		.cfi_offset 10, -8
 244              		.cfi_offset 14, -4
 245 0004 82B0     		sub	sp, sp, #8
 246              	.LCFI2:
 247              		.cfi_def_cfa_offset 40
 248 0006 0546     		mov	r5, r0
 249 0008 8A46     		mov	r10, r1
 250 000a 9046     		mov	r8, r2
 251 000c 9946     		mov	r9, r3
 252 000e 0A9F     		ldr	r7, [sp, #40]
  90:Core/Src/u8g2/Src/u8x8_message.c ****   uint8_t height;
 253              		.loc 1 90 3 is_stmt 1 view .LVU63
  91:Core/Src/u8g2/Src/u8x8_message.c ****   uint8_t y;
 254              		.loc 1 91 3 view .LVU64
  92:Core/Src/u8g2/Src/u8x8_message.c ****   uint8_t cursor = 0;
 255              		.loc 1 92 3 view .LVU65
 256              	.LVL30:
  93:Core/Src/u8g2/Src/u8x8_message.c ****   uint8_t button_cnt;
 257              		.loc 1 93 3 view .LVU66
  94:Core/Src/u8g2/Src/u8x8_message.c ****   uint8_t event;
 258              		.loc 1 94 3 view .LVU67
  95:Core/Src/u8g2/Src/u8x8_message.c **** 
  96:Core/Src/u8g2/Src/u8x8_message.c ****   u8x8_SetInverseFont(u8x8, 0);
 259              		.loc 1 96 3 view .LVU68
 260 0010 0023     		movs	r3, #0
 261              	.LVL31:
 262              		.loc 1 96 3 is_stmt 0 view .LVU69
 263 0012 80F82330 		strb	r3, [r0, #35]
  97:Core/Src/u8g2/Src/u8x8_message.c ****   
  98:Core/Src/u8g2/Src/u8x8_message.c ****   /* calculate overall height of the message box */
  99:Core/Src/u8g2/Src/u8x8_message.c ****   height = 1;	/* button line */
 264              		.loc 1 99 3 is_stmt 1 view .LVU70
 265              	.LVL32:
 100:Core/Src/u8g2/Src/u8x8_message.c ****   height += u8x8_GetStringLineCnt(title1);
 266              		.loc 1 100 3 view .LVU71
 267              		.loc 1 100 13 is_stmt 0 view .LVU72
 268 0016 0846     		mov	r0, r1
 269              	.LVL33:
 270              		.loc 1 100 13 view .LVU73
 271 0018 FFF7FEFF 		bl	u8x8_GetStringLineCnt
 272              	.LVL34:
 273              		.loc 1 100 10 view .LVU74
 274 001c 441C     		adds	r4, r0, #1
 275 001e E4B2     		uxtb	r4, r4
 276              	.LVL35:
 101:Core/Src/u8g2/Src/u8x8_message.c ****   if ( title2 != NULL )
 277              		.loc 1 101 3 is_stmt 1 view .LVU75
 278              		.loc 1 101 6 is_stmt 0 view .LVU76
 279 0020 B8F1000F 		cmp	r8, #0
 280 0024 01D0     		beq	.L14
 102:Core/Src/u8g2/Src/u8x8_message.c ****     height ++;
 281              		.loc 1 102 5 is_stmt 1 view .LVU77
 282              		.loc 1 102 12 is_stmt 0 view .LVU78
 283 0026 0230     		adds	r0, r0, #2
 284 0028 C4B2     		uxtb	r4, r0
ARM GAS  C:\Users\MOROSH~1\AppData\Local\Temp\ccvbbO7J.s 			page 8


 285              	.LVL36:
 286              	.L14:
 103:Core/Src/u8g2/Src/u8x8_message.c ****   height += u8x8_GetStringLineCnt(title3);
 287              		.loc 1 103 3 is_stmt 1 view .LVU79
 288              		.loc 1 103 13 is_stmt 0 view .LVU80
 289 002a 4846     		mov	r0, r9
 290 002c FFF7FEFF 		bl	u8x8_GetStringLineCnt
 291              	.LVL37:
 292              		.loc 1 103 10 view .LVU81
 293 0030 0444     		add	r4, r4, r0
 294              	.LVL38:
 295              		.loc 1 103 10 view .LVU82
 296 0032 E4B2     		uxtb	r4, r4
 297              	.LVL39:
 104:Core/Src/u8g2/Src/u8x8_message.c ****   
 105:Core/Src/u8g2/Src/u8x8_message.c ****   /* calculate offset from top */
 106:Core/Src/u8g2/Src/u8x8_message.c ****   y = 0;
 298              		.loc 1 106 3 is_stmt 1 view .LVU83
 107:Core/Src/u8g2/Src/u8x8_message.c ****   if ( height < u8x8_GetRows(u8x8)  )
 299              		.loc 1 107 3 view .LVU84
 300              		.loc 1 107 17 is_stmt 0 view .LVU85
 301 0034 2B68     		ldr	r3, [r5]
 302 0036 5E7C     		ldrb	r6, [r3, #17]	@ zero_extendqisi2
 303              		.loc 1 107 6 view .LVU86
 304 0038 A642     		cmp	r6, r4
 305 003a 34D9     		bls	.L26
 108:Core/Src/u8g2/Src/u8x8_message.c ****   {
 109:Core/Src/u8g2/Src/u8x8_message.c ****     y = u8x8_GetRows(u8x8);
 306              		.loc 1 109 5 is_stmt 1 view .LVU87
 307              	.LVL40:
 110:Core/Src/u8g2/Src/u8x8_message.c ****     y -= height;
 308              		.loc 1 110 5 view .LVU88
 309              		.loc 1 110 7 is_stmt 0 view .LVU89
 310 003c 361B     		subs	r6, r6, r4
 311              	.LVL41:
 111:Core/Src/u8g2/Src/u8x8_message.c ****     y /= 2;
 312              		.loc 1 111 5 is_stmt 1 view .LVU90
 313              		.loc 1 111 7 is_stmt 0 view .LVU91
 314 003e C6F34606 		ubfx	r6, r6, #1, #7
 315              	.LVL42:
 316              	.L15:
 112:Core/Src/u8g2/Src/u8x8_message.c ****   }
 113:Core/Src/u8g2/Src/u8x8_message.c **** 
 114:Core/Src/u8g2/Src/u8x8_message.c ****   /* draw message box */
 115:Core/Src/u8g2/Src/u8x8_message.c ****   
 116:Core/Src/u8g2/Src/u8x8_message.c ****   u8x8_ClearDisplay(u8x8);   /* required, because not everything is filled */
 317              		.loc 1 116 3 is_stmt 1 view .LVU92
 318 0042 2846     		mov	r0, r5
 319 0044 FFF7FEFF 		bl	u8x8_ClearDisplay
 320              	.LVL43:
 117:Core/Src/u8g2/Src/u8x8_message.c ****   
 118:Core/Src/u8g2/Src/u8x8_message.c ****   y += u8x8_DrawUTF8Lines(u8x8, 0, y, u8x8_GetCols(u8x8), title1);
 321              		.loc 1 118 3 view .LVU93
 322              		.loc 1 118 39 is_stmt 0 view .LVU94
 323 0048 2B68     		ldr	r3, [r5]
 324              		.loc 1 118 8 view .LVU95
 325 004a 1B7C     		ldrb	r3, [r3, #16]	@ zero_extendqisi2
ARM GAS  C:\Users\MOROSH~1\AppData\Local\Temp\ccvbbO7J.s 			page 9


 326 004c CDF800A0 		str	r10, [sp]
 327 0050 3246     		mov	r2, r6
 328 0052 0021     		movs	r1, #0
 329 0054 2846     		mov	r0, r5
 330 0056 FFF7FEFF 		bl	u8x8_DrawUTF8Lines
 331              	.LVL44:
 332              		.loc 1 118 5 view .LVU96
 333 005a 0644     		add	r6, r6, r0
 334              	.LVL45:
 335              		.loc 1 118 5 view .LVU97
 336 005c F6B2     		uxtb	r6, r6
 337              	.LVL46:
 119:Core/Src/u8g2/Src/u8x8_message.c ****   if ( title2 != NULL )
 338              		.loc 1 119 3 is_stmt 1 view .LVU98
 339              		.loc 1 119 6 is_stmt 0 view .LVU99
 340 005e B8F1000F 		cmp	r8, #0
 341 0062 0AD0     		beq	.L16
 120:Core/Src/u8g2/Src/u8x8_message.c ****   {
 121:Core/Src/u8g2/Src/u8x8_message.c ****     u8x8_DrawUTF8Line(u8x8, 0, y, u8x8_GetCols(u8x8), title2);
 342              		.loc 1 121 5 is_stmt 1 view .LVU100
 343              		.loc 1 121 35 is_stmt 0 view .LVU101
 344 0064 2B68     		ldr	r3, [r5]
 345              		.loc 1 121 5 view .LVU102
 346 0066 1B7C     		ldrb	r3, [r3, #16]	@ zero_extendqisi2
 347 0068 CDF80080 		str	r8, [sp]
 348 006c 3246     		mov	r2, r6
 349 006e 0021     		movs	r1, #0
 350 0070 2846     		mov	r0, r5
 351 0072 FFF7FEFF 		bl	u8x8_DrawUTF8Line
 352              	.LVL47:
 122:Core/Src/u8g2/Src/u8x8_message.c ****     y++;
 353              		.loc 1 122 5 is_stmt 1 view .LVU103
 354              		.loc 1 122 6 is_stmt 0 view .LVU104
 355 0076 0136     		adds	r6, r6, #1
 356              	.LVL48:
 357              		.loc 1 122 6 view .LVU105
 358 0078 F6B2     		uxtb	r6, r6
 359              	.LVL49:
 360              	.L16:
 123:Core/Src/u8g2/Src/u8x8_message.c ****   }
 124:Core/Src/u8g2/Src/u8x8_message.c ****   y += u8x8_DrawUTF8Lines(u8x8, 0, y, u8x8_GetCols(u8x8), title3);
 361              		.loc 1 124 3 is_stmt 1 view .LVU106
 362              		.loc 1 124 39 is_stmt 0 view .LVU107
 363 007a 2B68     		ldr	r3, [r5]
 364              		.loc 1 124 8 view .LVU108
 365 007c 1B7C     		ldrb	r3, [r3, #16]	@ zero_extendqisi2
 366 007e CDF80090 		str	r9, [sp]
 367 0082 3246     		mov	r2, r6
 368 0084 0021     		movs	r1, #0
 369 0086 2846     		mov	r0, r5
 370 0088 FFF7FEFF 		bl	u8x8_DrawUTF8Lines
 371              	.LVL50:
 372              		.loc 1 124 5 view .LVU109
 373 008c 0644     		add	r6, r6, r0
 374              	.LVL51:
 375              		.loc 1 124 5 view .LVU110
 376 008e F6B2     		uxtb	r6, r6
ARM GAS  C:\Users\MOROSH~1\AppData\Local\Temp\ccvbbO7J.s 			page 10


 377              	.LVL52:
 125:Core/Src/u8g2/Src/u8x8_message.c **** 
 126:Core/Src/u8g2/Src/u8x8_message.c ****   button_cnt = u8x8_draw_button_line(u8x8, y, u8x8_GetCols(u8x8), cursor, buttons);
 378              		.loc 1 126 3 is_stmt 1 view .LVU111
 379              		.loc 1 126 47 is_stmt 0 view .LVU112
 380 0090 2B68     		ldr	r3, [r5]
 381              		.loc 1 126 16 view .LVU113
 382 0092 1A7C     		ldrb	r2, [r3, #16]	@ zero_extendqisi2
 383 0094 0097     		str	r7, [sp]
 384 0096 0023     		movs	r3, #0
 385 0098 3146     		mov	r1, r6
 386 009a 2846     		mov	r0, r5
 387 009c FFF7FEFF 		bl	u8x8_draw_button_line
 388              	.LVL53:
 389 00a0 8046     		mov	r8, r0
 390              	.LVL54:
  92:Core/Src/u8g2/Src/u8x8_message.c ****   uint8_t button_cnt;
 391              		.loc 1 92 11 view .LVU114
 392 00a2 0024     		movs	r4, #0
 393              	.LVL55:
  92:Core/Src/u8g2/Src/u8x8_message.c ****   uint8_t button_cnt;
 394              		.loc 1 92 11 view .LVU115
 395 00a4 13E0     		b	.L17
 396              	.LVL56:
 397              	.L26:
 106:Core/Src/u8g2/Src/u8x8_message.c ****   if ( height < u8x8_GetRows(u8x8)  )
 398              		.loc 1 106 5 view .LVU116
 399 00a6 0026     		movs	r6, #0
 400 00a8 CBE7     		b	.L15
 401              	.LVL57:
 402              	.L31:
 127:Core/Src/u8g2/Src/u8x8_message.c ****   
 128:Core/Src/u8g2/Src/u8x8_message.c ****   for(;;)
 129:Core/Src/u8g2/Src/u8x8_message.c ****   {
 130:Core/Src/u8g2/Src/u8x8_message.c ****     event = u8x8_GetMenuEvent(u8x8);
 131:Core/Src/u8g2/Src/u8x8_message.c ****     if ( event == U8X8_MSG_GPIO_MENU_SELECT )
 132:Core/Src/u8g2/Src/u8x8_message.c ****       return cursor+1;
 403              		.loc 1 132 7 is_stmt 1 view .LVU117
 404              		.loc 1 132 20 is_stmt 0 view .LVU118
 405 00aa 601C     		adds	r0, r4, #1
 406              	.LVL58:
 407              		.loc 1 132 20 view .LVU119
 408 00ac C0B2     		uxtb	r0, r0
 409              	.L19:
 133:Core/Src/u8g2/Src/u8x8_message.c ****     else if ( event == U8X8_MSG_GPIO_MENU_HOME )
 134:Core/Src/u8g2/Src/u8x8_message.c ****       break;
 135:Core/Src/u8g2/Src/u8x8_message.c ****     else if ( event == U8X8_MSG_GPIO_MENU_NEXT || event == U8X8_MSG_GPIO_MENU_UP )
 136:Core/Src/u8g2/Src/u8x8_message.c ****     {
 137:Core/Src/u8g2/Src/u8x8_message.c ****       cursor++;
 138:Core/Src/u8g2/Src/u8x8_message.c ****       if ( cursor >= button_cnt )
 139:Core/Src/u8g2/Src/u8x8_message.c **** 	cursor = 0;
 140:Core/Src/u8g2/Src/u8x8_message.c ****       u8x8_draw_button_line(u8x8, y, u8x8_GetCols(u8x8), cursor, buttons);
 141:Core/Src/u8g2/Src/u8x8_message.c ****     }
 142:Core/Src/u8g2/Src/u8x8_message.c ****     else if ( event == U8X8_MSG_GPIO_MENU_PREV || event == U8X8_MSG_GPIO_MENU_DOWN  )
 143:Core/Src/u8g2/Src/u8x8_message.c ****     {
 144:Core/Src/u8g2/Src/u8x8_message.c ****       if ( cursor == 0 )
 145:Core/Src/u8g2/Src/u8x8_message.c **** 	cursor = button_cnt;
ARM GAS  C:\Users\MOROSH~1\AppData\Local\Temp\ccvbbO7J.s 			page 11


 146:Core/Src/u8g2/Src/u8x8_message.c ****       cursor--;
 147:Core/Src/u8g2/Src/u8x8_message.c ****       u8x8_draw_button_line(u8x8, y, u8x8_GetCols(u8x8), cursor, buttons);
 148:Core/Src/u8g2/Src/u8x8_message.c ****     }    
 149:Core/Src/u8g2/Src/u8x8_message.c ****   }  
 150:Core/Src/u8g2/Src/u8x8_message.c ****   return 0;
 151:Core/Src/u8g2/Src/u8x8_message.c **** }
 410              		.loc 1 151 1 view .LVU120
 411 00ae 02B0     		add	sp, sp, #8
 412              	.LCFI3:
 413              		.cfi_remember_state
 414              		.cfi_def_cfa_offset 32
 415              		@ sp needed
 416 00b0 BDE8F087 		pop	{r4, r5, r6, r7, r8, r9, r10, pc}
 417              	.LVL59:
 418              	.L20:
 419              	.LCFI4:
 420              		.cfi_restore_state
 137:Core/Src/u8g2/Src/u8x8_message.c ****       if ( cursor >= button_cnt )
 421              		.loc 1 137 7 is_stmt 1 view .LVU121
 137:Core/Src/u8g2/Src/u8x8_message.c ****       if ( cursor >= button_cnt )
 422              		.loc 1 137 13 is_stmt 0 view .LVU122
 423 00b4 0134     		adds	r4, r4, #1
 424              	.LVL60:
 137:Core/Src/u8g2/Src/u8x8_message.c ****       if ( cursor >= button_cnt )
 425              		.loc 1 137 13 view .LVU123
 426 00b6 E4B2     		uxtb	r4, r4
 427              	.LVL61:
 138:Core/Src/u8g2/Src/u8x8_message.c **** 	cursor = 0;
 428              		.loc 1 138 7 is_stmt 1 view .LVU124
 138:Core/Src/u8g2/Src/u8x8_message.c **** 	cursor = 0;
 429              		.loc 1 138 10 is_stmt 0 view .LVU125
 430 00b8 A045     		cmp	r8, r4
 431 00ba 00D8     		bhi	.L22
 139:Core/Src/u8g2/Src/u8x8_message.c ****       u8x8_draw_button_line(u8x8, y, u8x8_GetCols(u8x8), cursor, buttons);
 432              		.loc 1 139 9 view .LVU126
 433 00bc 0024     		movs	r4, #0
 434              	.LVL62:
 435              	.L22:
 140:Core/Src/u8g2/Src/u8x8_message.c ****     }
 436              		.loc 1 140 7 is_stmt 1 view .LVU127
 140:Core/Src/u8g2/Src/u8x8_message.c ****     }
 437              		.loc 1 140 38 is_stmt 0 view .LVU128
 438 00be 2B68     		ldr	r3, [r5]
 140:Core/Src/u8g2/Src/u8x8_message.c ****     }
 439              		.loc 1 140 7 view .LVU129
 440 00c0 1A7C     		ldrb	r2, [r3, #16]	@ zero_extendqisi2
 441 00c2 0097     		str	r7, [sp]
 442 00c4 2346     		mov	r3, r4
 443 00c6 3146     		mov	r1, r6
 444 00c8 2846     		mov	r0, r5
 445              	.LVL63:
 140:Core/Src/u8g2/Src/u8x8_message.c ****     }
 446              		.loc 1 140 7 view .LVU130
 447 00ca FFF7FEFF 		bl	u8x8_draw_button_line
 448              	.LVL64:
 449              	.L17:
 128:Core/Src/u8g2/Src/u8x8_message.c ****   {
ARM GAS  C:\Users\MOROSH~1\AppData\Local\Temp\ccvbbO7J.s 			page 12


 450              		.loc 1 128 3 is_stmt 1 view .LVU131
 130:Core/Src/u8g2/Src/u8x8_message.c ****     if ( event == U8X8_MSG_GPIO_MENU_SELECT )
 451              		.loc 1 130 5 view .LVU132
 130:Core/Src/u8g2/Src/u8x8_message.c ****     if ( event == U8X8_MSG_GPIO_MENU_SELECT )
 452              		.loc 1 130 13 is_stmt 0 view .LVU133
 453 00ce 2846     		mov	r0, r5
 454 00d0 FFF7FEFF 		bl	u8x8_GetMenuEvent
 455              	.LVL65:
 131:Core/Src/u8g2/Src/u8x8_message.c ****       return cursor+1;
 456              		.loc 1 131 5 is_stmt 1 view .LVU134
 131:Core/Src/u8g2/Src/u8x8_message.c ****       return cursor+1;
 457              		.loc 1 131 8 is_stmt 0 view .LVU135
 458 00d4 5028     		cmp	r0, #80
 459 00d6 E8D0     		beq	.L31
 133:Core/Src/u8g2/Src/u8x8_message.c ****       break;
 460              		.loc 1 133 10 is_stmt 1 view .LVU136
 133:Core/Src/u8g2/Src/u8x8_message.c ****       break;
 461              		.loc 1 133 13 is_stmt 0 view .LVU137
 462 00d8 5328     		cmp	r0, #83
 463 00da 14D0     		beq	.L27
 135:Core/Src/u8g2/Src/u8x8_message.c ****     {
 464              		.loc 1 135 10 is_stmt 1 view .LVU138
 135:Core/Src/u8g2/Src/u8x8_message.c ****     {
 465              		.loc 1 135 13 is_stmt 0 view .LVU139
 466 00dc 5128     		cmp	r0, #81
 467 00de E9D0     		beq	.L20
 135:Core/Src/u8g2/Src/u8x8_message.c ****     {
 468              		.loc 1 135 48 discriminator 1 view .LVU140
 469 00e0 5428     		cmp	r0, #84
 470 00e2 E7D0     		beq	.L20
 142:Core/Src/u8g2/Src/u8x8_message.c ****     {
 471              		.loc 1 142 10 is_stmt 1 view .LVU141
 142:Core/Src/u8g2/Src/u8x8_message.c ****     {
 472              		.loc 1 142 13 is_stmt 0 view .LVU142
 473 00e4 5228     		cmp	r0, #82
 474 00e6 01D0     		beq	.L24
 142:Core/Src/u8g2/Src/u8x8_message.c ****     {
 475              		.loc 1 142 48 discriminator 1 view .LVU143
 476 00e8 5528     		cmp	r0, #85
 477 00ea F0D1     		bne	.L17
 478              	.L24:
 144:Core/Src/u8g2/Src/u8x8_message.c **** 	cursor = button_cnt;
 479              		.loc 1 144 7 is_stmt 1 view .LVU144
 144:Core/Src/u8g2/Src/u8x8_message.c **** 	cursor = button_cnt;
 480              		.loc 1 144 10 is_stmt 0 view .LVU145
 481 00ec 04B9     		cbnz	r4, .L25
 145:Core/Src/u8g2/Src/u8x8_message.c ****       cursor--;
 482              		.loc 1 145 9 view .LVU146
 483 00ee 4446     		mov	r4, r8
 484              	.LVL66:
 485              	.L25:
 146:Core/Src/u8g2/Src/u8x8_message.c ****       u8x8_draw_button_line(u8x8, y, u8x8_GetCols(u8x8), cursor, buttons);
 486              		.loc 1 146 7 is_stmt 1 view .LVU147
 146:Core/Src/u8g2/Src/u8x8_message.c ****       u8x8_draw_button_line(u8x8, y, u8x8_GetCols(u8x8), cursor, buttons);
 487              		.loc 1 146 13 is_stmt 0 view .LVU148
 488 00f0 013C     		subs	r4, r4, #1
 489              	.LVL67:
ARM GAS  C:\Users\MOROSH~1\AppData\Local\Temp\ccvbbO7J.s 			page 13


 146:Core/Src/u8g2/Src/u8x8_message.c ****       u8x8_draw_button_line(u8x8, y, u8x8_GetCols(u8x8), cursor, buttons);
 490              		.loc 1 146 13 view .LVU149
 491 00f2 E4B2     		uxtb	r4, r4
 492              	.LVL68:
 147:Core/Src/u8g2/Src/u8x8_message.c ****     }    
 493              		.loc 1 147 7 is_stmt 1 view .LVU150
 147:Core/Src/u8g2/Src/u8x8_message.c ****     }    
 494              		.loc 1 147 38 is_stmt 0 view .LVU151
 495 00f4 2B68     		ldr	r3, [r5]
 147:Core/Src/u8g2/Src/u8x8_message.c ****     }    
 496              		.loc 1 147 7 view .LVU152
 497 00f6 1A7C     		ldrb	r2, [r3, #16]	@ zero_extendqisi2
 498 00f8 0097     		str	r7, [sp]
 499 00fa 2346     		mov	r3, r4
 500 00fc 3146     		mov	r1, r6
 501 00fe 2846     		mov	r0, r5
 502              	.LVL69:
 147:Core/Src/u8g2/Src/u8x8_message.c ****     }    
 503              		.loc 1 147 7 view .LVU153
 504 0100 FFF7FEFF 		bl	u8x8_draw_button_line
 505              	.LVL70:
 506 0104 E3E7     		b	.L17
 507              	.LVL71:
 508              	.L27:
 150:Core/Src/u8g2/Src/u8x8_message.c **** }
 509              		.loc 1 150 10 view .LVU154
 510 0106 0020     		movs	r0, #0
 511              	.LVL72:
 150:Core/Src/u8g2/Src/u8x8_message.c **** }
 512              		.loc 1 150 10 view .LVU155
 513 0108 D1E7     		b	.L19
 514              		.cfi_endproc
 515              	.LFE1:
 517              		.text
 518              	.Letext0:
 519              		.file 2 "c:\\program files (x86)\\gnu arm embedded toolchain\\10 2021.10\\arm-none-eabi\\include\\
 520              		.file 3 "c:\\program files (x86)\\gnu arm embedded toolchain\\10 2021.10\\arm-none-eabi\\include\\
 521              		.file 4 "Core/Src/u8g2/Inc/u8x8.h"
ARM GAS  C:\Users\MOROSH~1\AppData\Local\Temp\ccvbbO7J.s 			page 14


DEFINED SYMBOLS
                            *ABS*:00000000 u8x8_message.c
C:\Users\MOROSH~1\AppData\Local\Temp\ccvbbO7J.s:20     .rodata.u8x8_draw_button_line.str1.4:00000000 $d
C:\Users\MOROSH~1\AppData\Local\Temp\ccvbbO7J.s:24     .text.u8x8_draw_button_line:00000000 $t
C:\Users\MOROSH~1\AppData\Local\Temp\ccvbbO7J.s:30     .text.u8x8_draw_button_line:00000000 u8x8_draw_button_line
C:\Users\MOROSH~1\AppData\Local\Temp\ccvbbO7J.s:215    .text.u8x8_draw_button_line:000000a8 $d
C:\Users\MOROSH~1\AppData\Local\Temp\ccvbbO7J.s:220    .text.u8x8_UserInterfaceMessage:00000000 $t
C:\Users\MOROSH~1\AppData\Local\Temp\ccvbbO7J.s:226    .text.u8x8_UserInterfaceMessage:00000000 u8x8_UserInterfaceMessage

UNDEFINED SYMBOLS
u8x8_GetStringLineCnt
u8x8_GetStringLineStart
u8x8_GetUTF8Len
u8x8_DrawUTF8
u8x8_ClearDisplay
u8x8_DrawUTF8Lines
u8x8_DrawUTF8Line
u8x8_GetMenuEvent
